\BOOKMARK [1][-]{section.1}{\376\377\000I\000d\000e\000n\000t\000i\000f\000i\000c\000a\000r\000\040\000l\000a\000s\000\040\000c\000o\000m\000b\000i\000n\000a\000c\000i\000o\000n\000e\000s\000\040\000d\000e\000\040\000d\000i\000r\000e\000c\000t\000o\000r\000\040\000y\000\040\000p\000r\000o\000d\000u\000c\000t\000o\000r\000\040\000c\000o\000n\000\040\000m\000a\000y\000o\000r\000\040\000r\000e\000n\000t\000a\000b\000i\000l\000i\000d\000a\000d\000,\000\040\000c\000a\000l\000c\000u\000l\000a\000n\000d\000o\000\040\000e\000l\000\040\000r\000e\000t\000o\000r\000n\000o\000\040\000d\000e\000\040\000i\000n\000v\000e\000r\000s\000i\000\363\000n\000\040\000\050\000R\000O\000I\000\051\000\040\000p\000r\000o\000m\000e\000d\000i\000o\000\040\000d\000e\000\040\000s\000u\000s\000\040\000p\000r\000o\000y\000e\000c\000t\000o\000s\000,\000\040\000m\000o\000s\000t\000r\000a\000n\000d\000o\000\040\000s\000o\000l\000o\000\040\000e\000l\000\040\000t\000o\000p\000\040\0003\0000\000.}{}% 1
\BOOKMARK [2][-]{subsection.1.1}{\376\377\000D\000e\000s\000c\000r\000i\000p\000c\000i\000\363\000n}{section.1}% 2
\BOOKMARK [2][-]{subsection.1.2}{\376\377\000C\000\363\000d\000i\000g\000o\000\040\000M\000D\000X\000\040\000g\000e\000n\000e\000r\000a\000d\000o}{section.1}% 3
\BOOKMARK [2][-]{subsection.1.3}{\376\377\000R\000e\000s\000u\000l\000t\000a\000d\000o}{section.1}% 4
\BOOKMARK [1][-]{section.2}{\376\377\000D\000e\000t\000e\000r\000m\000i\000n\000a\000\040\000l\000a\000\040\000t\000e\000n\000d\000e\000n\000c\000i\000a\000\040\000d\000e\000\040\000i\000n\000g\000r\000e\000s\000o\000s\000\040\000p\000o\000r\000\040\000p\000r\000o\000d\000u\000c\000t\000o\000r\000a\000\040\000a\000\040\000p\000a\000r\000t\000i\000r\000\040\000d\000e\000\040\000l\000a\000\040\000d\000i\000f\000e\000r\000e\000n\000c\000i\000a\000\040\000e\000n\000t\000r\000e\000\040\000l\000o\000s\000\040\000i\000n\000g\000r\000e\000s\000o\000s\000\040\000a\000c\000t\000u\000a\000l\000e\000s\000\040\000y\000\040\000l\000o\000s\000\040\000i\000n\000g\000r\000e\000s\000o\000s\000\040\000d\000e\000l\000\040\000a\000\361\000o\000\040\000a\000n\000t\000e\000r\000i\000o\000r}{}% 5
\BOOKMARK [2][-]{subsection.2.1}{\376\377\000D\000e\000s\000c\000r\000i\000p\000c\000i\000\363\000n}{section.2}% 6
\BOOKMARK [2][-]{subsection.2.2}{\376\377\000C\000\363\000d\000i\000g\000o\000\040\000M\000D\000X\000\040\000g\000e\000n\000e\000r\000a\000d\000o}{section.2}% 7
\BOOKMARK [2][-]{subsection.2.3}{\376\377\000R\000e\000s\000u\000l\000t\000a\000d\000o}{section.2}% 8
\BOOKMARK [1][-]{section.3}{\376\377\000C\000o\000m\000p\000a\000r\000a\000r\000\040\000e\000l\000\040\000p\000o\000r\000c\000e\000n\000t\000a\000j\000e\000\040\000d\000e\000\040\000m\000e\000r\000c\000a\000d\000o\000\040\000e\000n\000\040\000i\000n\000g\000r\000e\000s\000o\000s\000\040\000d\000e\000\040\000c\000a\000d\000a\000\040\000p\000r\000o\000d\000u\000c\000t\000o\000r\000a\000\040\000p\000o\000r\000\040\000a\000\361\000o\000.\000\040\000M\000u\000e\000s\000t\000r\000a\000\040\000l\000o\000s\000\040\000m\000e\000j\000o\000r\000e\000s\000\040\000p\000o\000r\000c\000e\000n\000t\000a\000j\000e\000s\000\040\000d\000e\000\040\000l\000o\000s\000\040\000\372\000l\000t\000i\000m\000o\000s\000\040\0002\0000\000\040\000a\000\361\000o\000s\000.}{}% 9
\BOOKMARK [2][-]{subsection.3.1}{\376\377\000D\000e\000s\000c\000r\000i\000p\000c\000i\000\363\000n}{section.3}% 10
\BOOKMARK [2][-]{subsection.3.2}{\376\377\000C\000\363\000d\000i\000g\000o\000\040\000M\000D\000X\000\040\000g\000e\000n\000e\000r\000a\000d\000o}{section.3}% 11
\BOOKMARK [2][-]{subsection.3.3}{\376\377\000R\000e\000s\000u\000l\000t\000a\000d\000o}{section.3}% 12
\BOOKMARK [1][-]{section.4}{\376\377\000I\000d\000e\000n\000t\000i\000f\000i\000c\000a\000\040\000l\000o\000s\000\040\000i\000n\000g\000r\000e\000s\000o\000s\000\040\000d\000e\000\040\000l\000a\000s\000\040\000p\000r\000o\000d\000u\000c\000t\000o\000r\000a\000s\000\040\000c\000a\000d\000a\000\040\000a\000\361\000o\000.\000\040\000M\000u\000e\000s\000t\000r\000a\000\040\000l\000o\000s\000\040\000a\000\361\000o\000s\000\040\000c\000o\000n\000\040\000m\000a\000y\000o\000r\000e\000s\000\040\000i\000n\000g\000r\000e\000s\000o\000s\000.}{}% 13
\BOOKMARK [2][-]{subsection.4.1}{\376\377\000D\000e\000s\000c\000r\000i\000p\000c\000i\000\363\000n}{section.4}% 14
\BOOKMARK [2][-]{subsection.4.2}{\376\377\000R\000e\000s\000u\000l\000t\000a\000d\000o}{section.4}% 15
\BOOKMARK [2][-]{subsection.4.3}{\376\377\000C\000\363\000d\000i\000g\000o\000\040\000M\000D\000X\000\040\000g\000e\000n\000e\000r\000a\000d\000o}{section.4}% 16
\BOOKMARK [1][-]{section.5}{\376\377\000E\000v\000a\000l\000u\000a\000r\000\040\000e\000l\000\040\000i\000m\000p\000a\000c\000t\000o\000\040\000d\000e\000\040\000l\000o\000s\000\040\000c\000o\000s\000t\000o\000s\000\040\000e\000n\000\040\000l\000o\000s\000\040\000i\000n\000g\000r\000e\000s\000o\000s\000\040\000d\000e\000\040\000c\000a\000d\000a\000\040\000d\000i\000r\000e\000c\000t\000o\000r\000.\000\040\000M\000u\000e\000s\000t\000r\000a\000\040\000l\000o\000s\000\040\0002\0000\000\040\000d\000i\000r\000e\000c\000t\000o\000r\000e\000s\000\040\000c\000o\000n\000\040\000m\000a\000y\000o\000r\000e\000s\000\040\000b\000e\000n\000e\000f\000i\000c\000i\000o\000s\000.}{}% 17
\BOOKMARK [2][-]{subsection.5.1}{\376\377\000D\000e\000s\000c\000r\000i\000p\000c\000i\000\363\000n}{section.5}% 18
\BOOKMARK [2][-]{subsection.5.2}{\376\377\000R\000e\000s\000u\000l\000t\000a\000d\000o}{section.5}% 19
\BOOKMARK [2][-]{subsection.5.3}{\376\377\000C\000\363\000d\000i\000g\000o\000\040\000M\000D\000X\000\040\000g\000e\000n\000e\000r\000a\000d\000o}{section.5}% 20
