This is pdfTeX, Version 3.141592653-2.6-1.40.26 (TeX Live 2024) (preloaded format=pdflatex 2024.4.30)  14 NOV 2024 10:19
entering extended mode
 restricted \write18 enabled.
 file:line:error style messages enabled.
 %&-line parsing enabled.
**"/Users/luisi/Documents/Master/1. Tecnologías de computación para datos masivos/Apuntes/main.tex"
(/Users/luisi/Documents/Master/1. Tecnologías de computación para datos masivos/Apuntes/main.tex
LaTeX2e <2023-11-01> patch level 1
L3 programming layer <2024-02-20>
(./ClassThesis.cls
Document Class: ClassThesis 2017/08/27 v1.6 LaTeXTemplates.com
(/usr/local/texlive/2024/texmf-dist/tex/latex/etoolbox/etoolbox.sty
Package: etoolbox 2020/10/05 v2.5k e-TeX tools for LaTeX (JAW)
\etb@tempcnta=\count188
) (/usr/local/texlive/2024/texmf-dist/tex/latex/l3packages/xparse/xparse.sty (/usr/local/texlive/2024/texmf-dist/tex/latex/l3kernel/expl3.sty
Package: expl3 2024-02-20 L3 programming layer (loader) 
 (/usr/local/texlive/2024/texmf-dist/tex/latex/l3backend/l3backend-pdftex.def
File: l3backend-pdftex.def 2024-02-20 L3 backend support: PDF output (pdfTeX)
\l__color_backend_stack_int=\count189
\l__pdf_internal_box=\box51
))
Package: xparse 2024-02-18 L3 Experimental document command parser
) (/usr/local/texlive/2024/texmf-dist/tex/latex/base/book.cls
Document Class: book 2023/05/17 v1.4n Standard LaTeX document class
(/usr/local/texlive/2024/texmf-dist/tex/latex/base/bk10.clo
File: bk10.clo 2023/05/17 v1.4n Standard LaTeX file (size option)
)
\c@part=\count190
\c@chapter=\count191
\c@section=\count192
\c@subsection=\count193
\c@subsubsection=\count194
\c@paragraph=\count195
\c@subparagraph=\count196
\c@figure=\count197
\c@table=\count198
\abovecaptionskip=\skip48
\belowcaptionskip=\skip49
\bibindent=\dimen140
) (/usr/local/texlive/2024/texmf-dist/tex/generic/babel/babel.sty
Package: babel 2024/02/07 v24.2 The Babel package
\babel@savecnt=\count199
\U@D=\dimen141
\l@unhyphenated=\language89
 (/usr/local/texlive/2024/texmf-dist/tex/generic/babel/txtbabel.def)
\bbl@readstream=\read2
\bbl@dirlevel=\count266
 (/usr/local/texlive/2024/texmf-dist/tex/generic/babel-english/english.ldf
Language: english 2017/06/06 v3.3r English support from the babel system
Package babel Info: Hyphen rules for 'canadian' set to \l@english
(babel)             (\language0). Reported on input line 102.
Package babel Info: Hyphen rules for 'australian' set to \l@ukenglish
(babel)             (\language23). Reported on input line 105.
Package babel Info: Hyphen rules for 'newzealand' set to \l@ukenglish
(babel)             (\language23). Reported on input line 108.
)) (/usr/local/texlive/2024/texmf-dist/tex/generic/babel/locale/en/babel-english.tex
Package babel Info: Importing font and identification data for english
(babel)             from babel-en.ini. Reported on input line 11.
) (/usr/local/texlive/2024/texmf-dist/tex/latex/koma-script/scrbase.sty
Package: scrbase 2023/07/07 v3.41 KOMA-Script package (KOMA-Script-independent basics and keyval usage)
 (/usr/local/texlive/2024/texmf-dist/tex/latex/koma-script/scrlfile.sty
Package: scrlfile 2023/07/07 v3.41 KOMA-Script package (file load hooks)
 (/usr/local/texlive/2024/texmf-dist/tex/latex/koma-script/scrlfile-hook.sty
Package: scrlfile-hook 2023/07/07 v3.41 KOMA-Script package (using LaTeX hooks)
 (/usr/local/texlive/2024/texmf-dist/tex/latex/koma-script/scrlogo.sty
Package: scrlogo 2023/07/07 v3.41 KOMA-Script package (logo)
))) (/usr/local/texlive/2024/texmf-dist/tex/latex/graphics/keyval.sty
Package: keyval 2022/05/29 v1.15 key=value parser (DPC)
\KV@toks@=\toks17
)
Applying: [2021/05/01] Usage of raw or classic option list on input line 252.
Already applied: [0000/00/00] Usage of raw or classic option list on input line 368.
) (/usr/local/texlive/2024/texmf-dist/tex/latex/koma-script/scrhack.sty
Package: scrhack 2023/07/07 v3.41 KOMA-Script package (hacking other packages)
 (/usr/local/texlive/2024/texmf-dist/tex/latex/koma-script/scrkbase.sty
Package: scrkbase 2023/07/07 v3.41 KOMA-Script package (KOMA-Script-dependent basics and keyval usage)
) (/usr/local/texlive/2024/texmf-dist/tex/latex/xpatch/xpatch.sty
Package: xpatch 2020/03/25 v0.3a Extending etoolbox patching commands
)) (/usr/local/texlive/2024/texmf-dist/tex/latex/setspace/setspace.sty
Package: setspace 2022/12/04 v6.7b set line spacing
)
Package scrhack Info: loading setspace hack on input line 175.
 (/usr/local/texlive/2024/texmf-dist/tex/latex/koma-script/setspace.hak
File: setspace.hak 2023/07/07 v3.41 KOMA-Script scrhack part (hacking package setspace)
) (/usr/local/texlive/2024/texmf-dist/tex/latex/tools/longtable.sty
Package: longtable 2023-11-01 v4.19 Multi-page Table package (DPC)
\LTleft=\skip50
\LTright=\skip51
\LTpre=\skip52
\LTpost=\skip53
\LTchunksize=\count267
\LTcapwidth=\dimen142
\LT@head=\box52
\LT@firsthead=\box53
\LT@foot=\box54
\LT@lastfoot=\box55
\LT@gbox=\box56
\LT@cols=\count268
\LT@rows=\count269
\c@LT@tables=\count270
\c@LT@chunks=\count271
\LT@p@ftn=\toks18
) (/usr/local/texlive/2024/texmf-dist/tex/latex/physics/physics.sty
Package: physics 
 (/usr/local/texlive/2024/texmf-dist/tex/latex/amsmath/amsmath.sty
Package: amsmath 2023/05/13 v2.17o AMS math features
\@mathmargin=\skip54

For additional information on amsmath, use the `?' option.
(/usr/local/texlive/2024/texmf-dist/tex/latex/amsmath/amstext.sty
Package: amstext 2021/08/26 v2.01 AMS text
 (/usr/local/texlive/2024/texmf-dist/tex/latex/amsmath/amsgen.sty
File: amsgen.sty 1999/11/30 v2.0 generic functions
\@emptytoks=\toks19
\ex@=\dimen143
)) (/usr/local/texlive/2024/texmf-dist/tex/latex/amsmath/amsbsy.sty
Package: amsbsy 1999/11/29 v1.2d Bold Symbols
\pmbraise@=\dimen144
) (/usr/local/texlive/2024/texmf-dist/tex/latex/amsmath/amsopn.sty
Package: amsopn 2022/04/08 v2.04 operator names
)
\inf@bad=\count272
LaTeX Info: Redefining \frac on input line 234.
\uproot@=\count273
\leftroot@=\count274
LaTeX Info: Redefining \overline on input line 399.
LaTeX Info: Redefining \colon on input line 410.
\classnum@=\count275
\DOTSCASE@=\count276
LaTeX Info: Redefining \ldots on input line 496.
LaTeX Info: Redefining \dots on input line 499.
LaTeX Info: Redefining \cdots on input line 620.
\Mathstrutbox@=\box57
\strutbox@=\box58
LaTeX Info: Redefining \big on input line 722.
LaTeX Info: Redefining \Big on input line 723.
LaTeX Info: Redefining \bigg on input line 724.
LaTeX Info: Redefining \Bigg on input line 725.
\big@size=\dimen145
LaTeX Font Info:    Redeclaring font encoding OML on input line 743.
LaTeX Font Info:    Redeclaring font encoding OMS on input line 744.
\macc@depth=\count277
LaTeX Info: Redefining \bmod on input line 905.
LaTeX Info: Redefining \pmod on input line 910.
LaTeX Info: Redefining \smash on input line 940.
LaTeX Info: Redefining \relbar on input line 970.
LaTeX Info: Redefining \Relbar on input line 971.
\c@MaxMatrixCols=\count278
\dotsspace@=\muskip16
\c@parentequation=\count279
\dspbrk@lvl=\count280
\tag@help=\toks20
\row@=\count281
\column@=\count282
\maxfields@=\count283
\andhelp@=\toks21
\eqnshift@=\dimen146
\alignsep@=\dimen147
\tagshift@=\dimen148
\tagwidth@=\dimen149
\totwidth@=\dimen150
\lineht@=\dimen151
\@envbody=\toks22
\multlinegap=\skip55
\multlinetaggap=\skip56
\mathdisplay@stack=\toks23
LaTeX Info: Redefining \[ on input line 2953.
LaTeX Info: Redefining \] on input line 2954.
)) (/usr/local/texlive/2024/texmf-dist/tex/latex/siunitx/siunitx.sty
Package: siunitx 2024-02-15 v3.3.12 A comprehensive (SI) units package
\l__siunitx_number_uncert_offset_int=\count284
\l__siunitx_number_exponent_fixed_int=\count285
\l__siunitx_number_min_decimal_int=\count286
\l__siunitx_number_min_integer_int=\count287
\l__siunitx_number_round_precision_int=\count288
\l__siunitx_number_lower_threshold_int=\count289
\l__siunitx_number_upper_threshold_int=\count290
\l__siunitx_number_group_first_int=\count291
\l__siunitx_number_group_size_int=\count292
\l__siunitx_number_group_minimum_int=\count293
\l__siunitx_angle_tmp_dim=\dimen152
\l__siunitx_angle_marker_box=\box59
\l__siunitx_angle_unit_box=\box60
\l__siunitx_compound_count_int=\count294
 (/usr/local/texlive/2024/texmf-dist/tex/latex/translations/translations.sty
Package: translations 2022/02/05 v1.12 internationalization of LaTeX2e packages (CN)
 (/usr/local/texlive/2024/texmf-dist/tex/generic/pdftexcmds/pdftexcmds.sty
Package: pdftexcmds 2020-06-27 v0.33 Utility functions of pdfTeX for LuaTeX (HO)
 (/usr/local/texlive/2024/texmf-dist/tex/generic/infwarerr/infwarerr.sty
Package: infwarerr 2019/12/03 v1.5 Providing info/warning/error messages (HO)
) (/usr/local/texlive/2024/texmf-dist/tex/generic/iftex/iftex.sty
Package: iftex 2022/02/03 v1.0f TeX engine tests
) (/usr/local/texlive/2024/texmf-dist/tex/generic/ltxcmds/ltxcmds.sty
Package: ltxcmds 2023-12-04 v1.26 LaTeX kernel commands for general use (HO)
)
Package pdftexcmds Info: \pdf@primitive is available.
Package pdftexcmds Info: \pdf@ifprimitive is available.
Package pdftexcmds Info: \pdfdraftmode found.
))
\l__siunitx_table_tmp_box=\box61
\l__siunitx_table_tmp_dim=\dimen153
\l__siunitx_table_column_width_dim=\dimen154
\l__siunitx_table_integer_box=\box62
\l__siunitx_table_decimal_box=\box63
\l__siunitx_table_uncert_box=\box64
\l__siunitx_table_before_box=\box65
\l__siunitx_table_after_box=\box66
\l__siunitx_table_before_dim=\dimen155
\l__siunitx_table_carry_dim=\dimen156
\l__siunitx_unit_tmp_int=\count295
\l__siunitx_unit_position_int=\count296
\l__siunitx_unit_total_int=\count297
 (/usr/local/texlive/2024/texmf-dist/tex/latex/tools/array.sty
Package: array 2023/10/16 v2.5g Tabular extension package (FMi)
\col@sep=\dimen157
\ar@mcellbox=\box67
\extrarowheight=\dimen158
\NC@list=\toks24
\extratabsurround=\skip57
\backup@length=\skip58
\ar@cellbox=\box68
)) (/usr/local/texlive/2024/texmf-dist/tex/latex/graphics/graphicx.sty
Package: graphicx 2021/09/16 v1.2d Enhanced LaTeX Graphics (DPC,SPQR)
 (/usr/local/texlive/2024/texmf-dist/tex/latex/graphics/graphics.sty
Package: graphics 2022/03/10 v1.4e Standard LaTeX Graphics (DPC,SPQR)
 (/usr/local/texlive/2024/texmf-dist/tex/latex/graphics/trig.sty
Package: trig 2021/08/11 v1.11 sin cos tan (DPC)
) (/usr/local/texlive/2024/texmf-dist/tex/latex/graphics-cfg/graphics.cfg
File: graphics.cfg 2016/06/04 v1.11 sample graphics configuration
)
Package graphics Info: Driver file: pdftex.def on input line 107.
 (/usr/local/texlive/2024/texmf-dist/tex/latex/graphics-def/pdftex.def
File: pdftex.def 2022/09/22 v1.2b Graphics/color driver for pdftex
))
\Gin@req@height=\dimen159
\Gin@req@width=\dimen160
) (/usr/local/texlive/2024/texmf-dist/tex/latex/booktabs/booktabs.sty
Package: booktabs 2020/01/12 v1.61803398 Publication quality tables
\heavyrulewidth=\dimen161
\lightrulewidth=\dimen162
\cmidrulewidth=\dimen163
\belowrulesep=\dimen164
\belowbottomsep=\dimen165
\aboverulesep=\dimen166
\abovetopsep=\dimen167
\cmidrulesep=\dimen168
\cmidrulekern=\dimen169
\defaultaddspace=\dimen170
\@cmidla=\count298
\@cmidlb=\count299
\@aboverulesep=\dimen171
\@belowrulesep=\dimen172
\@thisruleclass=\count300
\@lastruleclass=\count301
\@thisrulewidth=\dimen173
) (/usr/local/texlive/2024/texmf-dist/tex/latex/caption/caption.sty
Package: caption 2023/08/05 v3.6o Customizing captions (AR)
 (/usr/local/texlive/2024/texmf-dist/tex/latex/caption/caption3.sty
Package: caption3 2023/07/31 v2.4d caption3 kernel (AR)
\caption@tempdima=\dimen174
\captionmargin=\dimen175
\caption@leftmargin=\dimen176
\caption@rightmargin=\dimen177
\caption@width=\dimen178
\caption@indent=\dimen179
\caption@parindent=\dimen180
\caption@hangindent=\dimen181
Package caption Info: Standard document class detected.
)
\c@caption@flags=\count302
\c@continuedfloat=\count303
Package caption Info: longtable package is loaded.
 (/usr/local/texlive/2024/texmf-dist/tex/latex/caption/ltcaption.sty
Package: ltcaption 2021/01/08 v1.4c longtable captions (AR)
)) (/usr/local/texlive/2024/texmf-dist/tex/latex/caption/subcaption.sty
Package: subcaption 2023/07/28 v1.6b Sub-captions (AR)
Package caption Info: New subtype `subfigure' on input line 238.
\c@subfigure=\count304
Package caption Info: New subtype `subtable' on input line 238.
\c@subtable=\count305
) (/usr/local/texlive/2024/texmf-dist/tex/latex/xcolor/xcolor.sty
Package: xcolor 2023/11/15 v3.01 LaTeX color extensions (UK)
 (/usr/local/texlive/2024/texmf-dist/tex/latex/graphics-cfg/color.cfg
File: color.cfg 2016/01/02 v1.6 sample color configuration
)
Package xcolor Info: Driver file: pdftex.def on input line 274.
 (/usr/local/texlive/2024/texmf-dist/tex/latex/graphics/mathcolor.ltx)
Package xcolor Info: Model `cmy' substituted by `cmy0' on input line 1350.
Package xcolor Info: Model `hsb' substituted by `rgb' on input line 1354.
Package xcolor Info: Model `RGB' extended on input line 1366.
Package xcolor Info: Model `HTML' substituted by `rgb' on input line 1368.
Package xcolor Info: Model `Hsb' substituted by `hsb' on input line 1369.
Package xcolor Info: Model `tHsb' substituted by `hsb' on input line 1370.
Package xcolor Info: Model `HSB' substituted by `hsb' on input line 1371.
Package xcolor Info: Model `Gray' substituted by `gray' on input line 1372.
Package xcolor Info: Model `wave' substituted by `hsb' on input line 1373.
) (/usr/local/texlive/2024/texmf-dist/tex/latex/colortbl/colortbl.sty
Package: colortbl 2024/02/20 v1.0g Color table columns (DPC)
\everycr=\toks25
\minrowclearance=\skip59
\rownum=\count306
) (/usr/local/texlive/2024/texmf-dist/tex/latex/geometry/geometry.sty
Package: geometry 2020/01/02 v5.9 Page Geometry
 (/usr/local/texlive/2024/texmf-dist/tex/generic/iftex/ifvtex.sty
Package: ifvtex 2019/10/25 v1.7 ifvtex legacy package. Use iftex instead.
)
\Gm@cnth=\count307
\Gm@cntv=\count308
\c@Gm@tempcnt=\count309
\Gm@bindingoffset=\dimen182
\Gm@wd@mp=\dimen183
\Gm@odd@mp=\dimen184
\Gm@even@mp=\dimen185
\Gm@layoutwidth=\dimen186
\Gm@layoutheight=\dimen187
\Gm@layouthoffset=\dimen188
\Gm@layoutvoffset=\dimen189
\Gm@dimlist=\toks26
) (/usr/local/texlive/2024/texmf-dist/tex/latex/koma-script/scrlayer-scrpage.sty
Package: scrlayer-scrpage 2023/07/07 v3.41 KOMA-Script package (end user interface for scrlayer)
 (/usr/local/texlive/2024/texmf-dist/tex/latex/koma-script/scrlayer.sty
Package: scrlayer 2023/07/07 v3.41 KOMA-Script package (defining layers and page styles)
\footheight=\skip60
Package scrlayer Info: patching LaTeX kernel macro \pagestyle on input line 2183.
)
Package scrbase Info: Unknown processing state.
(scrbase)             Processing option `markcase=used'
(scrbase)             of member `.scrlayer-scrpage.sty' of family
(scrbase)             `KOMA' doesn't set
(scrbase)             a valid state. This will be interpreted
(scrbase)             as \FamilyKeyStateProcessed on input line 649.
)
1: chapter
1: chapter
1: section
) (./tex/preambulo.tex (/usr/local/texlive/2024/texmf-dist/tex/latex/base/inputenc.sty
Package: inputenc 2021/02/14 v1.3d Input encoding file
\inpenc@prehook=\toks27
\inpenc@posthook=\toks28
) (/usr/local/texlive/2024/texmf-dist/tex/latex/base/fontenc.sty
Package: fontenc 2021/04/29 v2.0v Standard LaTeX package
) (/usr/local/texlive/2024/texmf-dist/tex/latex/psnfss/mathptmx.sty
Package: mathptmx 2020/03/25 PSNFSS-v9.3 Times w/ Math, improved (SPQR, WaS) 
LaTeX Font Info:    Redeclaring symbol font `operators' on input line 28.
LaTeX Font Info:    Overwriting symbol font `operators' in version `normal'
(Font)                  OT1/cmr/m/n --> OT1/ztmcm/m/n on input line 28.
LaTeX Font Info:    Overwriting symbol font `operators' in version `bold'
(Font)                  OT1/cmr/bx/n --> OT1/ztmcm/m/n on input line 28.
LaTeX Font Info:    Redeclaring symbol font `letters' on input line 29.
LaTeX Font Info:    Overwriting symbol font `letters' in version `normal'
(Font)                  OML/cmm/m/it --> OML/ztmcm/m/it on input line 29.
LaTeX Font Info:    Overwriting symbol font `letters' in version `bold'
(Font)                  OML/cmm/b/it --> OML/ztmcm/m/it on input line 29.
LaTeX Font Info:    Redeclaring symbol font `symbols' on input line 30.
LaTeX Font Info:    Overwriting symbol font `symbols' in version `normal'
(Font)                  OMS/cmsy/m/n --> OMS/ztmcm/m/n on input line 30.
LaTeX Font Info:    Overwriting symbol font `symbols' in version `bold'
(Font)                  OMS/cmsy/b/n --> OMS/ztmcm/m/n on input line 30.
LaTeX Font Info:    Redeclaring symbol font `largesymbols' on input line 31.
LaTeX Font Info:    Overwriting symbol font `largesymbols' in version `normal'
(Font)                  OMX/cmex/m/n --> OMX/ztmcm/m/n on input line 31.
LaTeX Font Info:    Overwriting symbol font `largesymbols' in version `bold'
(Font)                  OMX/cmex/m/n --> OMX/ztmcm/m/n on input line 31.
\symbold=\mathgroup4
\symitalic=\mathgroup5
LaTeX Font Info:    Redeclaring math alphabet \mathbf on input line 34.
LaTeX Font Info:    Overwriting math alphabet `\mathbf' in version `normal'
(Font)                  OT1/cmr/bx/n --> OT1/ptm/bx/n on input line 34.
LaTeX Font Info:    Overwriting math alphabet `\mathbf' in version `bold'
(Font)                  OT1/cmr/bx/n --> OT1/ptm/bx/n on input line 34.
LaTeX Font Info:    Redeclaring math alphabet \mathit on input line 35.
LaTeX Font Info:    Overwriting math alphabet `\mathit' in version `normal'
(Font)                  OT1/cmr/m/it --> OT1/ptm/m/it on input line 35.
LaTeX Font Info:    Overwriting math alphabet `\mathit' in version `bold'
(Font)                  OT1/cmr/bx/it --> OT1/ptm/m/it on input line 35.
LaTeX Info: Redefining \hbar on input line 50.
) (/usr/local/texlive/2024/texmf-dist/tex/latex/microtype/microtype.sty
Package: microtype 2023/03/13 v3.1a Micro-typographical refinements (RS)
\MT@toks=\toks29
\MT@tempbox=\box69
\MT@count=\count310
LaTeX Info: Redefining \noprotrusionifhmode on input line 1059.
LaTeX Info: Redefining \leftprotrusion on input line 1060.
\MT@prot@toks=\toks30
LaTeX Info: Redefining \rightprotrusion on input line 1078.
LaTeX Info: Redefining \textls on input line 1368.
\MT@outer@kern=\dimen190
LaTeX Info: Redefining \textmicrotypecontext on input line 1988.
\MT@listname@count=\count311
 (/usr/local/texlive/2024/texmf-dist/tex/latex/microtype/microtype-pdftex.def
File: microtype-pdftex.def 2023/03/13 v3.1a Definitions specific to pdftex (RS)
LaTeX Info: Redefining \lsstyle on input line 902.
LaTeX Info: Redefining \lslig on input line 902.
\MT@outer@space=\skip61
)
Package microtype Info: Loading configuration file microtype.cfg.
 (/usr/local/texlive/2024/texmf-dist/tex/latex/microtype/microtype.cfg
File: microtype.cfg 2023/03/13 v3.1a microtype main configuration file (RS)
)) (/usr/local/texlive/2024/texmf-dist/tex/latex/mathtools/mathtools.sty
Package: mathtools 2024/03/11 v1.30 mathematical typesetting tools
 (/usr/local/texlive/2024/texmf-dist/tex/latex/tools/calc.sty
Package: calc 2023/07/08 v4.3 Infix arithmetic (KKT,FJ)
\calc@Acount=\count312
\calc@Bcount=\count313
\calc@Adimen=\dimen191
\calc@Bdimen=\dimen192
\calc@Askip=\skip62
\calc@Bskip=\skip63
LaTeX Info: Redefining \setlength on input line 80.
LaTeX Info: Redefining \addtolength on input line 81.
\calc@Ccount=\count314
\calc@Cskip=\skip64
) (/usr/local/texlive/2024/texmf-dist/tex/latex/mathtools/mhsetup.sty
Package: mhsetup 2021/03/18 v1.4 programming setup (MH)
)
\g_MT_multlinerow_int=\count315
\l_MT_multwidth_dim=\dimen193
\origjot=\skip65
\l_MT_shortvdotswithinadjustabove_dim=\dimen194
\l_MT_shortvdotswithinadjustbelow_dim=\dimen195
\l_MT_above_intertext_sep=\dimen196
\l_MT_below_intertext_sep=\dimen197
\l_MT_above_shortintertext_sep=\dimen198
\l_MT_below_shortintertext_sep=\dimen199
\xmathstrut@box=\box70
\xmathstrut@dim=\dimen256
) (/usr/local/texlive/2024/texmf-dist/tex/latex/amsfonts/amssymb.sty
Package: amssymb 2013/01/14 v3.01 AMS font symbols
 (/usr/local/texlive/2024/texmf-dist/tex/latex/amsfonts/amsfonts.sty
Package: amsfonts 2013/01/14 v3.01 Basic AMSFonts support
\symAMSa=\mathgroup6
\symAMSb=\mathgroup7
LaTeX Font Info:    Overwriting math alphabet `\mathfrak' in version `bold'
(Font)                  U/euf/m/n --> U/euf/b/n on input line 106.
)) (/usr/local/texlive/2024/texmf-dist/tex/latex/amscls/amsthm.sty
Package: amsthm 2020/05/29 v2.20.6
\thm@style=\toks31
\thm@bodyfont=\toks32
\thm@headfont=\toks33
\thm@notefont=\toks34
\thm@headpunct=\toks35
\thm@preskip=\skip66
\thm@postskip=\skip67
\thm@headsep=\skip68
\dth@everypar=\toks36
) (/usr/local/texlive/2024/texmf-dist/tex/latex/jknapltx/mathrsfs.sty
Package: mathrsfs 1996/01/01 Math RSFS package v1.0 (jk)
\symrsfs=\mathgroup8
) (/usr/local/texlive/2024/texmf-dist/tex/latex/tensor/tensor.sty
Package: tensor 2023/07/18 v2.2 tensor indices package (PGR)
\tnsr@Sps=\toks37
\tnsr@Sbs=\toks38
\tnsr@Spe=\toks39
\tnsr@Sbe=\toks40
\ncld@Mno=\toks41
) (/usr/local/texlive/2024/texmf-dist/tex/latex/cancel/cancel.sty
Package: cancel 2013/04/12 v2.2 Cancel math terms
) (/usr/local/texlive/2024/texmf-dist/tex/latex/doublestroke/dsfont.sty
Package: dsfont 1995/08/01 v0.1 Double stroke roman fonts
) (/usr/local/texlive/2024/texmf-dist/tex/latex/multirow/multirow.sty
Package: multirow 2021/03/15 v2.8 Span multiple rows of a table
\multirow@colwidth=\skip69
\multirow@cntb=\count316
\multirow@dima=\skip70
\bigstrutjot=\dimen257
) (/usr/local/texlive/2024/texmf-dist/tex/latex/blkarray/blkarray.sty
Package: blkarray 2015/02/27 v0.07 Block array (dpc)
\c@BAenumi=\count317
\BA@col=\count318
\BA@block@cnt=\count319
\BA@final@box=\box71
\BA@first@box=\box72
\BA@colsep=\dimen258
\BA@ftn=\toks42
\BAextrarowheight=\dimen259
\BAextraheightafterhline=\dimen260
\BAarrayrulewidth=\dimen261
\BAdoublerulesep=\dimen262
\BAfootskip=\dimen263
\BA@dashbox=\box73
\BA@ddashbox=\box74
) (/usr/local/texlive/2024/texmf-dist/tex/latex/mdwtools/footnote.sty
Package: footnote 1997/01/28 1.13 Save footnotes around boxes
\fn@notes=\box75
\fn@width=\dimen264
) (/usr/local/texlive/2024/texmf-dist/tex/latex/tools/multicol.sty
Package: multicol 2023/03/30 v1.9f multicolumn formatting (FMi)
\c@tracingmulticols=\count320
\mult@box=\box76
\multicol@leftmargin=\dimen265
\c@unbalance=\count321
\c@collectmore=\count322
\doublecol@number=\count323
\multicoltolerance=\count324
\multicolpretolerance=\count325
\full@width=\dimen266
\page@free=\dimen267
\premulticols=\dimen268
\postmulticols=\dimen269
\multicolsep=\skip71
\multicolbaselineskip=\skip72
\partial@page=\box77
\last@line=\box78
\mc@boxedresult=\box79
\maxbalancingoverflow=\dimen270
\mult@rightbox=\box80
\mult@grightbox=\box81
\mult@firstbox=\box82
\mult@gfirstbox=\box83
\@tempa=\box84
\@tempa=\box85
\@tempa=\box86
\@tempa=\box87
\@tempa=\box88
\@tempa=\box89
\@tempa=\box90
\@tempa=\box91
\@tempa=\box92
\@tempa=\box93
\@tempa=\box94
\@tempa=\box95
\@tempa=\box96
\@tempa=\box97
\@tempa=\box98
\@tempa=\box99
\@tempa=\box100
\@tempa=\box101
\@tempa=\box102
\@tempa=\box103
\@tempa=\box104
\@tempa=\box105
\@tempa=\box106
\@tempa=\box107
\@tempa=\box108
\@tempa=\box109
\@tempa=\box110
\@tempa=\box111
\@tempa=\box112
\@tempa=\box113
\@tempa=\box114
\@tempa=\box115
\@tempa=\box116
\@tempa=\box117
\@tempa=\box118
\@tempa=\box119
\c@minrows=\count326
\c@columnbadness=\count327
\c@finalcolumnbadness=\count328
\last@try=\dimen271
\multicolovershoot=\dimen272
\multicolundershoot=\dimen273
\mult@nat@firstbox=\box120
\colbreak@box=\box121
\mc@col@check@num=\count329
) (/usr/local/texlive/2024/texmf-dist/tex/latex/float/float.sty
Package: float 2001/11/08 v1.3d Float enhancements (AL)
\c@float@type=\count330
\float@exts=\toks43
\float@box=\box122
\@float@everytoks=\toks44
\@floatcapt=\box123
)
Package scrhack Info: loading float hack on input line 24.
 (/usr/local/texlive/2024/texmf-dist/tex/latex/koma-script/float.hak
File: float.hak 2023/07/07 v3.41 KOMA-Script scrhack part (hacking package float)
 (/usr/local/texlive/2024/texmf-dist/tex/latex/koma-script/tocbasic.sty
Package: tocbasic 2023/07/07 v3.41 KOMA-Script package (handling toc-files)
\scr@dte@tocline@numberwidth=\skip73
\scr@dte@tocline@numbox=\box124
)
Package scrhack Info: redefining \newfloat on input line 163.
Package scrhack Info: redefining \listof on input line 163.
Package scrhack Info: undefining \float@addtolists on input line 163.
) (/usr/local/texlive/2024/texmf-dist/tex/latex/chngcntr/chngcntr.sty
Package: chngcntr 2018/04/09 v1.1a change counter resetting
Package chngcntr Info: \counterwithout already defined.
(chngcntr)             Quitting chngcntr on input line 21.
)
\c@theorem=\count331
\c@example=\count332
\c@lemma=\count333
\c@definition=\count334
\c@comentario=\count335
) (/usr/local/texlive/2024/texmf-dist/tex/latex/biblatex/biblatex.sty
Package: biblatex 2023/03/05 v3.19 programmable bibliographies (PK/MW)
 (/usr/local/texlive/2024/texmf-dist/tex/latex/kvoptions/kvoptions.sty
Package: kvoptions 2022-06-15 v3.15 Key value format for package options (HO)
 (/usr/local/texlive/2024/texmf-dist/tex/latex/kvsetkeys/kvsetkeys.sty
Package: kvsetkeys 2022-10-05 v1.19 Key value parser (HO)
)) (/usr/local/texlive/2024/texmf-dist/tex/latex/logreq/logreq.sty
Package: logreq 2010/08/04 v1.0 xml request logger
\lrq@indent=\count336
 (/usr/local/texlive/2024/texmf-dist/tex/latex/logreq/logreq.def
File: logreq.def 2010/08/04 v1.0 logreq spec v1.0
)) (/usr/local/texlive/2024/texmf-dist/tex/latex/base/ifthen.sty
Package: ifthen 2022/04/13 v1.1d Standard LaTeX ifthen package (DPC)
) (/usr/local/texlive/2024/texmf-dist/tex/latex/url/url.sty
\Urlmuskip=\muskip17
Package: url 2013/09/16  ver 3.4  Verb mode for urls, etc.
)
\c@tabx@nest=\count337
\c@listtotal=\count338
\c@listcount=\count339
\c@liststart=\count340
\c@liststop=\count341
\c@citecount=\count342
\c@citetotal=\count343
\c@multicitecount=\count344
\c@multicitetotal=\count345
\c@instcount=\count346
\c@maxnames=\count347
\c@minnames=\count348
\c@maxitems=\count349
\c@minitems=\count350
\c@citecounter=\count351
\c@maxcitecounter=\count352
\c@savedcitecounter=\count353
\c@uniquelist=\count354
\c@uniquename=\count355
\c@refsection=\count356
\c@refsegment=\count357
\c@maxextratitle=\count358
\c@maxextratitleyear=\count359
\c@maxextraname=\count360
\c@maxextradate=\count361
\c@maxextraalpha=\count362
\c@abbrvpenalty=\count363
\c@highnamepenalty=\count364
\c@lownamepenalty=\count365
\c@maxparens=\count366
\c@parenlevel=\count367
\blx@tempcnta=\count368
\blx@tempcntb=\count369
\blx@tempcntc=\count370
\c@blx@maxsection=\count371
\blx@maxsegment@0=\count372
\blx@notetype=\count373
\blx@parenlevel@text=\count374
\blx@parenlevel@foot=\count375
\blx@sectionciteorder@0=\count376
\blx@sectionciteorderinternal@0=\count377
\blx@entrysetcounter=\count378
\blx@biblioinstance=\count379
\labelnumberwidth=\skip74
\labelalphawidth=\skip75
\biblabelsep=\skip76
\bibitemsep=\skip77
\bibnamesep=\skip78
\bibinitsep=\skip79
\bibparsep=\skip80
\bibhang=\skip81
\blx@bcfin=\read3
\blx@bcfout=\write3
\blx@langwohyphens=\language90
\c@mincomprange=\count380
\c@maxcomprange=\count381
\c@mincompwidth=\count382
Package biblatex Info: Trying to load biblatex default data model...
Package biblatex Info: ... file 'blx-dm.def' found.
 (/usr/local/texlive/2024/texmf-dist/tex/latex/biblatex/blx-dm.def
File: blx-dm.def 2023/03/05 v3.19 biblatex localization (PK/MW)
)
Package biblatex Info: Trying to load biblatex style data model...
Package biblatex Info: ... file 'authoryear.dbx' not found.
Package biblatex Info: Trying to load biblatex custom data model...
Package biblatex Info: ... file 'biblatex-dm.cfg' not found.
\c@afterword=\count383
\c@savedafterword=\count384
\c@annotator=\count385
\c@savedannotator=\count386
\c@author=\count387
\c@savedauthor=\count388
\c@bookauthor=\count389
\c@savedbookauthor=\count390
\c@commentator=\count391
\c@savedcommentator=\count392
\c@editor=\count393
\c@savededitor=\count394
\c@editora=\count395
\c@savededitora=\count396
\c@editorb=\count397
\c@savededitorb=\count398
\c@editorc=\count399
\c@savededitorc=\count400
\c@foreword=\count401
\c@savedforeword=\count402
\c@holder=\count403
\c@savedholder=\count404
\c@introduction=\count405
\c@savedintroduction=\count406
\c@namea=\count407
\c@savednamea=\count408
\c@nameb=\count409
\c@savednameb=\count410
\c@namec=\count411
\c@savednamec=\count412
\c@translator=\count413
\c@savedtranslator=\count414
\c@shortauthor=\count415
\c@savedshortauthor=\count416
\c@shorteditor=\count417
\c@savedshorteditor=\count418
\c@labelname=\count419
\c@savedlabelname=\count420
\c@institution=\count421
\c@savedinstitution=\count422
\c@lista=\count423
\c@savedlista=\count424
\c@listb=\count425
\c@savedlistb=\count426
\c@listc=\count427
\c@savedlistc=\count428
\c@listd=\count429
\c@savedlistd=\count430
\c@liste=\count431
\c@savedliste=\count432
\c@listf=\count433
\c@savedlistf=\count434
\c@location=\count435
\c@savedlocation=\count436
\c@organization=\count437
\c@savedorganization=\count438
\c@origlocation=\count439
\c@savedoriglocation=\count440
\c@origpublisher=\count441
\c@savedorigpublisher=\count442
\c@publisher=\count443
\c@savedpublisher=\count444
\c@language=\count445
\c@savedlanguage=\count446
\c@origlanguage=\count447
\c@savedoriglanguage=\count448
\c@pageref=\count449
\c@savedpageref=\count450
\shorthandwidth=\skip82
\shortjournalwidth=\skip83
\shortserieswidth=\skip84
\shorttitlewidth=\skip85
\shortauthorwidth=\skip86
\shorteditorwidth=\skip87
\locallabelnumberwidth=\skip88
\locallabelalphawidth=\skip89
\localshorthandwidth=\skip90
\localshortjournalwidth=\skip91
\localshortserieswidth=\skip92
\localshorttitlewidth=\skip93
\localshortauthorwidth=\skip94
\localshorteditorwidth=\skip95
Package biblatex Info: Trying to load compatibility code...
Package biblatex Info: ... file 'blx-compat.def' found.
 (/usr/local/texlive/2024/texmf-dist/tex/latex/biblatex/blx-compat.def
File: blx-compat.def 2023/03/05 v3.19 biblatex compatibility (PK/MW)
)
Package biblatex Info: Trying to load BibTeX backend compatibility...
Package biblatex Info: ... file 'blx-bibtex.def' found.
 (/usr/local/texlive/2024/texmf-dist/tex/latex/biblatex/blx-bibtex.def
File: blx-bibtex.def 2023/03/05 v3.19 biblatex compatibility (PK/MW)


Package biblatex Warning: Using fall-back bibtex backend:
(biblatex)                functionality may be reduced/unavailable.

)
Package biblatex Info: Trying to load generic definitions...
Package biblatex Info: ... file 'biblatex.def' found.
 (/usr/local/texlive/2024/texmf-dist/tex/latex/biblatex/biblatex.def
File: biblatex.def 2023/03/05 v3.19 biblatex compatibility (PK/MW)
\c@textcitecount=\count451
\c@textcitetotal=\count452
\c@textcitemaxnames=\count453
\c@biburlbigbreakpenalty=\count454
\c@biburlbreakpenalty=\count455
\c@biburlnumpenalty=\count456
\c@biburlucpenalty=\count457
\c@biburllcpenalty=\count458
\biburlbigskip=\muskip18
\biburlnumskip=\muskip19
\biburlucskip=\muskip20
\biburllcskip=\muskip21
\c@smartand=\count459
)
Package biblatex Info: Trying to load natbib compatibility...
Package biblatex Info: ... file 'blx-natbib.def' found.
 (/usr/local/texlive/2024/texmf-dist/tex/latex/biblatex/blx-natbib.def
File: blx-natbib.def 2023/03/05 v3.19 biblatex compatibility (PK/MW)
Package biblatex Info: Delimiter 'nameyeardelim' in context '' already defined, overwriting.
)
Package biblatex Info: Trying to load bibliography style 'authoryear'...
Package biblatex Info: ... file 'authoryear.bbx' found.
 (/usr/local/texlive/2024/texmf-dist/tex/latex/biblatex/bbx/authoryear.bbx
File: authoryear.bbx 2023/03/05 v3.19 biblatex bibliography style (PK/MW)
Package biblatex Info: Trying to load bibliography style 'standard'...
Package biblatex Info: ... file 'standard.bbx' found.
 (/usr/local/texlive/2024/texmf-dist/tex/latex/biblatex/bbx/standard.bbx
File: standard.bbx 2023/03/05 v3.19 biblatex bibliography style (PK/MW)
\c@bbx:relatedcount=\count460
\c@bbx:relatedtotal=\count461
))
Package biblatex Info: Trying to load citation style 'authoryear'...
Package biblatex Info: ... file 'authoryear.cbx' found.
 (/usr/local/texlive/2024/texmf-dist/tex/latex/biblatex/cbx/authoryear.cbx
File: authoryear.cbx 2023/03/05 v3.19 biblatex citation style (PK/MW)
Package biblatex Info: Redefining '\cite'.
Package biblatex Info: Redefining '\parencite'.
Package biblatex Info: Redefining '\footcite'.
Package biblatex Info: Redefining '\footcitetext'.
Package biblatex Info: Redefining '\smartcite'.
Package biblatex Info: Redefining '\textcite'.
Package biblatex Info: Redefining '\textcites'.
)
Package biblatex Info: Trying to load configuration file...
Package biblatex Info: ... file 'biblatex.cfg' found.
 (/usr/local/texlive/2024/texmf-dist/tex/latex/biblatex/biblatex.cfg
File: biblatex.cfg 
)
Package biblatex Info: Input encoding 'utf8' detected.
Package biblatex Info: Document encoding is UTF8 ....
Package biblatex Info: ... and expl3
(biblatex)             2024-02-20 L3 programming layer (loader) 
(biblatex)             is new enough (at least 2020/04/06),
(biblatex)             setting 'casechanger=expl3'.
 (/usr/local/texlive/2024/texmf-dist/tex/latex/biblatex/blx-case-expl3.sty
Package: blx-case-expl3 2023/03/05 v3.19 expl3 case changing code for biblatex
)) (/usr/local/texlive/2024/texmf-dist/tex/latex/csquotes/csquotes.sty
Package: csquotes 2022-09-14 v5.2n context-sensitive quotations (JAW)
\csq@reset=\count462
\csq@gtype=\count463
\csq@glevel=\count464
\csq@qlevel=\count465
\csq@maxlvl=\count466
\csq@tshold=\count467
\csq@ltx@everypar=\toks45
 (/usr/local/texlive/2024/texmf-dist/tex/latex/csquotes/csquotes.def
File: csquotes.def 2022-09-14 v5.2n csquotes generic definitions (JAW)
)
Package csquotes Info: Trying to load configuration file 'csquotes.cfg'...
Package csquotes Info: ... configuration file loaded successfully.
 (/usr/local/texlive/2024/texmf-dist/tex/latex/csquotes/csquotes.cfg
File: csquotes.cfg 
)
Package csquotes Info: Enabling multilingual quotes.
) (/usr/local/texlive/2024/texmf-dist/tex/latex/listings/listings.sty
\lst@mode=\count468
\lst@gtempboxa=\box125
\lst@token=\toks46
\lst@length=\count469
\lst@currlwidth=\dimen274
\lst@column=\count470
\lst@pos=\count471
\lst@lostspace=\dimen275
\lst@width=\dimen276
\lst@newlines=\count472
\lst@lineno=\count473
\lst@maxwidth=\dimen277
 (/usr/local/texlive/2024/texmf-dist/tex/latex/listings/lstpatch.sty
File: lstpatch.sty 2024/02/21 1.10 (Carsten Heinz)
) (/usr/local/texlive/2024/texmf-dist/tex/latex/listings/lstmisc.sty
File: lstmisc.sty 2024/02/21 1.10 (Carsten Heinz)
\c@lstnumber=\count474
\lst@skipnumbers=\count475
\lst@framebox=\box126
) (/usr/local/texlive/2024/texmf-dist/tex/latex/listings/listings.cfg
File: listings.cfg 2024/02/21 1.10 listings configuration
))
Package scrhack Info: loading listings hack on input line 15.
 (/usr/local/texlive/2024/texmf-dist/tex/latex/koma-script/listings.hak
File: listings.hak 2023/07/07 v3.41 KOMA-Script scrhack part (hacking package listings)


Package scrhack Warning: unknown \lstlistoflistings definition found!
(scrhack)                Maybe you are using a unsupported listings version.

)
Package: listings 2024/02/21 1.10 (Carsten Heinz)
 (/usr/local/texlive/2024/texmf-dist/tex/latex/hyperref/hyperref.sty
Package: hyperref 2024-01-20 v7.01h Hypertext links for LaTeX
 (/usr/local/texlive/2024/texmf-dist/tex/generic/kvdefinekeys/kvdefinekeys.sty
Package: kvdefinekeys 2019-12-19 v1.6 Define keys (HO)
) (/usr/local/texlive/2024/texmf-dist/tex/generic/pdfescape/pdfescape.sty
Package: pdfescape 2019/12/09 v1.15 Implements pdfTeX's escape features (HO)
) (/usr/local/texlive/2024/texmf-dist/tex/latex/hycolor/hycolor.sty
Package: hycolor 2020-01-27 v1.10 Color options for hyperref/bookmark (HO)
) (/usr/local/texlive/2024/texmf-dist/tex/latex/auxhook/auxhook.sty
Package: auxhook 2019-12-17 v1.6 Hooks for auxiliary files (HO)
) (/usr/local/texlive/2024/texmf-dist/tex/latex/hyperref/nameref.sty
Package: nameref 2023-11-26 v2.56 Cross-referencing by name of section
 (/usr/local/texlive/2024/texmf-dist/tex/latex/refcount/refcount.sty
Package: refcount 2019/12/15 v3.6 Data extraction from label references (HO)
) (/usr/local/texlive/2024/texmf-dist/tex/generic/gettitlestring/gettitlestring.sty
Package: gettitlestring 2019/12/15 v1.6 Cleanup title references (HO)
)
\c@section@level=\count476
)
\@linkdim=\dimen278
\Hy@linkcounter=\count477
\Hy@pagecounter=\count478
 (/usr/local/texlive/2024/texmf-dist/tex/latex/hyperref/pd1enc.def
File: pd1enc.def 2024-01-20 v7.01h Hyperref: PDFDocEncoding definition (HO)
Now handling font encoding PD1 ...
... no UTF-8 mapping file for font encoding PD1
) (/usr/local/texlive/2024/texmf-dist/tex/generic/intcalc/intcalc.sty
Package: intcalc 2019/12/15 v1.3 Expandable calculations with integers (HO)
)
\Hy@SavedSpaceFactor=\count479
 (/usr/local/texlive/2024/texmf-dist/tex/latex/hyperref/puenc.def
File: puenc.def 2024-01-20 v7.01h Hyperref: PDF Unicode definition (HO)
Now handling font encoding PU ...
... no UTF-8 mapping file for font encoding PU
)
Package hyperref Info: Hyper figures OFF on input line 4179.
Package hyperref Info: Link nesting OFF on input line 4184.
Package hyperref Info: Hyper index ON on input line 4187.
Package hyperref Info: Plain pages OFF on input line 4194.
Package hyperref Info: Backreferencing OFF on input line 4199.
Package hyperref Info: Implicit mode ON; LaTeX internals redefined.
Package hyperref Info: Bookmarks ON on input line 4446.
\c@Hy@tempcnt=\count480
LaTeX Info: Redefining \url on input line 4784.
\XeTeXLinkMargin=\dimen279
 (/usr/local/texlive/2024/texmf-dist/tex/generic/bitset/bitset.sty
Package: bitset 2019/12/09 v1.3 Handle bit-vector datatype (HO)
 (/usr/local/texlive/2024/texmf-dist/tex/generic/bigintcalc/bigintcalc.sty
Package: bigintcalc 2019/12/15 v1.5 Expandable calculations on big integers (HO)
))
\Fld@menulength=\count481
\Field@Width=\dimen280
\Fld@charsize=\dimen281
Package hyperref Info: Hyper figures OFF on input line 6063.
Package hyperref Info: Link nesting OFF on input line 6068.
Package hyperref Info: Hyper index ON on input line 6071.
Package hyperref Info: backreferencing OFF on input line 6078.
Package hyperref Info: Link coloring OFF on input line 6083.
Package hyperref Info: Link coloring with OCG OFF on input line 6088.
Package hyperref Info: PDF/A mode OFF on input line 6093.
 (/usr/local/texlive/2024/texmf-dist/tex/latex/base/atbegshi-ltx.sty
Package: atbegshi-ltx 2021/01/10 v1.0c Emulation of the original atbegshi
package with kernel methods
)
\Hy@abspage=\count482
\c@Item=\count483
\c@Hfootnote=\count484
)
Package scrhack Info: hyperref hack deactivated because of
(scrhack)             detection of hyperref version, that doesn't
(scrhack)             need that hack, on input line 69.
Package hyperref Info: Driver (autodetected): hpdftex.
 (/usr/local/texlive/2024/texmf-dist/tex/latex/hyperref/hpdftex.def
File: hpdftex.def 2024-01-20 v7.01h Hyperref driver for pdfTeX
 (/usr/local/texlive/2024/texmf-dist/tex/latex/base/atveryend-ltx.sty
Package: atveryend-ltx 2020/08/19 v1.0a Emulation of the original atveryend package
with kernel methods
)
\Fld@listcount=\count485
\c@bookmark@seq@number=\count486
 (/usr/local/texlive/2024/texmf-dist/tex/latex/rerunfilecheck/rerunfilecheck.sty
Package: rerunfilecheck 2022-07-10 v1.10 Rerun checks for auxiliary files (HO)
 (/usr/local/texlive/2024/texmf-dist/tex/generic/uniquecounter/uniquecounter.sty
Package: uniquecounter 2019/12/15 v1.4 Provide unlimited unique counter (HO)
)
Package uniquecounter Info: New unique counter `rerunfilecheck' on input line 285.
)
\Hy@SectionHShift=\skip96
)
Package hyperref Info: Option `bookmarksopen' set `true' on input line 69.
Package hyperref Info: Option `hypertexnames' set `false' on input line 69.
Package hyperref Info: Option `colorlinks' set `true' on input line 69.
Package hyperref Info: Option `unicode' set `true' on input line 69.
Package hyperref Info: Option `breaklinks' set `true' on input line 69.
Package csquotes Info: Checking for multilingual support...
Package csquotes Info: ... found 'babel' package.
LaTeX Font Info:    Trying to load font information for T1+ptm on input line 69.
 (/usr/local/texlive/2024/texmf-dist/tex/latex/psnfss/t1ptm.fd
File: t1ptm.fd 2001/06/04 font definitions for T1/ptm.
)
No file main.aux.
\openout1 = `main.aux'.

LaTeX Font Info:    Checking defaults for OML/cmm/m/it on input line 69.
LaTeX Font Info:    ... okay on input line 69.
LaTeX Font Info:    Checking defaults for OMS/cmsy/m/n on input line 69.
LaTeX Font Info:    ... okay on input line 69.
LaTeX Font Info:    Checking defaults for OT1/cmr/m/n on input line 69.
LaTeX Font Info:    ... okay on input line 69.
LaTeX Font Info:    Checking defaults for T1/cmr/m/n on input line 69.
LaTeX Font Info:    ... okay on input line 69.
LaTeX Font Info:    Checking defaults for TS1/cmr/m/n on input line 69.
LaTeX Font Info:    ... okay on input line 69.
LaTeX Font Info:    Checking defaults for OMX/cmex/m/n on input line 69.
LaTeX Font Info:    ... okay on input line 69.
LaTeX Font Info:    Checking defaults for U/cmr/m/n on input line 69.
LaTeX Font Info:    ... okay on input line 69.
LaTeX Font Info:    Checking defaults for PD1/pdf/m/n on input line 69.
LaTeX Font Info:    ... okay on input line 69.
LaTeX Font Info:    Checking defaults for PU/pdf/m/n on input line 69.
LaTeX Font Info:    ... okay on input line 69.

Package siunitx Warning: Detected the "physics" package:
(siunitx)                omitting definition of \qty.
(siunitx)                
(siunitx)                If you want to use \qty with the siunitx definition,
(siunitx)                add 
(siunitx)                
(siunitx)                    \AtBeginDocument{\RenewCommandCopy\qty\SI}
(siunitx)                
(siunitx)                to your preamble.

(/usr/local/texlive/2024/texmf-dist/tex/latex/translations/translations-basic-dictionary-english.trsl
File: translations-basic-dictionary-english.trsl (english translation file `translations-basic-dictionary')
)
Package translations Info: loading dictionary `translations-basic-dictionary' for `english'. on input line 69.
 (/usr/local/texlive/2024/texmf-dist/tex/context/base/mkii/supp-pdf.mkii
[Loading MPS to PDF converter (version 2006.09.02).]
\scratchcounter=\count487
\scratchdimen=\dimen282
\scratchbox=\box127
\nofMPsegments=\count488
\nofMParguments=\count489
\everyMPshowfont=\toks47
\MPscratchCnt=\count490
\MPscratchDim=\dimen283
\MPnumerator=\count491
\makeMPintoPDFobject=\count492
\everyMPtoPDFconversion=\toks48
) (/usr/local/texlive/2024/texmf-dist/tex/latex/epstopdf-pkg/epstopdf-base.sty
Package: epstopdf-base 2020-01-24 v2.11 Base part for package epstopdf
Package epstopdf-base Info: Redefining graphics rule for `.eps' on input line 485.
 (/usr/local/texlive/2024/texmf-dist/tex/latex/latexconfig/epstopdf-sys.cfg
File: epstopdf-sys.cfg 2010/07/13 v1.3 Configuration of (r)epstopdf for TeX Live
))
Package caption Info: Begin \AtBeginDocument code.
Package caption Info: float package is loaded.
Package caption Info: hyperref package is loaded.
Package caption Info: listings package is loaded.
Package caption Info: End \AtBeginDocument code.

*geometry* driver: auto-detecting
*geometry* detected driver: pdftex
*geometry* verbose mode - [ preamble ] result:
* driver: pdftex
* paper: a4paper
* layout: <same size as paper>
* layoutoffset:(h,v)=(0.0pt,0.0pt)
* bindingoffset: 14.22636pt
* modes: includehead includefoot twoside 
* h-part:(L,W,R)=(71.13188pt, 404.02908pt, 108.12054pt)
* v-part:(T,H,B)=(42.67912pt, 759.6886pt, 42.67912pt)
* \paperwidth=597.50787pt
* \paperheight=845.04684pt
* \textwidth=404.02908pt
* \textheight=699.10815pt
* \oddsidemargin=13.08826pt
* \evensidemargin=35.85056pt
* \topmargin=-29.59087pt
* \headheight=17.21802pt
* \headsep=18.06749pt
* \topskip=10.0pt
* \footskip=25.29494pt
* \marginparwidth=125.0pt
* \marginparsep=7.0pt
* \columnsep=10.0pt
* \skip\footins=9.0pt plus 4.0pt minus 2.0pt
* \hoffset=0.0pt
* \voffset=0.0pt
* \mag=1000
* \@twocolumnfalse
* \@twosidetrue
* \@mparswitchtrue
* \@reversemarginfalse
* (1in=72.27pt=25.4mm, 1cm=28.453pt)

Package scrbase Info: activating english \abbrevname on input line 69.
Package scrbase Info: activating english \acknowledgementname on input line 69.
Package scrbase Info: activating english \authorshipname on input line 69.
Package scrbase Info: activating english \constantsname on input line 69.
Package scrbase Info: activating english \symbolsname on input line 69.
LaTeX Info: Redefining \microtypecontext on input line 69.
Package microtype Info: Applying patch `item' on input line 69.
Package microtype Info: Applying patch `toc' on input line 69.
Package microtype Info: Applying patch `eqnum' on input line 69.
Package microtype Info: Applying patch `footnote' on input line 69.
Package microtype Info: Applying patch `verbatim' on input line 69.
Package microtype Info: Generating PDF output.
Package microtype Info: Character protrusion enabled (level 2).
Package microtype Info: Using default protrusion set `alltext'.
Package microtype Info: Automatic font expansion enabled (level 2),
(microtype)             stretch: 20, shrink: 20, step: 1, non-selected.
Package microtype Info: Using default expansion set `alltext-nott'.
LaTeX Info: Redefining \showhyphens on input line 69.
Package microtype Info: No adjustment of tracking.
Package microtype Info: No adjustment of interword spacing.
Package microtype Info: No adjustment of character kerning.
(/usr/local/texlive/2024/texmf-dist/tex/latex/microtype/mt-ptm.cfg
File: mt-ptm.cfg 2006/04/20 v1.7 microtype config. file: Times (RS)
)
Package biblatex Info: Trying to load language 'english'...
Package biblatex Info: ... file 'english.lbx' found.
 (/usr/local/texlive/2024/texmf-dist/tex/latex/biblatex/lbx/english.lbx
File: english.lbx 2023/03/05 v3.19 biblatex localization (PK/MW)
)
Package biblatex Info: Input encoding 'utf8' detected.
Package biblatex Info: Automatic encoding selection.
(biblatex)             Assuming data encoding 'utf8'.
Package biblatex Info: Input encoding 'utf8' detected.
Package biblatex Info: Data encoding 'utf8' specified.
(biblatex)             No need to reencode data.
\openout3 = `main-blx.bib'.

Package biblatex Info: Trying to load bibliographic data...
Package biblatex Info: ... file 'main.bbl' found.
 (build/main.bbl)
Package biblatex Info: Reference section=0 on input line 69.
Package biblatex Info: Reference segment=0 on input line 69.
\c@lstlisting=\count493
Package tocbasic Info: setting babel extension for `lol' on input line 69.
Package hyperref Info: Link coloring ON on input line 69.
\@outlinefile=\write4
\openout4 = `main.out'.


1: section
[1



{/usr/local/texlive/2024/texmf-var/fonts/map/pdftex/updmap/pdftex.map}{/usr/local/texlive/2024/texmf-dist/fonts/enc/dvips/base/8r.enc}]
*geometry* verbose mode - [ newgeometry ] result:
* driver: pdftex
* paper: a4paper
* layout: <same size as paper>
* layoutoffset:(h,v)=(0.0pt,0.0pt)
* bindingoffset: 14.22636pt
* modes: twoside 
* h-part:(L,W,R)=(71.13188pt, 426.79137pt, 85.35826pt)
* v-part:(T,H,B)=(85.35826pt, 674.33032pt, 85.35826pt)
* \paperwidth=597.50787pt
* \paperheight=845.04684pt
* \textwidth=426.79137pt
* \textheight=674.33032pt
* \oddsidemargin=13.08826pt
* \evensidemargin=13.08827pt
* \topmargin=-22.19724pt
* \headheight=17.21802pt
* \headsep=18.06749pt
* \topskip=10.0pt
* \footskip=25.29494pt
* \marginparwidth=125.0pt
* \marginparsep=7.0pt
* \columnsep=10.0pt
* \skip\footins=9.0pt plus 4.0pt minus 2.0pt
* \hoffset=0.0pt
* \voffset=0.0pt
* \mag=1000
* \@twocolumnfalse
* \@twosidetrue
* \@mparswitchtrue
* \@reversemarginfalse
* (1in=72.27pt=25.4mm, 1cm=28.453pt)


No file main.toc.
\tf@toc=\write5
\openout5 = `main.toc'.

1: section
LaTeX Font Info:    Trying to load font information for OT1+ztmcm on input line 136.
(/usr/local/texlive/2024/texmf-dist/tex/latex/psnfss/ot1ztmcm.fd
File: ot1ztmcm.fd 2000/01/03 Fontinst v1.801 font definitions for OT1/ztmcm.
)
Package microtype Info: Loading generic protrusion settings for font family
(microtype)             `ztmcm' (encoding: OT1).
(microtype)             For optimal results, create family-specific settings.
(microtype)             See the microtype manual for details.
LaTeX Font Info:    Trying to load font information for OML+ztmcm on input line 136.
 (/usr/local/texlive/2024/texmf-dist/tex/latex/psnfss/omlztmcm.fd
File: omlztmcm.fd 2000/01/03 Fontinst v1.801 font definitions for OML/ztmcm.
)
LaTeX Font Info:    Trying to load font information for OMS+ztmcm on input line 136.
 (/usr/local/texlive/2024/texmf-dist/tex/latex/psnfss/omsztmcm.fd
File: omsztmcm.fd 2000/01/03 Fontinst v1.801 font definitions for OMS/ztmcm.
)
LaTeX Font Info:    Trying to load font information for OMX+ztmcm on input line 136.
 (/usr/local/texlive/2024/texmf-dist/tex/latex/psnfss/omxztmcm.fd
File: omxztmcm.fd 2000/01/03 Fontinst v1.801 font definitions for OMX/ztmcm.
)
LaTeX Font Info:    Trying to load font information for OT1+ptm on input line 136.
 (/usr/local/texlive/2024/texmf-dist/tex/latex/psnfss/ot1ptm.fd
File: ot1ptm.fd 2001/06/04 font definitions for OT1/ptm.
)
LaTeX Font Info:    Font shape `OT1/ptm/bx/n' in size <10> not available
(Font)              Font shape `OT1/ptm/b/n' tried instead on input line 136.
LaTeX Font Info:    Font shape `OT1/ptm/bx/n' in size <7.4> not available
(Font)              Font shape `OT1/ptm/b/n' tried instead on input line 136.
LaTeX Font Info:    Font shape `OT1/ptm/bx/n' in size <6> not available
(Font)              Font shape `OT1/ptm/b/n' tried instead on input line 136.
 (/usr/local/texlive/2024/texmf-dist/tex/latex/microtype/mt-msa.cfg
File: mt-msa.cfg 2006/02/04 v1.1 microtype config. file: AMS symbols (a) (RS)
) (/usr/local/texlive/2024/texmf-dist/tex/latex/microtype/mt-msb.cfg
File: mt-msb.cfg 2005/06/01 v1.0 microtype config. file: AMS symbols (b) (RS)
)
LaTeX Font Info:    Trying to load font information for U+rsfs on input line 136.
 (/usr/local/texlive/2024/texmf-dist/tex/latex/jknapltx/ursfs.fd
File: ursfs.fd 1998/03/24 rsfs font definition file (jk)
) [2


]
1: section
\openout2 = `tex/Chapter1.aux'.

(./tex/Chapter1.tex
Chapter 1.
)
1: section
[1



] [2


]
\openout2 = `tex/Chapter2.aux'.

 (./tex/Chapter2.tex
Chapter 2.
)
1: section
[3


]
\openout2 = `tex/ClusterHadoop.aux'.

 (./tex/ClusterHadoop.tex
Chapter 3.
LaTeX Font Info:    Trying to load font information for T1+cmtt on input line 8.
(/usr/local/texlive/2024/texmf-dist/tex/latex/base/t1cmtt.fd
File: t1cmtt.fd 2023/04/13 v2.5m Standard LaTeX font definitions
)
Package microtype Info: Loading generic protrusion settings for font family
(microtype)             `cmtt' (encoding: T1).
(microtype)             For optimal results, create family-specific settings.
(microtype)             See the microtype manual for details.

Overfull \hbox (24.7954pt too wide) in paragraph at lines 21--23
[]\T1/ptm/m/n/10 (-20) echo "ip-172-31-1-58.ec2.internal" >> /op-t/b-d/hadoop/etc/hadoop/dfs.exclude echo "ip-172-31-1-58.ec2.internal"
 []


Overfull \hbox (10.1423pt too wide) in paragraph at lines 25--30
\T1/ptm/m/n/10 (-20) d/hadoop/etc/hadoop/dfs.include echo "ip-172-31-0-239.ec2.internal" >> /op-t/b-d/hadoop/etc/hadoop/-yarn.include 
 []

./tex/ClusterHadoop.tex:47: Missing $ inserted.
<inserted text> 
                $
l.47 ...1359368873-172.31.14.95-1729179225409:blk_
                                                  1073741854_1030 len=671088...
I've inserted a begin-math/end-math symbol since I think
you left one out. Proceed, with fingers crossed.

./tex/ClusterHadoop.tex:50: Missing $ inserted.
<inserted text> 
                $
l.50 
     
I've inserted a begin-math/end-math symbol since I think
you left one out. Proceed, with fingers crossed.


Overfull \hbox (28.03542pt too wide) in paragraph at lines 46--50
\T1/ptm/m/n/10 (-20) 1359368873-172.31.14.95-1729179225409:blk$[]\OT1/ztmcm/m/n/10 073741854[]030\OML/ztmcm/m/it/10 len \OT1/ztmcm/m/n/10 = 67108864\OML/ztmcm/m/it/10 MISSING\OT1/ztmcm/m/n/10 !15\OML/ztmcm/m/it/10 :BP \OMS/ztmcm/m/n/10 ^^@ \OT1/ztmcm/m/n/10 1359368873 \OMS/ztmcm/m/n/10 ^^@
 []


Overfull \hbox (288.02547pt too wide) in paragraph at lines 46--50
\OT1/ztmcm/m/n/10 172\OML/ztmcm/m/it/10 :\OT1/ztmcm/m/n/10 31\OML/ztmcm/m/it/10 :\OT1/ztmcm/m/n/10 14\OML/ztmcm/m/it/10 :\OT1/ztmcm/m/n/10 95 \OMS/ztmcm/m/n/10 ^^@ \OT1/ztmcm/m/n/10 1729179225409 : \OML/ztmcm/m/it/10 blk[]\OT1/ztmcm/m/n/10 073741855[]031\OML/ztmcm/m/it/10 len \OT1/ztmcm/m/n/10 = 41943040\OML/ztmcm/m/it/10 MISSING\OT1/ztmcm/m/n/10 !\OML/ztmcm/m/it/10 Sihaybloquesperdidosnosepuederecuperarelfichero; yaquenotodoslosficherosestandisponibles:$ 
 []

)
1: section
[4




{/usr/local/texlive/2024/texmf-dist/fonts/enc/dvips/cm-super/cm-super-t1.enc}]

LaTeX Warning: Empty bibliography on input line 150.

(build/main.aux (build/tex/Chapter1.aux) (build/tex/Chapter2.aux) (build/tex/ClusterHadoop.aux))
 ***********
LaTeX2e <2023-11-01> patch level 1
L3 programming layer <2020/03/25>
 ***********


LaTeX Warning: There were undefined references.


LaTeX Warning: Label(s) may have changed. Rerun to get cross-references right.


Package rerunfilecheck Warning: File `main.out' has changed.
(rerunfilecheck)                Rerun to get outlines right
(rerunfilecheck)                or use package `bookmark'.

Package rerunfilecheck Info: Checksums for `main.out':
(rerunfilecheck)             Before: <no file>
(rerunfilecheck)             After:  B6BAD99EEB2298C9F5F5AECAD69E9B73;518.

Package biblatex Warning: Please (re)run BibTeX on the file(s):
(biblatex)                main
(biblatex)                and rerun LaTeX afterwards.

Package logreq Info: Writing requests to 'main.run.xml'.
\openout1 = `main.run.xml'.

 ) 
Here is how much of TeX's memory you used:
 35626 strings out of 474116
 735319 string characters out of 5743682
 1989187 words of memory out of 5000000
 57388 multiletter control sequences out of 15000+600000
 608254 words of font info for 163 fonts, out of 8000000 for 9000
 1141 hyphenation exceptions out of 8191
 96i,20n,101p,1941b,1802s stack positions out of 10000i,1000n,20000p,200000b,200000s
</usr/local/texlive/2024/texmf-dist/fonts/type1/public/amsfonts/cm/cmmi10.pfb></usr/local/texlive/2024/texmf-dist/fonts/type1/public/amsfonts/cm/cmr10.pfb></usr/local/texlive/2024/texmf-dist/fonts/type1/public/amsfonts/cm/cmsy10.pfb></usr/local/texlive/2024/texmf-dist/fonts/type1/public/cm-super/sftt1000.pfb></usr/local/texlive/2024/texmf-dist/fonts/type1/urw/times/utmb8a.pfb></usr/local/texlive/2024/texmf-dist/fonts/type1/urw/times/utmr8a.pfb></usr/local/texlive/2024/texmf-dist/fonts/type1/urw/times/utmr8a.pfb></usr/local/texlive/2024/texmf-dist/fonts/type1/urw/times/utmri8a.pfb>
Output written on build/main.pdf (6 pages, 120465 bytes).
PDF statistics:
 109 PDF objects out of 1000 (max. 8388607)
 84 compressed objects within 1 object stream
 35 named destinations out of 1000 (max. 500000)
 51201 words of extra memory for PDF output out of 51595 (max. 10000000)

