\BOOKMARK [0][-]{chapter*.1}{\376\377\000C\000o\000n\000t\000e\000n\000t\000s}{}% 1
\BOOKMARK [0][-]{chapter.2}{\376\377\000I\000n\000t\000r\000o\000d\000u\000c\000c\000i\000\363\000n}{}% 2
\BOOKMARK [1][-]{section.3}{\376\377\000D\000a\000t\000o\000s\000\040\000t\000e\000x\000t\000u\000a\000l\000e\000s\000\040\000c\000o\000m\000o\000\040\000B\000i\000g\000\040\000D\000a\000t\000a}{chapter.2}% 3
\BOOKMARK [2][-]{subsection.4}{\376\377\000R\000e\000c\000u\000p\000e\000r\000a\000c\000i\000\363\000n\000\040\000y\000\040\000m\000i\000n\000e\000r\000\355\000a\000\040\000d\000e\000\040\000t\000e\000x\000t\000o}{section.3}% 4
\BOOKMARK [2][-]{subsection.7}{\376\377\000M\000o\000d\000o\000s\000\040\000d\000e\000\040\000a\000c\000c\000e\000s\000o\000\040\000a\000\040\000l\000a\000\040\000i\000n\000f\000o\000r\000m\000a\000c\000i\000\363\000n\000:\000\040\000P\000u\000l\000l\000\040\000v\000s\000\040\000P\000u\000s\000h}{section.3}% 5
\BOOKMARK [1][-]{section.8}{\376\377\000S\000i\000s\000t\000e\000m\000a\000s\000\040\000d\000e\000\040\000I\000n\000f\000o\000r\000m\000a\000c\000i\000\363\000n\000\040\000T\000e\000x\000t\000u\000a\000l\000\040\000\050\000T\000I\000S\000\051}{chapter.2}% 6
\BOOKMARK [2][-]{subsection.9}{\376\377\000A\000n\000\341\000l\000i\000s\000i\000s\000\040\000d\000e\000l\000\040\000t\000e\000x\000t\000o}{section.8}% 7
\BOOKMARK [2][-]{subsection.10}{\376\377\000S\000i\000s\000t\000e\000m\000a\000s\000\040\000d\000e\000\040\000i\000n\000f\000o\000r\000m\000a\000c\000i\000\363\000n\000\040\000t\000e\000x\000t\000u\000a\000l}{section.8}% 8
\BOOKMARK [0][-]{chapter.12}{\376\377\000D\000a\000t\000o\000s\000\040\000t\000e\000x\000t\000u\000a\000l\000e\000s}{}% 9
\BOOKMARK [1][-]{section.13}{\376\377\000P\000r\000o\000c\000e\000s\000a\000m\000i\000e\000n\000t\000o\000\040\000d\000e\000\040\000l\000e\000n\000g\000u\000a\000j\000e\000\040\000n\000a\000t\000u\000r\000a\000l}{chapter.12}% 10
\BOOKMARK [2][-]{subsection.15}{\376\377\000D\000e\000s\000a\000f\000\355\000o\000s\000\040\000y\000\040\000a\000m\000b\000i\000g\000\374\000e\000d\000a\000d\000e\000s}{section.13}% 11
\BOOKMARK [2][-]{subsection.16}{\376\377\000H\000i\000s\000t\000o\000r\000i\000a\000\040\000y\000\040\000e\000s\000t\000a\000d\000o\000\040\000d\000e\000l\000\040\000a\000r\000t\000e\000\040\000e\000n\000\040\000N\000L\000P}{section.13}% 12
\BOOKMARK [2][-]{subsection.17}{\376\377\000P\000r\000o\000c\000e\000s\000a\000m\000i\000e\000n\000t\000o\000\040\000d\000e\000\040\000l\000e\000n\000g\000u\000a\000j\000e\000\040\000n\000a\000t\000u\000r\000a\000l\000\040\000e\000s\000t\000a\000d\000\355\000s\000t\000i\000c\000o}{section.13}% 13
\BOOKMARK [1][-]{section.21}{\376\377\000R\000e\000p\000r\000e\000s\000e\000n\000t\000a\000c\000i\000\363\000n\000\040\000d\000e\000\040\000t\000e\000x\000t\000o}{chapter.12}% 14
\BOOKMARK [1][-]{section.24}{\376\377\000M\000o\000d\000e\000l\000o\000s\000\040\000d\000e\000\040\000l\000e\000n\000g\000u\000a\000j\000e\000\040\000e\000s\000t\000a\000d\000\355\000s\000t\000i\000c\000o\000s}{chapter.12}% 15
\BOOKMARK [2][-]{subsection.25}{\376\377\000U\000s\000o\000s\000\040\000d\000e\000\040\000m\000o\000d\000e\000l\000o\000s\000\040\000d\000e\000l\000\040\000l\000e\000n\000g\000u\000a\000j\000e}{section.24}% 16
\BOOKMARK [2][-]{subsection.26}{\376\377\000M\000o\000d\000e\000l\000o\000s\000\040\000d\000e\000\040\000l\000e\000n\000g\000u\000a\000j\000e}{section.24}% 17
\BOOKMARK [0][-]{chapter.33}{\376\377\000V\000i\000s\000i\000\363\000n\000\040\000g\000e\000n\000e\000r\000a\000l\000\040\000d\000e\000l\000\040\000a\000c\000c\000e\000s\000o\000\040\000a\000\040\000d\000a\000t\000o\000s\000\040\000t\000e\000x\000t\000u\000a\000l\000e\000s}{}% 18
\BOOKMARK [1][-]{section.34}{\376\377\000M\000o\000d\000o\000s\000\040\000d\000e\000\040\000a\000c\000c\000e\000s\000o\000:\000\040\000p\000u\000l\000l\000\040\000y\000\040\000p\000u\000s\000h}{chapter.33}% 19
\BOOKMARK [1][-]{section.39}{\376\377\000A\000c\000c\000e\000s\000o\000\040\000i\000n\000t\000e\000r\000a\000c\000t\000i\000v\000o\000\040\000m\000u\000l\000t\000i\000m\000o\000d\000a\000l}{chapter.33}% 20
\BOOKMARK [1][-]{section.42}{\376\377\000R\000e\000c\000u\000p\000e\000r\000a\000c\000i\000\363\000n\000\040\000d\000e\000\040\000t\000e\000x\000t\000o}{chapter.33}% 21
\BOOKMARK [1][-]{section.43}{\376\377\000R\000e\000c\000u\000p\000e\000r\000a\000c\000i\000\363\000n\000\040\000d\000e\000\040\000t\000e\000x\000t\000o\000\040\000v\000s\000\040\000r\000e\000c\000u\000p\000e\000r\000a\000c\000i\000\363\000n\000\040\000d\000e\000\040\000b\000a\000s\000e\000s\000\040\000d\000e\000\040\000d\000a\000t\000o\000s}{chapter.33}% 22
\BOOKMARK [1][-]{section.44}{\376\377\000S\000e\000l\000e\000c\000c\000i\000\363\000n\000\040\000y\000\040\000c\000l\000a\000s\000i\000f\000i\000c\000a\000c\000i\000\363\000n\000\040\000d\000e\000\040\000d\000o\000c\000u\000m\000e\000n\000t\000o\000s}{chapter.33}% 23
