\BOOKMARK [0][-]{chapter*.1}{\376\377\000C\000o\000n\000t\000e\000n\000t\000s}{}% 1
\BOOKMARK [0][-]{chapter.2}{\376\377\000I\000n\000t\000r\000o\000d\000u\000c\000c\000i\000\363\000n\000\040\000a\000\040\000l\000a\000\040\000p\000r\000o\000b\000a\000b\000i\000l\000i\000d\000a\000d}{}% 2
\BOOKMARK [1][-]{section.3}{\376\377\000I\000n\000t\000r\000o\000d\000u\000c\000c\000i\000\363\000n}{chapter.2}% 3
\BOOKMARK [1][-]{section.4}{\376\377\000A\000n\000\341\000l\000i\000s\000i\000s\000\040\000d\000e\000\040\000d\000a\000t\000o\000s\000\040\000e\000x\000p\000l\000o\000r\000a\000t\000o\000r\000i\000o\000\040\000\050\000E\000D\000A\000\051}{chapter.2}% 4
\BOOKMARK [2][-]{subsection.5}{\376\377\000E\000s\000t\000a\000d\000\355\000s\000t\000i\000c\000a\000s\000\040\000d\000e\000\040\000r\000e\000s\000u\000m\000e\000n}{section.4}% 5
\BOOKMARK [1][-]{section.7}{\376\377\000F\000u\000n\000d\000a\000m\000e\000n\000t\000o\000\040\000d\000e\000\040\000l\000a\000\040\000i\000n\000f\000e\000r\000e\000n\000c\000i\000a\000\040\000e\000s\000t\000a\000d\000\355\000s\000t\000i\000c\000a}{chapter.2}% 6
\BOOKMARK [2][-]{subsection.8}{\376\377\000I\000n\000t\000e\000r\000v\000a\000l\000o\000\040\000d\000e\000\040\000c\000o\000n\000f\000i\000a\000n\000z\000a}{section.7}% 7
\BOOKMARK [2][-]{subsection.14}{\376\377\000C\000o\000n\000t\000r\000a\000s\000t\000e\000s\000\040\000d\000e\000\040\000h\000i\000p\000\363\000t\000e\000s\000i\000s}{section.7}% 8
\BOOKMARK [0][-]{chapter.29}{\376\377\000O\000p\000t\000i\000m\000i\000z\000a\000c\000i\000\363\000n\000\040\000c\000o\000n\000v\000e\000x\000a}{}% 9
\BOOKMARK [1][-]{section.30}{\376\377\000I\000n\000t\000r\000o\000d\000u\000c\000c\000i\000\363\000n}{chapter.29}% 10
\BOOKMARK [1][-]{section.34}{\376\377\000O\000p\000t\000i\000m\000i\000z\000a\000c\000i\000\363\000n\000\040\000c\000o\000n\000v\000e\000x\000a}{chapter.29}% 11
\BOOKMARK [2][-]{subsection.35}{\376\377\000C\000o\000n\000j\000u\000n\000t\000o\000s\000\040\000c\000o\000n\000v\000e\000x\000o\000s}{section.34}% 12
\BOOKMARK [2][-]{subsection.39}{\376\377\000F\000u\000n\000c\000i\000o\000n\000e\000s\000\040\000c\000o\000n\000v\000e\000x\000a\000s}{section.34}% 13
\BOOKMARK [2][-]{subsection.43}{\376\377\000C\000a\000r\000a\000c\000t\000e\000r\000i\000z\000a\000c\000i\000o\000n\000e\000s\000\040\000d\000e\000\040\000p\000r\000i\000m\000e\000r\000\040\000y\000\040\000s\000e\000g\000u\000n\000d\000o\000\040\000o\000r\000d\000e\000n}{section.34}% 14
\BOOKMARK [2][-]{subsection.54}{\376\377\000P\000r\000o\000b\000l\000e\000m\000a\000\040\000d\000e\000\040\000o\000p\000t\000i\000m\000i\000z\000a\000c\000i\000\363\000n\000\040\000c\000o\000n\000v\000e\000x\000a}{section.34}% 15
\BOOKMARK [1][-]{section.60}{\376\377\000M\000\351\000t\000o\000d\000o\000s\000\040\000d\000e\000\040\000d\000e\000s\000c\000e\000n\000s\000o}{chapter.29}% 16
\BOOKMARK [2][-]{subsection.65}{\376\377\000M\000\351\000t\000o\000d\000o\000\040\000d\000e\000\040\000d\000e\000s\000c\000e\000n\000s\000o\000\040\000d\000e\000\040\000g\000r\000a\000d\000i\000e\000n\000t\000e}{section.60}% 17
\BOOKMARK [0][-]{chapter.69}{\376\377\000A\000p\000r\000e\000n\000d\000i\000z\000a\000j\000e\000\040\000e\000s\000t\000a\000d\000\355\000s\000t\000i\000c\000o}{}% 18
\BOOKMARK [1][-]{section.71}{\376\377\000M\000o\000t\000i\000v\000o\000s\000\040\000p\000a\000r\000a\000\040\000e\000s\000t\000i\000m\000a\000r\000\040\000f}{chapter.69}% 19
\BOOKMARK [2][-]{subsection.72}{\376\377\000P\000r\000e\000d\000i\000c\000c\000i\000\363\000n}{section.71}% 20
\BOOKMARK [2][-]{subsection.75}{\376\377\000I\000n\000f\000e\000r\000e\000n\000c\000i\000a}{section.71}% 21
\BOOKMARK [1][-]{section.76}{\376\377\000E\000s\000t\000i\000m\000a\000c\000i\000\363\000n\000\040\000d\000e\000\040\000f}{chapter.69}% 22
\BOOKMARK [2][-]{subsection.77}{\376\377\000M\000\351\000t\000o\000d\000o\000s\000\040\000p\000a\000r\000a\000m\000\351\000t\000r\000i\000c\000o\000s}{section.76}% 23
\BOOKMARK [2][-]{subsection.80}{\376\377\000M\000\351\000t\000o\000d\000o\000s\000\040\000n\000o\000\040\000p\000a\000r\000a\000m\000\351\000t\000r\000i\000c\000o\000s}{section.76}% 24
\BOOKMARK [2][-]{subsection.81}{\376\377\000E\000x\000a\000c\000t\000i\000t\000u\000d\000\040\000v\000s\000\040\000i\000n\000t\000e\000r\000p\000r\000e\000t\000a\000b\000i\000l\000i\000d\000a\000d}{section.76}% 25
\BOOKMARK [2][-]{subsection.83}{\376\377\000A\000p\000r\000e\000n\000d\000i\000z\000a\000j\000e\000\040\000s\000u\000p\000e\000r\000v\000i\000s\000a\000d\000o\000\040\000y\000\040\000n\000o\000\040\000s\000u\000p\000e\000r\000v\000i\000s\000a\000d\000o}{section.76}% 26
\BOOKMARK [2][-]{subsection.85}{\376\377\000P\000r\000o\000b\000l\000e\000m\000a\000s\000\040\000d\000e\000\040\000r\000e\000g\000r\000e\000s\000i\000\363\000n\000\040\000y\000\040\000c\000l\000a\000s\000i\000f\000i\000c\000a\000c\000i\000\363\000n}{section.76}% 27
\BOOKMARK [0][-]{chapter.86}{\376\377\000R\000e\000g\000r\000e\000s\000i\000\363\000n\000\040\000l\000i\000n\000e\000a\000l}{}% 28
\BOOKMARK [1][-]{section.88}{\376\377\000R\000e\000g\000r\000e\000s\000i\000\363\000n\000\040\000l\000i\000n\000e\000a\000l\000\040\000s\000i\000m\000p\000l\000e}{chapter.86}% 29
\BOOKMARK [2][-]{subsection.91}{\376\377\000E\000s\000t\000i\000m\000a\000c\000i\000\363\000n\000\040\000d\000e\000\040\000l\000o\000s\000\040\000c\000o\000e\000f\000i\000c\000i\000e\000n\000t\000e\000s}{section.88}% 30
\BOOKMARK [2][-]{subsection.94}{\376\377\000E\000x\000a\000c\000t\000i\000t\000u\000d\000\040\000d\000e\000\040\000l\000a\000\040\000e\000s\000t\000i\000m\000a\000c\000i\000\363\000n\000\040\000d\000e\000\040\000l\000o\000s\000\040\000c\000o\000e\000f\000i\000c\000i\000e\000n\000t\000e\000s}{section.88}% 31
\BOOKMARK [2][-]{subsection.106}{\376\377\000E\000x\000a\000c\000t\000i\000t\000u\000d\000\040\000d\000e\000l\000\040\000m\000o\000d\000e\000l\000o}{section.88}% 32
\BOOKMARK [1][-]{section.112}{\376\377\000R\000e\000g\000r\000e\000s\000i\000\363\000n\000\040\000m\000u\000l\000t\000i\000l\000i\000n\000e\000a\000l}{chapter.86}% 33
\BOOKMARK [2][-]{subsection.115}{\376\377\000E\000s\000t\000i\000m\000a\000c\000i\000\363\000n\000\040\000d\000e\000\040\000l\000o\000s\000\040\000c\000o\000e\000f\000i\000c\000i\000e\000n\000t\000e\000s}{section.112}% 34
\BOOKMARK [2][-]{subsection.120}{\376\377\000A\000l\000g\000u\000n\000a\000s\000\040\000p\000r\000e\000g\000u\000n\000t\000a\000s\000\040\000i\000m\000p\000o\000r\000t\000a\000n\000t\000e\000s}{section.112}% 35
\BOOKMARK [2][-]{subsection.138}{\376\377\000P\000r\000o\000b\000l\000e\000m\000a\000s\000\040\000p\000o\000t\000e\000n\000c\000i\000a\000l\000e\000s}{section.112}% 36
\BOOKMARK [1][-]{section.139}{\376\377\000G\000r\000a\000n\000d\000e\000s\000\040\000c\000o\000n\000j\000u\000n\000t\000o\000s\000\040\000d\000e\000\040\000v\000a\000r\000i\000a\000b\000l\000e\000\040\000c\000o\000r\000r\000e\000l\000a\000c\000i\000o\000n\000a\000d\000a\000s}{chapter.86}% 37
\BOOKMARK [1][-]{section.140}{\376\377\000M\000\351\000t\000o\000d\000o\000s\000\040\000d\000e\000\040\000r\000e\000d\000u\000c\000c\000i\000\363\000n}{chapter.86}% 38
\BOOKMARK [2][-]{subsection.142}{\376\377\000R\000e\000g\000r\000e\000s\000i\000\363\000n\000\040\000d\000e\000\040\000R\000i\000d\000g\000e}{section.140}% 39
\BOOKMARK [2][-]{subsection.151}{\376\377\000R\000e\000g\000r\000e\000s\000i\000\363\000n\000\040\000L\000a\000s\000s\000o}{section.140}% 40
\BOOKMARK [2][-]{subsection.160}{\376\377\000S\000e\000l\000e\000c\000c\000i\000\363\000n\000\040\000d\000e\000l\000\040\000p\000a\000r\000\341\000m\000e\000t\000r\000o\000\040\000d\000e\000\040\000a\000j\000u\000s\000t\000e}{section.140}% 41
\BOOKMARK [1][-]{section.161}{\376\377\000R\000e\000d\000u\000c\000c\000i\000\363\000n\000\040\000d\000e\000\040\000d\000i\000m\000e\000n\000s\000i\000\363\000n}{chapter.86}% 42
\BOOKMARK [2][-]{subsection.162}{\376\377\000A\000n\000\341\000l\000i\000s\000i\000s\000\040\000d\000e\000\040\000c\000o\000m\000p\000o\000n\000e\000n\000t\000e\000s\000\040\000p\000r\000i\000n\000c\000i\000p\000a\000l\000e\000s}{section.161}% 43
\BOOKMARK [2][-]{subsection.173}{\376\377\000R\000e\000g\000r\000e\000s\000i\000\363\000n\000\040\000d\000e\000\040\000c\000o\000m\000p\000o\000n\000e\000n\000t\000e\000s\000\040\000p\000r\000i\000n\000c\000i\000p\000a\000l\000e\000s}{section.161}% 44
\BOOKMARK [2][-]{subsection.175}{\376\377\000C\000o\000n\000s\000i\000d\000e\000r\000a\000c\000i\000o\000n\000e\000s\000\040\000e\000n\000\040\000P\000C\000A}{section.161}% 45
\BOOKMARK [0][-]{chapter.179}{\376\377\000C\000l\000a\000s\000i\000f\000i\000c\000a\000c\000i\000o\000n}{}% 46
\BOOKMARK [1][-]{section.180}{\376\377\000E\000l\000\040\000e\000n\000t\000o\000r\000n\000o\000\040\000d\000e\000\040\000c\000l\000a\000s\000i\000f\000i\000c\000a\000c\000i\000\363\000n}{chapter.179}% 47
\BOOKMARK [2][-]{subsection.183}{\376\377\000E\000l\000\040\000c\000l\000a\000s\000i\000f\000i\000c\000a\000d\000o\000r\000\040\000d\000e\000\040\000B\000a\000y\000e\000s}{section.180}% 48
\BOOKMARK [2][-]{subsection.188}{\376\377\000\277\000P\000o\000r\000\040\000q\000u\000\351\000\040\000n\000o\000\040\000r\000e\000g\000r\000e\000s\000i\000\363\000n\000\040\000l\000i\000n\000e\000a\000l\000?}{section.180}% 49
\BOOKMARK [1][-]{section.190}{\376\377\000R\000e\000g\000r\000e\000s\000i\000\363\000n\000\040\000l\000o\000g\000\355\000s\000t\000i\000c\000a}{chapter.179}% 50
\BOOKMARK [2][-]{subsection.191}{\376\377\000M\000o\000d\000e\000l\000o\000\040\000l\000o\000g\000\355\000s\000t\000i\000c\000o}{section.190}% 51
\BOOKMARK [2][-]{subsection.196}{\376\377\000E\000s\000t\000i\000m\000a\000c\000i\000\363\000n\000\040\000d\000e\000\040\000l\000o\000s\000\040\000c\000o\000e\000f\000i\000c\000i\000e\000n\000t\000e\000s}{section.190}% 52
\BOOKMARK [2][-]{subsection.199}{\376\377\000R\000e\000g\000r\000e\000s\000i\000\363\000n\000\040\000l\000o\000g\000\355\000s\000t\000i\000c\000a\000\040\000m\000\372\000l\000t\000i\000p\000l\000e}{section.190}% 53
\BOOKMARK [2][-]{subsection.202}{\376\377\000R\000e\000g\000r\000e\000s\000i\000\363\000n\000\040\000l\000o\000g\000\355\000s\000t\000i\000c\000a\000\040\000n\000o\000\040\000b\000i\000n\000a\000r\000i\000a}{section.190}% 54
\BOOKMARK [1][-]{section.203}{\376\377\000A\000n\000\341\000l\000i\000s\000i\000s\000\040\000d\000i\000s\000c\000r\000i\000m\000i\000n\000a\000n\000t\000e\000\040\000l\000i\000n\000e\000a\000l}{chapter.179}% 55
\BOOKMARK [2][-]{subsection.204}{\376\377\000T\000e\000o\000r\000e\000m\000a\000\040\000d\000e\000\040\000B\000a\000y\000e\000s\000\040\000p\000a\000r\000a\000\040\000c\000l\000a\000s\000i\000f\000i\000c\000a\000c\000i\000\363\000n}{section.203}% 56
\BOOKMARK [2][-]{subsection.209}{\376\377\000A\000n\000\341\000l\000i\000s\000i\000s\000\040\000d\000i\000s\000c\000r\000i\000m\000i\000n\000a\000n\000t\000e\000\040\000l\000i\000n\000e\000a\000l\000\040\000p\000a\000r\000a\000\040\000p\000\040\000=\000\040\0001}{section.203}% 57
\BOOKMARK [2][-]{subsection.227}{\376\377\000A\000n\000\341\000l\000i\000s\000i\000s\000\040\000d\000i\000s\000c\000r\000i\000m\000i\000n\000a\000n\000t\000e\000\040\000c\000u\000a\000d\000r\000\341\000t\000i\000c\000o}{section.203}% 58
\BOOKMARK [0][-]{chapter.230}{\376\377\000E\000v\000a\000l\000u\000a\000c\000i\000\363\000n\000\040\000y\000\040\000s\000e\000l\000e\000c\000c\000i\000\363\000n\000\040\000d\000e\000\040\000m\000o\000d\000e\000l\000o\000s}{}% 59
\BOOKMARK [1][-]{section.232}{\376\377\000C\000o\000n\000t\000e\000x\000t\000o\000\040\000d\000e\000\040\000r\000e\000g\000r\000e\000s\000i\000\363\000n}{chapter.230}% 60
\BOOKMARK [2][-]{subsection.234}{\376\377\000C\000a\000l\000i\000d\000a\000d\000\040\000d\000e\000l\000\040\000a\000j\000u\000s\000t\000e}{section.232}% 61
\BOOKMARK [2][-]{subsection.238}{\376\377\000C\000o\000m\000p\000r\000o\000m\000i\000s\000o\000\040\000e\000n\000t\000r\000e\000\040\000b\000i\000a\000s\000\040\000y\000\040\000v\000a\000r\000i\000a\000n\000z\000a}{section.232}% 62
\BOOKMARK [1][-]{section.241}{\376\377\000C\000o\000n\000t\000e\000x\000t\000o\000\040\000d\000e\000\040\000c\000l\000a\000s\000i\000f\000i\000c\000a\000c\000i\000\363\000n}{chapter.230}% 63
\BOOKMARK [1][-]{section.245}{\376\377\000M\000\351\000t\000o\000d\000o\000s\000\040\000d\000e\000\040\000r\000e\000m\000u\000e\000s\000t\000r\000e\000o}{chapter.230}% 64
\BOOKMARK [2][-]{subsection.246}{\376\377\000V\000a\000l\000i\000d\000a\000c\000i\000\363\000n\000\040\000c\000r\000u\000z\000a\000d\000a}{section.245}% 65
\BOOKMARK [2][-]{subsection.250}{\376\377\000V\000a\000l\000i\000d\000a\000c\000i\000\363\000n\000\040\000c\000r\000u\000z\000a\000d\000a\000\040\000L\000e\000a\000v\000e\000-\000O\000n\000e\000-\000O\000u\000t}{section.245}% 66
\BOOKMARK [2][-]{subsection.257}{\376\377\000V\000a\000l\000i\000d\000a\000c\000i\000\363\000n\000\040\000C\000r\000u\000z\000a\000d\000a\000\040\000k\000-\000F\000o\000l\000d}{section.245}% 67
\BOOKMARK [2][-]{subsection.260}{\376\377\000C\000o\000m\000p\000r\000o\000m\000i\000s\000o\000\040\000b\000i\000a\000s\000-\000v\000a\000r\000i\000a\000n\000z\000a\000\040\000p\000a\000r\000a\000\040\000l\000a\000\040\000v\000a\000l\000i\000d\000a\000c\000i\000\363\000n\000\040\000c\000r\000u\000z\000a\000d\000a\000\040\000k\000-\000F\000o\000l\000d}{section.245}% 68
\BOOKMARK [2][-]{subsection.261}{\376\377\000V\000a\000l\000i\000d\000a\000c\000i\000\363\000n\000\040\000C\000r\000u\000z\000a\000d\000a\000\040\000e\000n\000\040\000P\000r\000o\000b\000l\000e\000m\000a\000s\000\040\000d\000e\000\040\000C\000l\000a\000s\000i\000f\000i\000c\000a\000c\000i\000\363\000n}{section.245}% 69
\BOOKMARK [1][-]{section.268}{\376\377\000S\000e\000l\000e\000c\000c\000i\000\363\000n\000\040\000d\000e\000\040\000s\000u\000b\000c\000o\000n\000j\000u\000n\000t\000o\000s}{chapter.230}% 70
\BOOKMARK [2][-]{subsection.269}{\376\377\000S\000e\000l\000e\000c\000c\000i\000\363\000n\000\040\000d\000e\000l\000\040\000m\000e\000j\000o\000r\000\040\000s\000u\000b\000c\000o\000n\000j\000u\000n\000t\000o}{section.268}% 71
\BOOKMARK [2][-]{subsection.275}{\376\377\000S\000e\000l\000e\000c\000c\000i\000\363\000n\000\040\000p\000o\000r\000\040\000p\000a\000s\000o\000s}{section.268}% 72
\BOOKMARK [1][-]{section.289}{\376\377\000R\000e\000d\000u\000c\000i\000e\000n\000d\000o\000\040\000d\000e\000\040\000e\000r\000r\000o\000r}{chapter.230}% 73
\BOOKMARK [0][-]{chapter.290}{\376\377\000K\000\040\000v\000e\000c\000i\000n\000o\000s\000\040\000m\000\341\000s\000\040\000p\000r\000\363\000x\000i\000m\000o\000s}{}% 74
\BOOKMARK [1][-]{section.291}{\376\377\000A\000l\000g\000o\000r\000i\000t\000m\000o\000\040\000K\000N\000N}{chapter.290}% 75
\BOOKMARK [2][-]{subsection.297}{\376\377\000A\000l\000t\000a\000\040\000d\000i\000m\000e\000n\000s\000i\000o\000n\000a\000l\000i\000d\000a\000d}{section.291}% 76
\BOOKMARK [2][-]{subsection.300}{\376\377\000C\000o\000n\000s\000i\000d\000e\000r\000a\000c\000i\000o\000n\000e\000s\000\040\000c\000o\000m\000p\000u\000t\000a\000c\000i\000o\000n\000a\000l\000e\000s}{section.291}% 77
\BOOKMARK [1][-]{section.301}{\376\377\000E\000j\000e\000r\000c\000i\000c\000i\000o}{chapter.290}% 78
\BOOKMARK [0][-]{chapter.308}{\376\377\000\301\000r\000b\000o\000l\000e\000s\000\040\000d\000e\000\040\000d\000e\000c\000i\000s\000i\000\363\000n\000.\000\040\000F\000u\000n\000d\000a\000m\000e\000n\000t\000o\000s}{}% 79
\BOOKMARK [1][-]{section.309}{\376\377\000\301\000r\000b\000o\000l\000e\000s\000\040\000d\000e\000\040\000d\000e\000c\000i\000s\000i\000\363\000n}{chapter.308}% 80
\BOOKMARK [2][-]{subsection.313}{\376\377\000P\000r\000e\000d\000i\000c\000c\000i\000\363\000n\000\040\000m\000e\000d\000i\000a\000n\000t\000e\000\040\000e\000s\000t\000r\000a\000t\000i\000f\000i\000c\000a\000c\000i\000\363\000n\000\040\000d\000e\000l\000\040\000e\000s\000p\000a\000c\000i\000o\000\040\000d\000e\000\040\000c\000a\000r\000a\000c\000t\000e\000r\000\355\000s\000t\000i\000c\000a\000s}{section.309}% 81
\BOOKMARK [2][-]{subsection.320}{\376\377\000P\000o\000d\000a\000\040\000d\000e\000l\000\040\000\341\000r\000b\000o\000l}{section.309}% 82
\BOOKMARK [2][-]{subsection.330}{\376\377\000\301\000r\000b\000o\000l\000e\000s\000\040\000d\000e\000\040\000C\000l\000a\000s\000i\000f\000i\000c\000a\000c\000i\000\363\000n}{section.309}% 83
\BOOKMARK [2][-]{subsection.336}{\376\377\000P\000r\000e\000d\000i\000c\000t\000o\000r\000e\000s\000\040\000c\000a\000t\000e\000g\000\363\000r\000i\000c\000o\000s}{section.309}% 84
\BOOKMARK [2][-]{subsection.339}{\376\377\000\301\000r\000b\000o\000l\000e\000s\000\040\000v\000s\000\040\000M\000o\000d\000e\000l\000o\000s\000\040\000l\000i\000n\000e\000a\000l\000e\000s}{section.309}% 85
\BOOKMARK [2][-]{subsection.343}{\376\377\000V\000e\000n\000t\000a\000j\000a\000s\000\040\000y\000\040\000d\000e\000s\000v\000e\000n\000t\000a\000j\000a\000s\000\040\000d\000e\000\040\000l\000o\000s\000\040\000\341\000r\000b\000o\000l\000e\000s}{section.309}% 86
\BOOKMARK [1][-]{section.344}{\376\377\000E\000j\000e\000r\000c\000i\000c\000i\000o}{chapter.308}% 87
\BOOKMARK [0][-]{chapter.352}{\376\377\000R\000e\000d\000e\000s\000\040\000n\000e\000u\000r\000o\000n\000a\000l\000e\000s}{}% 88
\BOOKMARK [1][-]{section.353}{\376\377\000I\000n\000t\000r\000o\000d\000u\000c\000c\000i\000\363\000n}{chapter.352}% 89
\BOOKMARK [2][-]{subsection.356}{\376\377\000F\000u\000n\000c\000i\000\363\000n\000\040\000d\000e\000\040\000a\000c\000t\000i\000v\000a\000c\000i\000\363\000n}{section.353}% 90
\BOOKMARK [1][-]{section.367}{\376\377\000M\000o\000d\000e\000l\000o\000\040\000d\000e\000\040\000r\000e\000d\000\040\000n\000e\000u\000r\000o\000n\000a\000l}{chapter.352}% 91
\BOOKMARK [1][-]{section.380}{\376\377\000A\000r\000q\000u\000i\000t\000e\000c\000t\000u\000r\000a\000s}{chapter.352}% 92
\BOOKMARK [1][-]{section.385}{\376\377\000F\000u\000n\000c\000i\000o\000n\000e\000s\000\040\000d\000e\000\040\000c\000o\000s\000t\000e\000\040\000o\000\040\000e\000r\000r\000o\000r}{chapter.352}% 93
\BOOKMARK [2][-]{subsection.386}{\376\377\000L\000o\000g\000a\000r\000t\000i\000m\000o\000\040\000n\000e\000g\000a\000t\000i\000v\000o\000\040\000d\000e\000\040\000l\000a\000\040\000v\000e\000r\000o\000s\000i\000m\000i\000l\000i\000t\000u\000d}{section.385}% 94
\BOOKMARK [2][-]{subsection.389}{\376\377\000S\000u\000m\000a\000\040\000d\000e\000l\000\040\000e\000r\000r\000o\000r\000\040\000c\000u\000a\000d\000r\000\341\000t\000i\000c\000o}{section.385}% 95
\BOOKMARK [2][-]{subsection.392}{\376\377\000E\000n\000t\000r\000o\000p\000\355\000a\000\040\000c\000r\000u\000z\000a\000d\000a}{section.385}% 96
\BOOKMARK [1][-]{section.407}{\376\377\000A\000j\000u\000s\000t\000e\000\040\000d\000e\000\040\000l\000a\000\040\000r\000e\000d}{chapter.352}% 97
\BOOKMARK [2][-]{subsection.408}{\376\377\000P\000r\000o\000b\000l\000e\000m\000a\000\040\000d\000e\000\040\000o\000p\000t\000i\000m\000i\000z\000a\000c\000i\000\363\000n}{section.407}% 98
\BOOKMARK [2][-]{subsection.414}{\376\377\000R\000e\000t\000r\000o\000p\000r\000o\000p\000a\000g\000a\000c\000i\000\363\000n}{section.407}% 99
\BOOKMARK [2][-]{subsection.429}{\376\377\000D\000e\000s\000c\000e\000n\000s\000o\000\040\000d\000e\000\040\000g\000r\000a\000d\000i\000e\000n\000t\000e}{section.407}% 100
\BOOKMARK [2][-]{subsection.433}{\376\377\000I\000n\000i\000c\000i\000a\000l\000i\000z\000a\000c\000i\000\363\000n\000\040\000d\000e\000\040\000p\000e\000s\000o\000s}{section.407}% 101
\BOOKMARK [2][-]{subsection.434}{\376\377\000S\000o\000b\000r\000e\000a\000j\000u\000s\000t\000e}{section.407}% 102
\BOOKMARK [2][-]{subsection.436}{\376\377\000E\000s\000c\000a\000l\000a\000d\000o\000\040\000d\000e\000\040\000l\000a\000s\000\040\000e\000n\000t\000r\000a\000d\000a\000s}{section.407}% 103
\BOOKMARK [2][-]{subsection.437}{\376\377\000N\000\372\000m\000e\000r\000o\000\040\000d\000e\000\040\000u\000n\000i\000d\000a\000d\000e\000s\000\040\000o\000c\000u\000l\000t\000a\000s\000\040\000y\000\040\000c\000a\000p\000a\000s}{section.407}% 104
\BOOKMARK [2][-]{subsection.438}{\376\377\000M\000\372\000l\000t\000i\000p\000l\000e\000s\000\040\000m\000\355\000n\000i\000m\000o\000s}{section.407}% 105
\BOOKMARK [2][-]{subsection.439}{\376\377\000V\000e\000l\000o\000c\000i\000d\000a\000d\000\040\000d\000e\000\040\000a\000p\000r\000e\000n\000d\000i\000z\000a\000j\000e}{section.407}% 106
\BOOKMARK [2][-]{subsection.443}{\376\377\000H\000i\000p\000e\000r\000p\000a\000r\000\341\000m\000e\000t\000r\000o\000s}{section.407}% 107
\BOOKMARK [2][-]{subsection.444}{\376\377\000O\000p\000t\000i\000m\000i\000z\000a\000c\000i\000\363\000n}{section.407}% 108
\BOOKMARK [1][-]{section.452}{\376\377\000E\000j\000e\000m\000p\000l\000o\000:\000\040\000d\000a\000t\000o\000s\000\040\000d\000e\000\040\000Z\000I\000P\000\040\000c\000o\000d\000e}{chapter.352}% 109
\BOOKMARK [1][-]{section.458}{\376\377\000E\000j\000e\000r\000c\000i\000c\000i\000o}{chapter.352}% 110
\BOOKMARK [0][-]{chapter.465}{\376\377\000M\000\341\000q\000u\000i\000n\000a\000s\000\040\000d\000e\000\040\000v\000e\000c\000t\000o\000r\000e\000s\000\040\000d\000e\000\040\000s\000o\000p\000o\000r\000t\000e}{}% 111
\BOOKMARK [1][-]{section.466}{\376\377\000C\000l\000a\000s\000i\000f\000i\000c\000a\000d\000o\000r\000\040\000d\000e\000\040\000m\000\341\000x\000i\000m\000o\000\040\000m\000a\000r\000g\000e\000n}{chapter.465}% 112
\BOOKMARK [2][-]{subsection.467}{\376\377\000H\000i\000p\000e\000r\000p\000l\000a\000n\000o}{section.466}% 113
\BOOKMARK [2][-]{subsection.473}{\376\377\000C\000l\000a\000s\000i\000f\000i\000c\000a\000c\000i\000\363\000n\000\040\000u\000s\000a\000n\000d\000o\000\040\000u\000n\000\040\000h\000i\000p\000e\000r\000p\000l\000a\000n\000o\000\040\000s\000e\000p\000a\000r\000a\000d\000o\000r}{section.466}% 114
\BOOKMARK [2][-]{subsection.480}{\376\377\000C\000l\000a\000s\000i\000f\000i\000c\000a\000d\000o\000r\000\040\000d\000e\000\040\000m\000\341\000x\000i\000m\000o\000\040\000m\000a\000r\000g\000e\000n}{section.466}% 115
\BOOKMARK [2][-]{subsection.482}{\376\377\000C\000o\000n\000s\000t\000r\000u\000c\000c\000i\000\363\000n\000\040\000d\000e\000l\000\040\000c\000l\000a\000s\000i\000f\000i\000c\000a\000d\000o\000r\000\040\000d\000e\000\040\000m\000\341\000x\000i\000m\000o\000\040\000m\000a\000r\000g\000e\000n}{section.466}% 116
\BOOKMARK [2][-]{subsection.507}{\376\377\000E\000l\000\040\000c\000a\000s\000o\000\040\000n\000o\000\040\000s\000e\000p\000a\000r\000a\000b\000l\000e}{section.466}% 117
\BOOKMARK [2][-]{subsection.509}{\376\377\000C\000l\000a\000s\000i\000f\000i\000c\000a\000d\000o\000r\000\040\000d\000e\000\040\000v\000e\000c\000t\000o\000r\000e\000s\000\040\000d\000e\000\040\000s\000o\000p\000o\000r\000t\000e}{section.466}% 118
\BOOKMARK [1][-]{section.528}{\376\377\000M\000\341\000q\000u\000i\000n\000a\000s\000\040\000d\000e\000\040\000v\000e\000c\000t\000o\000r\000e\000s\000\040\000d\000e\000\040\000s\000o\000p\000o\000r\000t\000e}{chapter.465}% 119
\BOOKMARK [1][-]{section.543}{\376\377\000S\000V\000M\000\040\000d\000e\000\040\000c\000l\000a\000s\000i\000f\000i\000c\000a\000c\000i\000\363\000n\000\040\000c\000o\000n\000\040\000d\000e\000\040\000m\000\341\000s\000\040\000d\000e\000\040\000d\000o\000s\000\040\000c\000l\000a\000s\000e\000s}{chapter.465}% 120
\BOOKMARK [1][-]{section.547}{\376\377\000S\000V\000M\000s\000\040\000p\000a\000r\000a\000\040\000r\000e\000g\000r\000e\000s\000i\000\363\000n}{chapter.465}% 121
\BOOKMARK [1][-]{section.556}{\376\377\000E\000j\000e\000r\000c\000i\000c\000i\000o}{chapter.465}% 122
\BOOKMARK [0][-]{chapter.574}{\376\377\000B\000o\000o\000s\000t\000i\000n\000g\000\040\000y\000\040\000\341\000r\000b\000o\000l\000e\000s\000\040\000a\000d\000i\000t\000i\000v\000o\000s}{}% 123
\BOOKMARK [1][-]{section.579}{\376\377\000A\000j\000u\000s\000t\000e\000s\000\040\000d\000e\000\040\000b\000o\000o\000s\000t\000i\000n\000g\000\040\000y\000\040\000m\000o\000d\000e\000l\000o\000s\000\040\000a\000d\000i\000t\000i\000v\000o\000s}{chapter.574}% 124
\BOOKMARK [1][-]{section.583}{\376\377\000M\000o\000d\000e\000l\000a\000d\000o\000\040\000a\000d\000i\000t\000i\000v\000o\000\040\000s\000e\000c\000u\000e\000n\000c\000i\000a\000l\000\040\000h\000a\000c\000i\000a\000\040\000d\000e\000l\000a\000n\000t\000e}{chapter.574}% 125
\BOOKMARK [1][-]{section.587}{\376\377\000F\000u\000n\000c\000i\000o\000n\000e\000s\000\040\000d\000e\000\040\000p\000\351\000r\000d\000i\000d\000a}{chapter.574}% 126
\BOOKMARK [1][-]{section.597}{\376\377\000\301\000r\000b\000o\000l\000e\000s\000\040\000d\000e\000\040\000b\000o\000o\000s\000t\000i\000n\000g}{chapter.574}% 127
\BOOKMARK [1][-]{section.605}{\376\377\000O\000p\000t\000i\000m\000i\000z\000a\000c\000i\000\363\000n\000\040\000n\000u\000m\000\351\000r\000i\000c\000a\000\040\000m\000e\000d\000i\000a\000n\000t\000e\000\040\000G\000r\000a\000d\000i\000e\000n\000t\000\040\000B\000o\000o\000s\000t\000i\000n\000g}{chapter.574}% 128
\BOOKMARK [2][-]{subsection.610}{\376\377\000S\000t\000e\000e\000p\000e\000s\000t\000\040\000d\000e\000s\000c\000e\000n\000t}{section.605}% 129
\BOOKMARK [2][-]{subsection.614}{\376\377\000G\000r\000a\000d\000i\000e\000n\000t\000\040\000B\000o\000o\000s\000t\000i\000n\000g}{section.605}% 130
\BOOKMARK [2][-]{subsection.617}{\376\377\000I\000m\000p\000l\000e\000m\000e\000n\000t\000a\000c\000i\000\363\000n\000\040\000d\000e\000\040\000G\000r\000a\000d\000i\000e\000n\000t\000\040\000B\000o\000o\000s\000t\000i\000n\000g}{section.605}% 131
\BOOKMARK [1][-]{section.620}{\376\377\000R\000e\000g\000u\000l\000a\000r\000i\000z\000a\000c\000i\000\363\000n}{chapter.574}% 132
\BOOKMARK [2][-]{subsection.621}{\376\377\000C\000o\000n\000t\000r\000a\000c\000c\000i\000\363\000n}{section.620}% 133
\BOOKMARK [2][-]{subsection.623}{\376\377\000S\000u\000b\000m\000u\000e\000s\000t\000r\000e\000o}{section.620}% 134
\BOOKMARK [1][-]{section.624}{\376\377\000I\000n\000t\000e\000r\000p\000r\000e\000t\000a\000c\000i\000\363\000n}{chapter.574}% 135
\BOOKMARK [0][-]{chapter.628}{\376\377\000B\000a\000g\000g\000i\000n\000g}{}% 136
\BOOKMARK [1][-]{section.629}{\376\377\000I\000n\000t\000r\000o\000d\000u\000c\000c\000i\000\363\000n}{chapter.628}% 137
\BOOKMARK [1][-]{section.636}{\376\377\000R\000a\000n\000d\000o\000m\000\040\000F\000o\000r\000e\000s\000t}{chapter.628}% 138
\BOOKMARK [2][-]{subsection.637}{\376\377\000D\000e\000f\000i\000n\000i\000c\000i\000\363\000n}{section.636}% 139
\BOOKMARK [2][-]{subsection.645}{\376\377\000M\000u\000e\000s\000t\000r\000a\000s\000\040\000o\000u\000t\000\040\000o\000f\000\040\000b\000a\000g}{section.636}% 140
\BOOKMARK [2][-]{subsection.647}{\376\377\000S\000o\000b\000r\000e\000a\000j\000u\000s\000t\000e\000\040\000e\000n\000\040\000r\000a\000n\000d\000o\000m\000\040\000f\000o\000r\000e\000s\000t}{section.636}% 141
