This is pdfTeX, Version 3.141592653-2.6-1.40.26 (TeX Live 2024) (preloaded format=pdflatex 2024.4.30)  16 OCT 2024 11:04
entering extended mode
 restricted \write18 enabled.
 file:line:error style messages enabled.
 %&-line parsing enabled.
**"/Users/luisi/Documents/Master/1. Inteligencia de negocio/Trabajo_dirigido/mainMain.tex"
(/Users/luisi/Documents/Master/1. Inteligencia de negocio/Trabajo_dirigido/mainMain.tex
LaTeX2e <2023-11-01> patch level 1
L3 programming layer <2024-02-20>
(/usr/local/texlive/2024/texmf-dist/tex/latex/base/book.cls
Document Class: book 2023/05/17 v1.4n Standard LaTeX document class
(/usr/local/texlive/2024/texmf-dist/tex/latex/base/bk10.clo
File: bk10.clo 2023/05/17 v1.4n Standard LaTeX file (size option)
)
\c@part=\count188
\c@chapter=\count189
\c@section=\count190
\c@subsection=\count191
\c@subsubsection=\count192
\c@paragraph=\count193
\c@subparagraph=\count194
\c@figure=\count195
\c@table=\count196
\abovecaptionskip=\skip48
\belowcaptionskip=\skip49
\bibindent=\dimen140
)

! LaTeX Error: File `opticajournal.sty' not found.

Type X to quit or <RETURN> to proceed,
or enter new name. (Default extension: sty)

Enter file name: 
/Users/luisi/Documents/Master/1. Inteligencia de negocio/Trabajo_dirigido/mainMain.tex:3: Emergency stop.
<read *> 
         
l.3 \usepackage
               {opticajnl}^^M
*** (cannot \read from terminal in nonstop modes)

 
Here is how much of TeX's memory you used:
 252 strings out of 474116
 3281 string characters out of 5743682
 1925187 words of memory out of 5000000
 22702 multiletter control sequences out of 15000+600000
 558069 words of font info for 36 fonts, out of 8000000 for 9000
 1141 hyphenation exceptions out of 8191
 35i,0n,38p,259b,36s stack positions out of 10000i,1000n,20000p,200000b,200000s
/Users/luisi/Documents/Master/1. Inteligencia de negocio/Trabajo_dirigido/mainMain.tex:3:  ==> Fatal error occurred, no output PDF file produced!
