This is pdfTeX, Version 3.141592653-2.6-1.40.26 (TeX Live 2024) (preloaded format=pdflatex 2024.4.30)  22 DEC 2024 21:33
entering extended mode
 \write18 enabled.
 file:line:error style messages enabled.
 %&-line parsing enabled.
**"/Users/luisi/Documents/Master-Big-Data/Bases de datos a gran escala/Practica/main.tex"
(/Users/luisi/Documents/Master-Big-Data/Bases de datos a gran escala/Practica/main.tex
LaTeX2e <2023-11-01> patch level 1
L3 programming layer <2024-02-20>
(./opticajnl.cls
Document Class: opticajnl 2023/03/03, v1.01
(/usr/local/texlive/2024/texmf-dist/tex/latex/extsizes/extarticle.cls
Document Class: extarticle 1996/10/08 v1.0 Non Standard LaTeX document class
(/usr/local/texlive/2024/texmf-dist/tex/latex/base/size11.clo
File: size11.clo 2023/05/17 v1.4n Standard LaTeX file (size option)
) (/usr/local/texlive/2024/texmf-dist/tex/latex/base/exscale.sty
Package: exscale 2018/09/24 v2.1i Standard LaTeX package exscale
LaTeX Font Info:    Redeclaring symbol font `largesymbols' on input line 57.
LaTeX Font Info:    Overwriting symbol font `largesymbols' in version `normal'
(Font)                  OMX/cmex/m/n --> OMX/cmex/m/n on input line 57.
LaTeX Font Info:    Overwriting symbol font `largesymbols' in version `bold'
(Font)                  OMX/cmex/m/n --> OMX/cmex/m/n on input line 57.
\big@size=\dimen140
)
\c@part=\count188
\c@section=\count189
\c@subsection=\count190
\c@subsubsection=\count191
\c@paragraph=\count192
\c@subparagraph=\count193
\c@figure=\count194
\c@table=\count195
\abovecaptionskip=\skip48
\belowcaptionskip=\skip49
\bibindent=\dimen141
) (/usr/local/texlive/2024/texmf-dist/tex/latex/base/inputenc.sty
Package: inputenc 2021/02/14 v1.3d Input encoding file
\inpenc@prehook=\toks17
\inpenc@posthook=\toks18
) (/usr/local/texlive/2024/texmf-dist/tex/generic/babel/babel.sty
Package: babel 2024/02/07 v24.2 The Babel package
\babel@savecnt=\count196
\U@D=\dimen142
\l@unhyphenated=\language89
 (/usr/local/texlive/2024/texmf-dist/tex/generic/babel/txtbabel.def)
\bbl@readstream=\read2
\bbl@dirlevel=\count197
 (/usr/local/texlive/2024/texmf-dist/tex/generic/babel-english/english.ldf
Language: english 2017/06/06 v3.3r English support from the babel system
Package babel Info: Hyphen rules for 'canadian' set to \l@english
(babel)             (\language0). Reported on input line 102.
Package babel Info: Hyphen rules for 'australian' set to \l@ukenglish
(babel)             (\language23). Reported on input line 105.
Package babel Info: Hyphen rules for 'newzealand' set to \l@ukenglish
(babel)             (\language23). Reported on input line 108.
)) (/usr/local/texlive/2024/texmf-dist/tex/generic/babel/locale/en/babel-english.tex
Package babel Info: Importing font and identification data for english
(babel)             from babel-en.ini. Reported on input line 11.
) (/usr/local/texlive/2024/texmf-dist/tex/latex/mathtools/mathtools.sty
Package: mathtools 2024/03/11 v1.30 mathematical typesetting tools
 (/usr/local/texlive/2024/texmf-dist/tex/latex/graphics/keyval.sty
Package: keyval 2022/05/29 v1.15 key=value parser (DPC)
\KV@toks@=\toks19
) (/usr/local/texlive/2024/texmf-dist/tex/latex/tools/calc.sty
Package: calc 2023/07/08 v4.3 Infix arithmetic (KKT,FJ)
\calc@Acount=\count198
\calc@Bcount=\count199
\calc@Adimen=\dimen143
\calc@Bdimen=\dimen144
\calc@Askip=\skip50
\calc@Bskip=\skip51
LaTeX Info: Redefining \setlength on input line 80.
LaTeX Info: Redefining \addtolength on input line 81.
\calc@Ccount=\count266
\calc@Cskip=\skip52
) (/usr/local/texlive/2024/texmf-dist/tex/latex/mathtools/mhsetup.sty
Package: mhsetup 2021/03/18 v1.4 programming setup (MH)
) (/usr/local/texlive/2024/texmf-dist/tex/latex/amsmath/amsmath.sty
Package: amsmath 2023/05/13 v2.17o AMS math features
\@mathmargin=\skip53

For additional information on amsmath, use the `?' option.
(/usr/local/texlive/2024/texmf-dist/tex/latex/amsmath/amstext.sty
Package: amstext 2021/08/26 v2.01 AMS text
 (/usr/local/texlive/2024/texmf-dist/tex/latex/amsmath/amsgen.sty
File: amsgen.sty 1999/11/30 v2.0 generic functions
\@emptytoks=\toks20
\ex@=\dimen145
)) (/usr/local/texlive/2024/texmf-dist/tex/latex/amsmath/amsbsy.sty
Package: amsbsy 1999/11/29 v1.2d Bold Symbols
\pmbraise@=\dimen146
) (/usr/local/texlive/2024/texmf-dist/tex/latex/amsmath/amsopn.sty
Package: amsopn 2022/04/08 v2.04 operator names
)
\inf@bad=\count267
LaTeX Info: Redefining \frac on input line 234.
\uproot@=\count268
\leftroot@=\count269
LaTeX Info: Redefining \overline on input line 399.
LaTeX Info: Redefining \colon on input line 410.
\classnum@=\count270
\DOTSCASE@=\count271
LaTeX Info: Redefining \ldots on input line 496.
LaTeX Info: Redefining \dots on input line 499.
LaTeX Info: Redefining \cdots on input line 620.
\Mathstrutbox@=\box51
\strutbox@=\box52
LaTeX Info: Redefining \big on input line 722.
LaTeX Info: Redefining \Big on input line 723.
LaTeX Info: Redefining \bigg on input line 724.
LaTeX Info: Redefining \Bigg on input line 725.
\big@size=\dimen147
LaTeX Font Info:    Redeclaring font encoding OML on input line 743.
LaTeX Font Info:    Redeclaring font encoding OMS on input line 744.
\macc@depth=\count272
LaTeX Info: Redefining \bmod on input line 905.
LaTeX Info: Redefining \pmod on input line 910.
LaTeX Info: Redefining \smash on input line 940.
LaTeX Info: Redefining \relbar on input line 970.
LaTeX Info: Redefining \Relbar on input line 971.
\c@MaxMatrixCols=\count273
\dotsspace@=\muskip16
\c@parentequation=\count274
\dspbrk@lvl=\count275
\tag@help=\toks21
\row@=\count276
\column@=\count277
\maxfields@=\count278
\andhelp@=\toks22
\eqnshift@=\dimen148
\alignsep@=\dimen149
\tagshift@=\dimen150
\tagwidth@=\dimen151
\totwidth@=\dimen152
\lineht@=\dimen153
\@envbody=\toks23
\multlinegap=\skip54
\multlinetaggap=\skip55
\mathdisplay@stack=\toks24
LaTeX Info: Redefining \[ on input line 2953.
LaTeX Info: Redefining \] on input line 2954.
)
\g_MT_multlinerow_int=\count279
\l_MT_multwidth_dim=\dimen154
\origjot=\skip56
\l_MT_shortvdotswithinadjustabove_dim=\dimen155
\l_MT_shortvdotswithinadjustbelow_dim=\dimen156
\l_MT_above_intertext_sep=\dimen157
\l_MT_below_intertext_sep=\dimen158
\l_MT_above_shortintertext_sep=\dimen159
\l_MT_below_shortintertext_sep=\dimen160
\xmathstrut@box=\box53
\xmathstrut@dim=\dimen161
) (/usr/local/texlive/2024/texmf-dist/tex/latex/amsfonts/amsfonts.sty
Package: amsfonts 2013/01/14 v3.01 Basic AMSFonts support
\symAMSa=\mathgroup4
\symAMSb=\mathgroup5
LaTeX Font Info:    Redeclaring math symbol \hbar on input line 98.
LaTeX Font Info:    Overwriting math alphabet `\mathfrak' in version `bold'
(Font)                  U/euf/m/n --> U/euf/b/n on input line 106.
) (/usr/local/texlive/2024/texmf-dist/tex/latex/amsfonts/amssymb.sty
Package: amssymb 2013/01/14 v3.01 AMS font symbols
) (/usr/local/texlive/2024/texmf-dist/tex/latex/amscls/amsthm.sty
Package: amsthm 2020/05/29 v2.20.6
\thm@style=\toks25
\thm@bodyfont=\toks26
\thm@headfont=\toks27
\thm@notefont=\toks28
\thm@headpunct=\toks29
\thm@preskip=\skip57
\thm@postskip=\skip58
\thm@headsep=\skip59
\dth@everypar=\toks30
) (/usr/local/texlive/2024/texmf-dist/tex/latex/psnfss/mathpazo.sty
Package: mathpazo 2020/03/25 PSNFSS-v9.3 Palatino w/ Pazo Math (D.Puga, WaS) 
\symupright=\mathgroup6
) (/usr/local/texlive/2024/texmf-dist/tex/latex/psnfss/helvet.sty
Package: helvet 2020/03/25 PSNFSS-v9.3 (WaS) 
) (/usr/local/texlive/2024/texmf-dist/tex/latex/base/fontenc.sty
Package: fontenc 2021/04/29 v2.0v Standard LaTeX package
LaTeX Font Info:    Trying to load font information for T1+ppl on input line 112.
 (/usr/local/texlive/2024/texmf-dist/tex/latex/psnfss/t1ppl.fd
File: t1ppl.fd 2001/06/04 font definitions for T1/ppl.
)) (/usr/local/texlive/2024/texmf-dist/tex/latex/url/url.sty
\Urlmuskip=\muskip17
Package: url 2013/09/16  ver 3.4  Verb mode for urls, etc.
) (/usr/local/texlive/2024/texmf-dist/tex/latex/xcolor/xcolor.sty
Package: xcolor 2023/11/15 v3.01 LaTeX color extensions (UK)
 (/usr/local/texlive/2024/texmf-dist/tex/latex/graphics-cfg/color.cfg
File: color.cfg 2016/01/02 v1.6 sample color configuration
)
Package xcolor Info: Driver file: pdftex.def on input line 274.
 (/usr/local/texlive/2024/texmf-dist/tex/latex/graphics-def/pdftex.def
File: pdftex.def 2022/09/22 v1.2b Graphics/color driver for pdftex
) (/usr/local/texlive/2024/texmf-dist/tex/latex/graphics/mathcolor.ltx)
Package xcolor Info: Model `cmy' substituted by `cmy0' on input line 1350.
Package xcolor Info: Model `hsb' substituted by `rgb' on input line 1354.
Package xcolor Info: Model `RGB' extended on input line 1366.
Package xcolor Info: Model `HTML' substituted by `rgb' on input line 1368.
Package xcolor Info: Model `Hsb' substituted by `hsb' on input line 1369.
Package xcolor Info: Model `tHsb' substituted by `hsb' on input line 1370.
Package xcolor Info: Model `HSB' substituted by `hsb' on input line 1371.
Package xcolor Info: Model `Gray' substituted by `gray' on input line 1372.
Package xcolor Info: Model `wave' substituted by `hsb' on input line 1373.
) (/usr/local/texlive/2024/texmf-dist/tex/latex/hyperref/hyperref.sty
Package: hyperref 2024-01-20 v7.01h Hypertext links for LaTeX
 (/usr/local/texlive/2024/texmf-dist/tex/generic/iftex/iftex.sty
Package: iftex 2022/02/03 v1.0f TeX engine tests
) (/usr/local/texlive/2024/texmf-dist/tex/latex/kvsetkeys/kvsetkeys.sty
Package: kvsetkeys 2022-10-05 v1.19 Key value parser (HO)
) (/usr/local/texlive/2024/texmf-dist/tex/generic/kvdefinekeys/kvdefinekeys.sty
Package: kvdefinekeys 2019-12-19 v1.6 Define keys (HO)
) (/usr/local/texlive/2024/texmf-dist/tex/generic/pdfescape/pdfescape.sty
Package: pdfescape 2019/12/09 v1.15 Implements pdfTeX's escape features (HO)
 (/usr/local/texlive/2024/texmf-dist/tex/generic/ltxcmds/ltxcmds.sty
Package: ltxcmds 2023-12-04 v1.26 LaTeX kernel commands for general use (HO)
) (/usr/local/texlive/2024/texmf-dist/tex/generic/pdftexcmds/pdftexcmds.sty
Package: pdftexcmds 2020-06-27 v0.33 Utility functions of pdfTeX for LuaTeX (HO)
 (/usr/local/texlive/2024/texmf-dist/tex/generic/infwarerr/infwarerr.sty
Package: infwarerr 2019/12/03 v1.5 Providing info/warning/error messages (HO)
)
Package pdftexcmds Info: \pdf@primitive is available.
Package pdftexcmds Info: \pdf@ifprimitive is available.
Package pdftexcmds Info: \pdfdraftmode found.
)) (/usr/local/texlive/2024/texmf-dist/tex/latex/hycolor/hycolor.sty
Package: hycolor 2020-01-27 v1.10 Color options for hyperref/bookmark (HO)
) (/usr/local/texlive/2024/texmf-dist/tex/latex/auxhook/auxhook.sty
Package: auxhook 2019-12-17 v1.6 Hooks for auxiliary files (HO)
) (/usr/local/texlive/2024/texmf-dist/tex/latex/hyperref/nameref.sty
Package: nameref 2023-11-26 v2.56 Cross-referencing by name of section
 (/usr/local/texlive/2024/texmf-dist/tex/latex/refcount/refcount.sty
Package: refcount 2019/12/15 v3.6 Data extraction from label references (HO)
) (/usr/local/texlive/2024/texmf-dist/tex/generic/gettitlestring/gettitlestring.sty
Package: gettitlestring 2019/12/15 v1.6 Cleanup title references (HO)
 (/usr/local/texlive/2024/texmf-dist/tex/latex/kvoptions/kvoptions.sty
Package: kvoptions 2022-06-15 v3.15 Key value format for package options (HO)
))
\c@section@level=\count280
) (/usr/local/texlive/2024/texmf-dist/tex/latex/etoolbox/etoolbox.sty
Package: etoolbox 2020/10/05 v2.5k e-TeX tools for LaTeX (JAW)
\etb@tempcnta=\count281
)
\@linkdim=\dimen162
\Hy@linkcounter=\count282
\Hy@pagecounter=\count283
 (/usr/local/texlive/2024/texmf-dist/tex/latex/hyperref/pd1enc.def
File: pd1enc.def 2024-01-20 v7.01h Hyperref: PDFDocEncoding definition (HO)
Now handling font encoding PD1 ...
... no UTF-8 mapping file for font encoding PD1
) (/usr/local/texlive/2024/texmf-dist/tex/generic/intcalc/intcalc.sty
Package: intcalc 2019/12/15 v1.3 Expandable calculations with integers (HO)
)
\Hy@SavedSpaceFactor=\count284
 (/usr/local/texlive/2024/texmf-dist/tex/latex/hyperref/puenc.def
File: puenc.def 2024-01-20 v7.01h Hyperref: PDF Unicode definition (HO)
Now handling font encoding PU ...
... no UTF-8 mapping file for font encoding PU
)
Package hyperref Info: Option `colorlinks' set `true' on input line 4062.
Package hyperref Info: Hyper figures OFF on input line 4179.
Package hyperref Info: Link nesting OFF on input line 4184.
Package hyperref Info: Hyper index ON on input line 4187.
Package hyperref Info: Plain pages OFF on input line 4194.
Package hyperref Info: Backreferencing OFF on input line 4199.
Package hyperref Info: Implicit mode ON; LaTeX internals redefined.
Package hyperref Info: Bookmarks ON on input line 4446.
\c@Hy@tempcnt=\count285
LaTeX Info: Redefining \url on input line 4784.
\XeTeXLinkMargin=\dimen163
 (/usr/local/texlive/2024/texmf-dist/tex/generic/bitset/bitset.sty
Package: bitset 2019/12/09 v1.3 Handle bit-vector datatype (HO)
 (/usr/local/texlive/2024/texmf-dist/tex/generic/bigintcalc/bigintcalc.sty
Package: bigintcalc 2019/12/15 v1.5 Expandable calculations on big integers (HO)
))
\Fld@menulength=\count286
\Field@Width=\dimen164
\Fld@charsize=\dimen165
Package hyperref Info: Hyper figures OFF on input line 6063.
Package hyperref Info: Link nesting OFF on input line 6068.
Package hyperref Info: Hyper index ON on input line 6071.
Package hyperref Info: backreferencing OFF on input line 6078.
Package hyperref Info: Link coloring ON on input line 6081.
Package hyperref Info: Link coloring with OCG OFF on input line 6088.
Package hyperref Info: PDF/A mode OFF on input line 6093.
 (/usr/local/texlive/2024/texmf-dist/tex/latex/base/atbegshi-ltx.sty
Package: atbegshi-ltx 2021/01/10 v1.0c Emulation of the original atbegshi
package with kernel methods
)
\Hy@abspage=\count287
\c@Item=\count288
\c@Hfootnote=\count289
)
Package hyperref Info: Driver (autodetected): hpdftex.
 (/usr/local/texlive/2024/texmf-dist/tex/latex/hyperref/hpdftex.def
File: hpdftex.def 2024-01-20 v7.01h Hyperref driver for pdfTeX
 (/usr/local/texlive/2024/texmf-dist/tex/latex/base/atveryend-ltx.sty
Package: atveryend-ltx 2020/08/19 v1.0a Emulation of the original atveryend package
with kernel methods
)
\Fld@listcount=\count290
\c@bookmark@seq@number=\count291
 (/usr/local/texlive/2024/texmf-dist/tex/latex/rerunfilecheck/rerunfilecheck.sty
Package: rerunfilecheck 2022-07-10 v1.10 Rerun checks for auxiliary files (HO)
 (/usr/local/texlive/2024/texmf-dist/tex/generic/uniquecounter/uniquecounter.sty
Package: uniquecounter 2019/12/15 v1.4 Provide unlimited unique counter (HO)
)
Package uniquecounter Info: New unique counter `rerunfilecheck' on input line 285.
)
\Hy@SectionHShift=\skip60
) (/usr/local/texlive/2024/texmf-dist/tex/latex/preprint/authblk.sty
Package: authblk 2001/02/27 1.3 (PWD)
\affilsep=\skip61
\@affilsep=\skip62
\c@Maxaffil=\count292
\c@authors=\count293
\c@affil=\count294
) (/usr/local/texlive/2024/texmf-dist/tex/latex/xifthen/xifthen.sty
Package: xifthen 2015/11/05 v1.4.0 Extended ifthen features
 (/usr/local/texlive/2024/texmf-dist/tex/latex/base/ifthen.sty
Package: ifthen 2022/04/13 v1.1d Standard LaTeX ifthen package (DPC)
) (/usr/local/texlive/2024/texmf-dist/tex/latex/ifmtarg/ifmtarg.sty
Package: ifmtarg 2018/04/16 v1.2b check for an empty argument
)) (/usr/local/texlive/2024/texmf-dist/tex/latex/base/textcomp.sty
Package: textcomp 2020/02/02 v2.0n Standard LaTeX package
) (/usr/local/texlive/2024/texmf-dist/tex/latex/graphics/graphicx.sty
Package: graphicx 2021/09/16 v1.2d Enhanced LaTeX Graphics (DPC,SPQR)
 (/usr/local/texlive/2024/texmf-dist/tex/latex/graphics/graphics.sty
Package: graphics 2022/03/10 v1.4e Standard LaTeX Graphics (DPC,SPQR)
 (/usr/local/texlive/2024/texmf-dist/tex/latex/graphics/trig.sty
Package: trig 2021/08/11 v1.11 sin cos tan (DPC)
) (/usr/local/texlive/2024/texmf-dist/tex/latex/graphics-cfg/graphics.cfg
File: graphics.cfg 2016/06/04 v1.11 sample graphics configuration
)
Package graphics Info: Driver file: pdftex.def on input line 107.
)
\Gin@req@height=\dimen166
\Gin@req@width=\dimen167
) (/usr/local/texlive/2024/texmf-dist/tex/latex/float/float.sty
Package: float 2001/11/08 v1.3d Float enhancements (AL)
\c@float@type=\count295
\float@exts=\toks31
\float@box=\box54
\@float@everytoks=\toks32
\@floatcapt=\box55
) (/usr/local/texlive/2024/texmf-dist/tex/latex/colortbl/colortbl.sty
Package: colortbl 2024/02/20 v1.0g Color table columns (DPC)
 (/usr/local/texlive/2024/texmf-dist/tex/latex/tools/array.sty
Package: array 2023/10/16 v2.5g Tabular extension package (FMi)
\col@sep=\dimen168
\ar@mcellbox=\box56
\extrarowheight=\dimen169
\NC@list=\toks33
\extratabsurround=\skip63
\backup@length=\skip64
\ar@cellbox=\box57
)
\everycr=\toks34
\minrowclearance=\skip65
\rownum=\count296
)

LaTeX Warning: Package "xcolor" has already been loaded: ignoring load-time
(LaTeX)        option "xcdraw".

(/usr/local/texlive/2024/texmf-dist/tex/latex/multirow/multirow.sty
Package: multirow 2021/03/15 v2.8 Span multiple rows of a table
\multirow@colwidth=\skip66
\multirow@cntb=\count297
\multirow@dima=\skip67
\bigstrutjot=\dimen170
) (/usr/local/texlive/2024/texmf-dist/tex/latex/caption/caption.sty
Package: caption 2023/08/05 v3.6o Customizing captions (AR)
 (/usr/local/texlive/2024/texmf-dist/tex/latex/caption/caption3.sty
Package: caption3 2023/07/31 v2.4d caption3 kernel (AR)
\caption@tempdima=\dimen171
\captionmargin=\dimen172
\caption@leftmargin=\dimen173
\caption@rightmargin=\dimen174
\caption@width=\dimen175
\caption@indent=\dimen176
\caption@parindent=\dimen177
\caption@hangindent=\dimen178
Package caption Info: Standard document class detected.
)
\c@caption@flags=\count298
\c@continuedfloat=\count299
Package caption Info: float package is loaded.
Package caption Info: hyperref package is loaded.
) (/usr/local/texlive/2024/texmf-dist/tex/latex/caption/subcaption.sty
Package: subcaption 2023/07/28 v1.6b Sub-captions (AR)
Package caption Info: New subtype `subfigure' on input line 238.
\c@subfigure=\count300
Package caption Info: New subtype `subtable' on input line 238.
\c@subtable=\count301
) (/usr/local/texlive/2024/texmf-dist/tex/latex/booktabs/booktabs.sty
Package: booktabs 2020/01/12 v1.61803398 Publication quality tables
\heavyrulewidth=\dimen179
\lightrulewidth=\dimen180
\cmidrulewidth=\dimen181
\belowrulesep=\dimen182
\belowbottomsep=\dimen183
\aboverulesep=\dimen184
\abovetopsep=\dimen185
\cmidrulesep=\dimen186
\cmidrulekern=\dimen187
\defaultaddspace=\dimen188
\@cmidla=\count302
\@cmidlb=\count303
\@aboverulesep=\dimen189
\@belowrulesep=\dimen190
\@thisruleclass=\count304
\@lastruleclass=\count305
\@thisrulewidth=\dimen191
) (/usr/local/texlive/2024/texmf-dist/tex/latex/algorithms/algorithm.sty
Package: algorithm 2009/08/24 v0.1 Document Style `algorithm' - floating environment
\@float@every@algorithm=\toks35
\c@algorithm=\count306
) (/usr/local/texlive/2024/texmf-dist/tex/latex/algorithmicx/algpseudocode.sty
Package: algpseudocode 
 (/usr/local/texlive/2024/texmf-dist/tex/latex/algorithmicx/algorithmicx.sty
Package: algorithmicx 2005/04/27 v1.2 Algorithmicx

Document Style algorithmicx 1.2 - a greatly improved `algorithmic' style
\c@ALG@line=\count307
\c@ALG@rem=\count308
\c@ALG@nested=\count309
\ALG@tlm=\skip68
\ALG@thistlm=\skip69
\c@ALG@Lnr=\count310
\c@ALG@blocknr=\count311
\c@ALG@storecount=\count312
\c@ALG@tmpcounter=\count313
\ALG@tmplength=\skip70
)
Document Style - pseudocode environments for use with the `algorithmicx' style
) (/usr/local/texlive/2024/texmf-dist/tex/latex/changepage/changepage.sty
Package: changepage 2009/10/20 v1.0c check page and change page layout
\c@cp@cntr=\count314
\cp@tempcnt=\count315
) (/usr/local/texlive/2024/texmf-dist/tex/latex/geometry/geometry.sty
Package: geometry 2020/01/02 v5.9 Page Geometry
 (/usr/local/texlive/2024/texmf-dist/tex/generic/iftex/ifvtex.sty
Package: ifvtex 2019/10/25 v1.7 ifvtex legacy package. Use iftex instead.
)
\Gm@cnth=\count316
\Gm@cntv=\count317
\c@Gm@tempcnt=\count318
\Gm@bindingoffset=\dimen192
\Gm@wd@mp=\dimen193
\Gm@odd@mp=\dimen194
\Gm@even@mp=\dimen195
\Gm@layoutwidth=\dimen196
\Gm@layoutheight=\dimen197
\Gm@layouthoffset=\dimen198
\Gm@layoutvoffset=\dimen199
\Gm@dimlist=\toks36
)
Package caption Info: Option `figurename' requires the `newfloat' package on input line 76.
 (/usr/local/texlive/2024/texmf-dist/tex/latex/newfloat/newfloat.sty
Package: newfloat 2023/10/01 v1.2 Defining new floating environments (AR)
Package newfloat Info: Unsupported document class, or \@chapter 
(newfloat)             was already redefined by another package.
Package newfloat Info: \@chapter = macro:->\def \Hy@next {\Hy@MakeCurrentHrefAuto {\Hy@chapapp *}\Hy@raisedlink {\hyper@anchorstart {\@currentHref }\hyper@anchorend }}\ifnum \c@secnumdepth >\m@ne \@ifundefined {if@mainmatter}\iftrue {\csname if@mainmatter\endcsname }\let \Hy@next \relax \fi \fi \Hy@next \Hy@org@chapter .
Package newfloat Info: \Hy@org@chapter = macro:[#1]#2->\NR@gettitle {#1}\NR@chapter [{#1}]{#2}.
Package newfloat Info: \algocf@original@chapter = undefined.
) (/usr/local/texlive/2024/texmf-dist/tex/latex/natbib/natbib.sty
Package: natbib 2010/09/13 8.31b (PWD, AO)
\bibhang=\skip71
\bibsep=\skip72
LaTeX Info: Redefining \cite on input line 694.
\c@NAT@ctr=\count319
)
\biblabelwidth=\skip73
LaTeX Font Info:    Trying to load font information for T1+phv on input line 94.
 (/usr/local/texlive/2024/texmf-dist/tex/latex/psnfss/t1phv.fd
File: t1phv.fd 2020/03/25 scalable font definitions for T1/phv.
)
LaTeX Font Info:    Font shape `T1/phv/m/n' will be
(Font)              scaled to size 10.40245pt on input line 94.
LaTeX Font Info:    Font shape `T1/phv/m/n' will be
(Font)              scaled to size 7.59998pt on input line 94.
 (./jabbrv.sty
Package: jabbrv 2010/08/18 v0.2 Automatic Journal Title Abbreviation Package
\temp@journal@text=\toks37
\temp@journal@text@=\toks38
\c@jabbrv@strlen@count=\count320
\c@jabbrv@gobble@temp=\count321
\c@jabbrv@loop@i=\count322
\c@jabbrv@loop@max=\count323
\c@jabbrv@word@count=\count324
 (build/jabbrv-ltwa-all.ldf) (build/jabbrv-ltwa-en.ldf)) (/usr/local/texlive/2024/texmf-dist/tex/latex/fancyhdr/fancyhdr.sty
Package: fancyhdr 2022/11/09 v4.1 Extensive control of page headers and footers
\f@nch@headwidth=\skip74
\f@nch@O@elh=\skip75
\f@nch@O@erh=\skip76
\f@nch@O@olh=\skip77
\f@nch@O@orh=\skip78
\f@nch@O@elf=\skip79
\f@nch@O@erf=\skip80
\f@nch@O@olf=\skip81
\f@nch@O@orf=\skip82
) (/usr/local/texlive/2024/texmf-dist/tex/latex/lastpage/lastpage.sty
Package: lastpage 2023/10/14 v2.0e lastpage: 2.09 or 2e? (HMM)
 (/usr/local/texlive/2024/texmf-dist/tex/latex/lastpage/lastpage2e.sty
Package: lastpage2e 2023/10/14 v2.0e Decide which 2e lastpage version to use (HMM)
 (/usr/local/texlive/2024/texmf-dist/tex/latex/lastpage/lastpagemodern.sty
Package: lastpagemodern 2023-10-14 v2.0e Refers to last page's name (HMM; JPG)
\c@lastpagecount=\count325
) 
))

Package fancyhdr Warning: \fancyhead's `E' option without twoside option is useless.
(fancyhdr)                Please consider using the `twoside' option on input line 131.


Package fancyhdr Warning: \fancyhead's `E' option without twoside option is useless.
(fancyhdr)                Please consider using the `twoside' option on input line 137.

(/usr/local/texlive/2024/texmf-dist/tex/latex/titlesec/titlesec.sty
Package: titlesec 2023/10/27 v2.16 Sectioning titles
\ttl@box=\box58
\beforetitleunit=\skip83
\aftertitleunit=\skip84
\ttl@plus=\dimen256
\ttl@minus=\dimen257
\ttl@toksa=\toks39
\titlewidth=\dimen258
\titlewidthlast=\dimen259
\titlewidthfirst=\dimen260
) (/usr/local/texlive/2024/texmf-dist/tex/latex/enumitem/enumitem.sty
Package: enumitem 2019/06/20 v3.9 Customized lists
\labelindent=\skip85
\enit@outerparindent=\dimen261
\enit@toks=\toks40
\enit@inbox=\box59
\enit@count@id=\count326
\enitdp@description=\count327
) (/usr/local/texlive/2024/texmf-dist/tex/latex/lineno/lineno.sty
Package: lineno 2023/05/20 line numbers on paragraphs v5.3
\linenopenalty=\count328
\output=\toks41
\linenoprevgraf=\count329
\linenumbersep=\dimen262
\linenumberwidth=\dimen263
\c@linenumber=\count330
\c@pagewiselinenumber=\count331
\c@LN@truepage=\count332
\c@internallinenumber=\count333
\c@internallinenumbers=\count334
\quotelinenumbersep=\dimen264
\bframerule=\dimen265
\bframesep=\dimen266
\bframebox=\box60
\linenoamsmath@ams@eqpen=\count335
LaTeX Info: Redefining \\ on input line 3180.
) (/usr/local/texlive/2024/texmf-dist/tex/latex/multibib/multibib.sty
Package: multibib 2008/12/10 v1.4 Multiple bibliographies for one document.
\mb@biblabelwidth=\count336
)
\@auxoutfullrefs=\write3
 (build/fullrefs.aux)
\openout3 = `fullrefs.aux'.

 (/usr/local/texlive/2024/texmf-dist/tex/latex/letltxmacro/letltxmacro.sty
Package: letltxmacro 2019/12/03 v1.6 Let assignment for LaTeX macros (HO)
) (/usr/local/texlive/2024/texmf-dist/tex/latex/l3packages/xparse/xparse.sty (/usr/local/texlive/2024/texmf-dist/tex/latex/l3kernel/expl3.sty
Package: expl3 2024-02-20 L3 programming layer (loader) 
 (/usr/local/texlive/2024/texmf-dist/tex/latex/l3backend/l3backend-pdftex.def
File: l3backend-pdftex.def 2024-02-20 L3 backend support: PDF output (pdfTeX)
\l__color_backend_stack_int=\count337
\l__pdf_internal_box=\box61
))
Package: xparse 2024-02-18 L3 Experimental document command parser
) (/usr/local/texlive/2024/texmf-dist/tex/latex/silence/silence.sty
Package: silence 2012/07/02 v1.5b Selective filtering of warnings and error messages
\sl@Save=\count338
\sl@StateNumber=\count339
\sl@MessageCount=\count340
\sl@Casualties=\count341
\sl@Filter=\toks42
\sl@Message=\toks43
\sl@UnexpandedMessage=\toks44
\sl@Mess@ge=\toks45
\sl@WarningCount=\count342
\sl@WarningNumber=\count343
\sl@WarningCasualties=\count344
\sl@TempBOW=\toks46
\sl@BankOfWarnings=\toks47
LaTeX Info: Redefining \GenericWarning on input line 433.
\sl@ErrorCount=\count345
\sl@ErrorNumber=\count346
\sl@ErrorCasualties=\count347
\sl@TempBOE=\toks48
\sl@BankOfErrors=\toks49
LaTeX Info: Redefining \GenericError on input line 601.
) (/usr/local/texlive/2024/texmf-dist/tex/latex/xpatch/xpatch.sty
Package: xpatch 2020/03/25 v0.3a Extending etoolbox patching commands
)
Banner added to title page.
) (/usr/local/texlive/2024/texmf-dist/tex/latex/microtype/microtype.sty
Package: microtype 2023/03/13 v3.1a Micro-typographical refinements (RS)
\MT@toks=\toks50
\MT@tempbox=\box62
\MT@count=\count348
LaTeX Info: Redefining \noprotrusionifhmode on input line 1059.
LaTeX Info: Redefining \leftprotrusion on input line 1060.
\MT@prot@toks=\toks51
LaTeX Info: Redefining \rightprotrusion on input line 1078.
LaTeX Info: Redefining \textls on input line 1368.
\MT@outer@kern=\dimen267
LaTeX Info: Redefining \textmicrotypecontext on input line 1988.
\MT@listname@count=\count349
 (/usr/local/texlive/2024/texmf-dist/tex/latex/microtype/microtype-pdftex.def
File: microtype-pdftex.def 2023/03/13 v3.1a Definitions specific to pdftex (RS)
LaTeX Info: Redefining \lsstyle on input line 902.
LaTeX Info: Redefining \lslig on input line 902.
\MT@outer@space=\skip86
)
Package microtype Info: Loading configuration file microtype.cfg.
 (/usr/local/texlive/2024/texmf-dist/tex/latex/microtype/microtype.cfg
File: microtype.cfg 2023/03/13 v3.1a microtype main configuration file (RS)
)) (build/legacy-styles/opticajournal.sty
Package: legacy-styles/opticajournal 2023/01/18 v1 opticajournal Journal color scheme
) (/usr/local/texlive/2024/texmf-dist/tex/latex/listings/listings.sty
\lst@mode=\count350
\lst@gtempboxa=\box63
\lst@token=\toks52
\lst@length=\count351
\lst@currlwidth=\dimen268
\lst@column=\count352
\lst@pos=\count353
\lst@lostspace=\dimen269
\lst@width=\dimen270
\lst@newlines=\count354
\lst@lineno=\count355
\lst@maxwidth=\dimen271
 (/usr/local/texlive/2024/texmf-dist/tex/latex/listings/lstpatch.sty
File: lstpatch.sty 2024/02/21 1.10 (Carsten Heinz)
) (/usr/local/texlive/2024/texmf-dist/tex/latex/listings/lstmisc.sty
File: lstmisc.sty 2024/02/21 1.10 (Carsten Heinz)
\c@lstnumber=\count356
\lst@skipnumbers=\count357
\lst@framebox=\box64
) (/usr/local/texlive/2024/texmf-dist/tex/latex/listings/listings.cfg
File: listings.cfg 2024/02/21 1.10 listings configuration
))
Package: listings 2024/02/21 1.10 (Carsten Heinz)
 (/usr/local/texlive/2024/texmf-dist/tex/latex/minted/minted.sty
Package: minted 2023/12/18 v2.9 Yet another Pygments shim for LaTeX
 (/usr/local/texlive/2024/texmf-dist/tex/latex/fvextra/fvextra.sty
Package: fvextra 2023/11/28 v1.6.1 fvextra - extensions and patches for fancyvrb
 (/usr/local/texlive/2024/texmf-dist/tex/latex/fancyvrb/fancyvrb.sty
Package: fancyvrb 2024/01/20 4.5c verbatim text (tvz,hv)
\FV@CodeLineNo=\count358
\FV@InFile=\read3
\FV@TabBox=\box65
\c@FancyVerbLine=\count359
\FV@StepNumber=\count360
\FV@OutFile=\write4
) (/usr/local/texlive/2024/texmf-dist/tex/latex/upquote/upquote.sty
Package: upquote 2012/04/19 v1.3 upright-quote and grave-accent glyphs in verbatim
)
\c@FancyVerbWriteLine=\count361
\c@FancyVerbBufferIndex=\count362
\c@FancyVerbBufferLength=\count363
\c@FancyVerbBufferLine=\count364
\c@FV@oldbufferlength=\count365
\c@FV@TrueTabGroupLevel=\count366
\c@FV@TrueTabCounter=\count367
\FV@TabBox@Group=\box66
\FV@TmpLength=\skip87
\c@FV@HighlightLinesStart=\count368
\c@FV@HighlightLinesStop=\count369
\FV@LoopCount=\count370
\FV@NCharsBox=\box67
\FV@BreakIndent=\dimen272
\FV@BreakIndentNChars=\count371
\FV@BreakSymbolSepLeft=\dimen273
\FV@BreakSymbolSepLeftNChars=\count372
\FV@BreakSymbolSepRight=\dimen274
\FV@BreakSymbolSepRightNChars=\count373
\FV@BreakSymbolIndentLeft=\dimen275
\FV@BreakSymbolIndentLeftNChars=\count374
\FV@BreakSymbolIndentRight=\dimen276
\FV@BreakSymbolIndentRightNChars=\count375
\c@FancyVerbLineBreakLast=\count376
\FV@LineBox=\box68
\FV@LineIndentBox=\box69
\c@FV@BreakBufferDepth=\count377
\FV@LineWidth=\dimen277
) (/usr/local/texlive/2024/texmf-dist/tex/latex/tools/shellesc.sty
Package: shellesc 2023/07/08 v1.0d unified shell escape interface for LaTeX
Package shellesc Info: Unrestricted shell escape enabled on input line 75.
) (/usr/local/texlive/2024/texmf-dist/tex/latex/ifplatform/ifplatform.sty
Package: ifplatform 2017/10/13 v0.4a Testing for the operating system
 (/usr/local/texlive/2024/texmf-dist/tex/generic/catchfile/catchfile.sty
Package: catchfile 2019/12/09 v1.8 Catch the contents of a file (HO)
 (/usr/local/texlive/2024/texmf-dist/tex/generic/etexcmds/etexcmds.sty
Package: etexcmds 2019/12/15 v1.7 Avoid name clashes with e-TeX commands (HO)
)) (/usr/local/texlive/2024/texmf-dist/tex/generic/iftex/ifluatex.sty
Package: ifluatex 2019/10/25 v1.5 ifluatex legacy package. Use iftex instead.
)
runsystem(uname -s > "main.w18")...executed.

 (./main.w18)
runsystem(rm -- "main.w18")...executed.

) (/usr/local/texlive/2024/texmf-dist/tex/generic/xstring/xstring.sty (/usr/local/texlive/2024/texmf-dist/tex/generic/xstring/xstring.tex
\xs_counta=\count378
\xs_countb=\count379
)
Package: xstring 2023/08/22 v1.86 String manipulations (CT)
) (/usr/local/texlive/2024/texmf-dist/tex/latex/framed/framed.sty
Package: framed 2011/10/22 v 0.96: framed or shaded text with page breaks
\OuterFrameSep=\skip88
\fb@frw=\dimen278
\fb@frh=\dimen279
\FrameRule=\dimen280
\FrameSep=\dimen281
)
\minted@appexistsfile=\read4
\minted@bgbox=\box70
\minted@code=\write5
\c@minted@FancyVerbLineTemp=\count380
\c@minted@pygmentizecounter=\count381
\@float@every@listing=\toks53
\c@listing=\count382
)
runsystem(mkdir -p build/_minted-main)...executed.

 (/usr/local/texlive/2024/texmf-dist/tex/latex/listings/lstlang1.sty
File: lstlang1.sty 2024/02/21 1.10 listings language file
)
runsystem(command -v pygmentize && touch main.aex)...executed.

runsystem(rm main.aex)...executed.

 (build/main.aux (build/tex/compuesto.aux) (build/tex/json.aux) (build/tex/citus.aux) (build/tex/mongo.aux) (build/tex/neo.aux))
\openout1 = `main.aux'.

LaTeX Font Info:    Checking defaults for OML/cmm/m/it on input line 98.
LaTeX Font Info:    ... okay on input line 98.
LaTeX Font Info:    Checking defaults for OMS/cmsy/m/n on input line 98.
LaTeX Font Info:    ... okay on input line 98.
LaTeX Font Info:    Checking defaults for OT1/cmr/m/n on input line 98.
LaTeX Font Info:    ... okay on input line 98.
LaTeX Font Info:    Checking defaults for T1/cmr/m/n on input line 98.
LaTeX Font Info:    ... okay on input line 98.
LaTeX Font Info:    Checking defaults for TS1/cmr/m/n on input line 98.
LaTeX Font Info:    ... okay on input line 98.
LaTeX Font Info:    Checking defaults for OMX/cmex/m/n on input line 98.
LaTeX Font Info:    ... okay on input line 98.
LaTeX Font Info:    Checking defaults for U/cmr/m/n on input line 98.
LaTeX Font Info:    ... okay on input line 98.
LaTeX Font Info:    Checking defaults for PD1/pdf/m/n on input line 98.
LaTeX Font Info:    ... okay on input line 98.
LaTeX Font Info:    Checking defaults for PU/pdf/m/n on input line 98.
LaTeX Font Info:    ... okay on input line 98.
 (/usr/local/texlive/2024/texmf-dist/tex/context/base/mkii/supp-pdf.mkii
[Loading MPS to PDF converter (version 2006.09.02).]
\scratchcounter=\count383
\scratchdimen=\dimen282
\scratchbox=\box71
\nofMPsegments=\count384
\nofMParguments=\count385
\everyMPshowfont=\toks54
\MPscratchCnt=\count386
\MPscratchDim=\dimen283
\MPnumerator=\count387
\makeMPintoPDFobject=\count388
\everyMPtoPDFconversion=\toks55
) (/usr/local/texlive/2024/texmf-dist/tex/latex/epstopdf-pkg/epstopdf-base.sty
Package: epstopdf-base 2020-01-24 v2.11 Base part for package epstopdf
Package epstopdf-base Info: Redefining graphics rule for `.eps' on input line 485.
 (/usr/local/texlive/2024/texmf-dist/tex/latex/latexconfig/epstopdf-sys.cfg
File: epstopdf-sys.cfg 2010/07/13 v1.3 Configuration of (r)epstopdf for TeX Live
))
Package hyperref Info: Link coloring ON on input line 98.
 (build/main.out) (build/main.out)
\@outlinefile=\write6
\openout6 = `main.out'.

Package caption Info: Begin \AtBeginDocument code.
Package caption Info: Option `justification=RaggedRight' requires the `ragged2e' package on input line 98.
 (/usr/local/texlive/2024/texmf-dist/tex/latex/ragged2e/ragged2e.sty
Package: ragged2e 2023/06/22 v3.6 ragged2e Package
\CenteringLeftskip=\skip89
\RaggedLeftLeftskip=\skip90
\RaggedRightLeftskip=\skip91
\CenteringRightskip=\skip92
\RaggedLeftRightskip=\skip93
\RaggedRightRightskip=\skip94
\CenteringParfillskip=\skip95
\RaggedLeftParfillskip=\skip96
\RaggedRightParfillskip=\skip97
\JustifyingParfillskip=\skip98
\CenteringParindent=\skip99
\RaggedLeftParindent=\skip100
\RaggedRightParindent=\skip101
\JustifyingParindent=\skip102
)
Package caption Info: changepage package is loaded.
\caption@adjustwidth@hsize=\dimen284
\caption@adjustwidth@linewidth=\dimen285
Package caption Info: listings package is loaded.
Package caption Info: End \AtBeginDocument code.

*geometry* driver: auto-detecting
*geometry* detected driver: pdftex
*geometry* verbose mode - [ preamble ] result:
* driver: pdftex
* paper: letterpaper
* layout: <same size as paper>
* layoutoffset:(h,v)=(0.0pt,0.0pt)
* modes: 
* h-part:(L,W,R)=(48.0pt, 524.295pt, 42.0pt)
* v-part:(T,H,B)=(46.0pt, 688.96999pt, 60.0pt)
* \paperwidth=614.295pt
* \paperheight=794.96999pt
* \textwidth=524.295pt
* \textheight=688.96999pt
* \oddsidemargin=-24.26999pt
* \evensidemargin=-24.26999pt
* \topmargin=-51.26999pt
* \headheight=15.0pt
* \headsep=10.0pt
* \topskip=11.0pt
* \footskip=30.0pt
* \marginparwidth=59.0pt
* \marginparsep=10.0pt
* \columnsep=10.0pt
* \skip\footins=10.0pt plus 4.0pt minus 2.0pt
* \hoffset=0.0pt
* \voffset=0.0pt
* \mag=1000
* \@twocolumnfalse
* \@twosidefalse
* \@mparswitchfalse
* \@reversemarginfalse
* (1in=72.27pt=25.4mm, 1cm=28.453pt)

Package newfloat Info: Trying Plan B...
Package newfloat Info: `float' package detected.
shortarticle: Abstract added.
LaTeX Info: Redefining \microtypecontext on input line 98.
Package microtype Info: Applying patch `item' on input line 98.
Package microtype Info: Applying patch `toc' on input line 98.
Package microtype Info: Applying patch `eqnum' on input line 98.
Package microtype Info: Applying patch `footnote' on input line 98.
Package microtype Info: Applying patch `verbatim' on input line 98.
Package microtype Info: Generating PDF output.
Package microtype Info: Character protrusion enabled (level 2).
Package microtype Info: Using default protrusion set `alltext'.
Package microtype Info: Automatic font expansion enabled (level 2),
(microtype)             stretch: 20, shrink: 20, step: 1, non-selected.
Package microtype Info: Using default expansion set `alltext-nott'.
LaTeX Info: Redefining \showhyphens on input line 98.
Package microtype Info: No adjustment of tracking.
Package microtype Info: No adjustment of interword spacing.
Package microtype Info: No adjustment of character kerning.
(/usr/local/texlive/2024/texmf-dist/tex/latex/microtype/mt-ppl.cfg
File: mt-ppl.cfg 2005/11/16 v1.6 microtype config. file: Palatino (RS)
)
\c@lstlisting=\count389
Package microtype Info: Loading generic protrusion settings for font family
(microtype)             `phv' (encoding: T1).
(microtype)             For optimal results, create family-specific settings.
(microtype)             See the microtype manual for details.
LaTeX Font Info:    Font shape `T1/phv/b/n' will be
(Font)              scaled to size 10.40245pt on input line 100.
LaTeX Font Info:    Font shape `T1/phv/b/n' will be
(Font)              scaled to size 19.94994pt on input line 100.
LaTeX Font Info:    Font shape `T1/phv/b/sc' will be
(Font)              scaled to size 10.40245pt on input line 100.
LaTeX Font Info:    Font shape `T1/phv/b/sc' will be
(Font)              scaled to size 11.39996pt on input line 100.
LaTeX Font Info:    Font shape `T1/phv/m/it' in size <10.95> not available
(Font)              Font shape `T1/phv/m/sl' tried instead on input line 100.
LaTeX Font Info:    Font shape `T1/phv/m/sl' will be
(Font)              scaled to size 10.40245pt on input line 100.
LaTeX Font Info:    Font shape `T1/phv/m/it' in size <8> not available
(Font)              Font shape `T1/phv/m/sl' tried instead on input line 100.
LaTeX Font Info:    Font shape `T1/phv/m/sl' will be
(Font)              scaled to size 7.59998pt on input line 100.

Overfull \hbox (12.0pt too wide) in paragraph at lines 100--100
[][] 
 []

LaTeX Font Info:    Font shape `T1/phv/m/n' will be
(Font)              scaled to size 9.49997pt on input line 100.
LaTeX Font Info:    Trying to load font information for OT1+ppl on input line 100.
(/usr/local/texlive/2024/texmf-dist/tex/latex/psnfss/ot1ppl.fd
File: ot1ppl.fd 2001/06/04 font definitions for OT1/ppl.
)
LaTeX Font Info:    Trying to load font information for OML+zplm on input line 100.
 (/usr/local/texlive/2024/texmf-dist/tex/latex/psnfss/omlzplm.fd
File: omlzplm.fd 2002/09/08 Fontinst v1.914 font definitions for OML/zplm.
)
LaTeX Font Info:    Trying to load font information for OMS+zplm on input line 100.
 (/usr/local/texlive/2024/texmf-dist/tex/latex/psnfss/omszplm.fd
File: omszplm.fd 2002/09/08 Fontinst v1.914 font definitions for OMS/zplm.
)
LaTeX Font Info:    Trying to load font information for OMX+zplm on input line 100.
 (/usr/local/texlive/2024/texmf-dist/tex/latex/psnfss/omxzplm.fd
File: omxzplm.fd 2002/09/08 Fontinst v1.914 font definitions for OMX/zplm.
)
LaTeX Font Info:    Font shape `U/msa/m/n' will be
(Font)              scaled to size 11.40997pt on input line 100.
 (/usr/local/texlive/2024/texmf-dist/tex/latex/microtype/mt-msa.cfg
File: mt-msa.cfg 2006/02/04 v1.1 microtype config. file: AMS symbols (a) (RS)
)
LaTeX Font Info:    Font shape `U/msa/m/n' will be
(Font)              scaled to size 8.33606pt on input line 100.
LaTeX Font Info:    Font shape `U/msa/m/n' will be
(Font)              scaled to size 6.25204pt on input line 100.
LaTeX Font Info:    Font shape `U/msb/m/n' will be
(Font)              scaled to size 11.40997pt on input line 100.
 (/usr/local/texlive/2024/texmf-dist/tex/latex/microtype/mt-msb.cfg
File: mt-msb.cfg 2005/06/01 v1.0 microtype config. file: AMS symbols (b) (RS)
)
LaTeX Font Info:    Font shape `U/msb/m/n' will be
(Font)              scaled to size 8.33606pt on input line 100.
LaTeX Font Info:    Font shape `U/msb/m/n' will be
(Font)              scaled to size 6.25204pt on input line 100.
LaTeX Font Info:    Trying to load font information for OT1+zplm on input line 100.
 (/usr/local/texlive/2024/texmf-dist/tex/latex/psnfss/ot1zplm.fd
File: ot1zplm.fd 2002/09/08 Fontinst v1.914 font definitions for OT1/zplm.
)
Package microtype Info: Loading generic protrusion settings for font family
(microtype)             `zplm' (encoding: OT1).
(microtype)             For optimal results, create family-specific settings.
(microtype)             See the microtype manual for details.
LaTeX Font Info:    Font shape `T1/phv/m/n' will be
(Font)              scaled to size 11.39996pt on input line 103.
LaTeX Font Info:    Font shape `T1/phv/b/n' will be
(Font)              scaled to size 11.39996pt on input line 103.
<fotos/esquema.png, id=180, 1002.74625pt x 883.3pt>
File: fotos/esquema.png Graphic file (type png)
<use fotos/esquema.png>
Package pdftex.def Info: fotos/esquema.png  used on input line 107.
(pdftex.def)             Requested size: 367.0049pt x 323.28464pt.
LaTeX Font Info:    Trying to load font information for T1+cmtt on input line 112.
 (/usr/local/texlive/2024/texmf-dist/tex/latex/base/t1cmtt.fd
File: t1cmtt.fd 2023/04/13 v2.5m Standard LaTeX font definitions
)
Package microtype Info: Loading generic protrusion settings for font family
(microtype)             `cmtt' (encoding: T1).
(microtype)             For optimal results, create family-specific settings.
(microtype)             See the microtype manual for details.

Underfull \hbox (badness 10000) in paragraph at lines 112--113

 []


Underfull \hbox (badness 10000) in paragraph at lines 114--115

 []

LaTeX Font Info:    Font shape `T1/phv/m/n' will be
(Font)              scaled to size 6.64998pt on input line 115.
LaTeX Font Info:    Font shape `U/msa/m/n' will be
(Font)              scaled to size 7.29405pt on input line 115.
LaTeX Font Info:    Font shape `U/msa/m/n' will be
(Font)              scaled to size 5.21004pt on input line 115.
LaTeX Font Info:    Font shape `U/msb/m/n' will be
(Font)              scaled to size 7.29405pt on input line 115.
LaTeX Font Info:    Font shape `U/msb/m/n' will be
(Font)              scaled to size 5.21004pt on input line 115.
[1{/usr/local/texlive/2024/texmf-var/fonts/map/pdftex/updmap/pdftex.map}{/usr/local/texlive/2024/texmf-dist/fonts/enc/dvips/base/8r.enc}

{/usr/local/texlive/2024/texmf-dist/fonts/enc/dvips/cm-super/cm-super-t1.enc} <./fotos/esquema.png>]
LaTeX Font Info:    Font shape `T1/cmtt/bx/n' in size <10.95> not available
(Font)              Font shape `T1/cmtt/m/n' tried instead on input line 125.

Underfull \hbox (badness 10000) in paragraph at lines 134--135

 []


Underfull \hbox (badness 10000) in paragraph at lines 136--137

 []

[2]
LaTeX Font Info:    Font shape `T1/phv/b/n' will be
(Font)              scaled to size 9.49997pt on input line 139.
LaTeX Font Info:    Font shape `T1/phv/b/it' in size <10> not available
(Font)              Font shape `T1/phv/b/sl' tried instead on input line 139.
LaTeX Font Info:    Font shape `T1/phv/b/sl' will be
(Font)              scaled to size 9.49997pt on input line 139.


Package hyperref Warning: Difference (2) between bookmark levels is greater 
(hyperref)                than one, level fixed on input line 139.

LaTeX Font Info:    Trying to load font information for TS1+ppl on input line 143.
(/usr/local/texlive/2024/texmf-dist/tex/latex/psnfss/ts1ppl.fd
File: ts1ppl.fd 2001/06/04 font definitions for TS1/ppl.
)
\openout4 = `main.pyg'.

 (./build/_minted-main/default.pygstyle) (./build/_minted-main/FE8107F212D0C0AB9A8CF268F74AFF7A24B26C4ACF56DA306AE470E70D5D5C05.pygtex
LaTeX Font Info:    Font shape `T1/cmtt/bx/n' in size <9> not available
(Font)              Font shape `T1/cmtt/m/n' tried instead on input line 2.
LaTeX Font Info:    Trying to load font information for TS1+cmtt on input line 6.
 (/usr/local/texlive/2024/texmf-dist/tex/latex/base/ts1cmtt.fd
File: ts1cmtt.fd 2023/04/13 v2.5m Standard LaTeX font definitions
)
Package microtype Info: Loading generic protrusion settings for font family
(microtype)             `cmtt' (encoding: TS1).
(microtype)             For optimal results, create family-specific settings.
(microtype)             See the microtype manual for details.
)
<fotos/q1_rel.png, id=212, 353.32pt x 672.5125pt>
File: fotos/q1_rel.png Graphic file (type png)
<use fotos/q1_rel.png>
Package pdftex.def Info: fotos/q1_rel.png  used on input line 169.
(pdftex.def)             Requested size: 144.78127pt x 275.58379pt.
 [3{/usr/local/texlive/2024/texmf-dist/fonts/enc/dvips/cm-super/cm-super-ts1.enc}] [4 <./fotos/q1_rel.png>]
\openout4 = `main.pyg'.

 (./build/_minted-main/066A53B6F2889C6DCA3621DB2CC495AA24B26C4ACF56DA306AE470E70D5D5C05.pygtex)
<fotos/q2_rel.png, id=227, 977.6525pt x 352.31625pt>
File: fotos/q2_rel.png Graphic file (type png)
<use fotos/q2_rel.png>
Package pdftex.def Info: fotos/q2_rel.png  used on input line 215.
(pdftex.def)             Requested size: 419.43759pt x 151.15434pt.
 [5 <./fotos/q2_rel.png>]
Overfull \hbox (6.11021pt too wide) in paragraph at lines 241--242
[]\T1/ppl/m/n/10.95 (-20) Ahora, para cada com-bi-nación de \T1/cmtt/m/n/10.95 p.ronda\T1/ppl/m/n/10.95 (-20) , \T1/cmtt/m/n/10.95 p.desenlace\T1/ppl/m/n/10.95 (-20) , \T1/cmtt/m/n/10.95 jg.nombre\T1/ppl/m/n/10.95 (-20) , \T1/cmtt/m/n/10.95 jg.apellido\T1/ppl/m/n/10.95 (-20) , \T1/cmtt/m/n/10.95 jp.nombre \T1/ppl/m/n/10.95 (-20) y \T1/cmtt/m/n/10.95 jp.apellido\T1/ppl/m/n/10.95 (-20) ,
 []

[6]
\openout4 = `main.pyg'.

 (./build/_minted-main/0EB794B61EF1B645CBE8D8797FAFDCB224B26C4ACF56DA306AE470E70D5D5C05.pygtex)
<fotos/q3_rel.png, id=239, 646.415pt x 91.34125pt>
File: fotos/q3_rel.png Graphic file (type png)
<use fotos/q3_rel.png>
Package pdftex.def Info: fotos/q3_rel.png  used on input line 267.
(pdftex.def)             Requested size: 367.0049pt x 51.85876pt.
 [7 <./fotos/q3_rel.png>]
Underfull \hbox (badness 10000) in paragraph at lines 290--291

 []

[8]
Overfull \hbox (5.93497pt too wide) in paragraph at lines 307--308
\T1/ppl/m/n/10.95 (-20) una suma de las colum-nas \T1/cmtt/m/n/10.95 num_primeros_servicios_ganados_ganador \T1/ppl/m/n/10.95 (-20) y \T1/cmtt/m/n/10.95 num_segundos_servicios_gan- 
 []


Overfull \hbox (4.72198pt too wide) in paragraph at lines 308--309
\T1/cmtt/m/n/10.95 num_ptos_servidos_perdedor\T1/ppl/m/n/10.95 (-20) , \T1/cmtt/m/n/10.95 num_primeros_servicios_ganados_perdedor \T1/ppl/m/n/10.95 (-20) y \T1/cmtt/m/n/10.95 p.num_segundos_servi- 
 []

\openout4 = `main.pyg'.

(./build/_minted-main/A34F0F25E68CB500C7BB679B4FEBC2B924B26C4ACF56DA306AE470E70D5D5C05.pygtex [9])
<fotos/q4_rel.png, id=257, 1171.37625pt x 149.55875pt>
File: fotos/q4_rel.png Graphic file (type png)
<use fotos/q4_rel.png>
Package pdftex.def Info: fotos/q4_rel.png  used on input line 367.
(pdftex.def)             Requested size: 524.295pt x 66.94252pt.
 [10 <./fotos/q4_rel.png>]
Underfull \hbox (badness 10000) in paragraph at lines 391--392

 []

[11]
\openout4 = `main.pyg'.

 (./build/_minted-main/12AD4ADB00BC31F6B4EACC9C6B54584924B26C4ACF56DA306AE470E70D5D5C05.pygtex)
<fotos/q5_rel.png, id=268, 284.06125pt x 148.555pt>
File: fotos/q5_rel.png Graphic file (type png)
<use fotos/q5_rel.png>
Package pdftex.def Info: fotos/q5_rel.png  used on input line 435.
(pdftex.def)             Requested size: 183.50644pt x 95.9725pt.
 [12 <./fotos/q5_rel.png>]
\openout2 = `tex/compuesto.aux'.

 (./tex/compuesto.tex
Underfull \hbox (badness 10000) in paragraph at lines 3--4

 []

\openout4 = `main.pyg'.

(./build/_minted-main/2E3AEA2B3AE27F78D114B197A0A8D6E724B26C4ACF56DA306AE470E70D5D5C05.pygtex)
\openout4 = `main.pyg'.

 (./build/_minted-main/32BDDF7D411A99F690B9254AE3B1F82F24B26C4ACF56DA306AE470E70D5D5C05.pygtex)
\openout4 = `main.pyg'.

 (./build/_minted-main/B015161D1A494F164BF203A1022326E224B26C4ACF56DA306AE470E70D5D5C05.pygtex)
\openout4 = `main.pyg'.

 (./build/_minted-main/338B94AA82FF40B4FE8542A1847E0A1E24B26C4ACF56DA306AE470E70D5D5C05.pygtex
Overfull \hbox (9.29698pt too wide) in paragraph at lines 37--1
\T1/ppl/m/n/10.95 (-20) spon-di-ente: \T1/cmtt/m/n/10.95 torneo\T1/ppl/m/n/10.95 (-20) , \T1/cmtt/m/n/10.95 fecha\T1/ppl/m/n/10.95 (-20) , \T1/cmtt/m/n/10.95 num_partido\T1/ppl/m/n/10.95 (-20) , \T1/cmtt/m/n/10.95 num_set\T1/ppl/m/n/10.95 (-20) , \T1/cmtt/m/n/10.95 juegos_ganador\T1/ppl/m/n/10.95 (-20) , \T1/cmtt/m/n/10.95 juegos_perdedor \T1/ppl/m/n/10.95 (-20) y \T1/cmtt/m/n/10.95 puntos_tiebreak 
 []

[13

])
\openout4 = `main.pyg'.

 (./build/_minted-main/7F96FB952B98B271D4CA2347BFCF540E24B26C4ACF56DA306AE470E70D5D5C05.pygtex
Overfull \hbox (4.38393pt too wide) in paragraph at lines 49--1
\T1/cmtt/m/n/10.95 num_ptos_servidos\T1/ppl/m/n/10.95 (-20) , \T1/cmtt/m/n/10.95 num_primeros_servicios\T1/ppl/m/n/10.95 (-20) , \T1/cmtt/m/n/10.95 num_primeros_servicios_ganados\T1/ppl/m/n/10.95 (-20) , \T1/cmtt/m/n/10.95 num_segundos_ser- 
 []

)
\openout4 = `main.pyg'.

 (./build/_minted-main/554F636DBF77BAFC0F58EFF70F93250124B26C4ACF56DA306AE470E70D5D5C05.pygtex)
\openout4 = `main.pyg'.

 (./build/_minted-main/0C201258A1BBC3623939715D39EFB31524B26C4ACF56DA306AE470E70D5D5C05.pygtex)
Underfull \hbox (badness 10000) in paragraph at lines 93--94

 []

[14]
Underfull \hbox (badness 10000) in paragraph at lines 110--111

 []

[15]
\openout4 = `main.pyg'.

 (./build/_minted-main/DA8A26E7500063AFAC09028E4176FC8424B26C4ACF56DA306AE470E70D5D5C05.pygtex [16])
Underfull \hbox (badness 10000) in paragraph at lines 199--200

 []


Underfull \hbox (badness 10000) in paragraph at lines 201--202

 []

\openout4 = `main.pyg'.

(./build/_minted-main/05ABA67144FA081894C5DC986B75387424B26C4ACF56DA306AE470E70D5D5C05.pygtex [17])
<fotos/q1_com.png, id=299, 346.29375pt x 642.4pt>
File: fotos/q1_com.png Graphic file (type png)
<use fotos/q1_com.png>
Package pdftex.def Info: fotos/q1_com.png  used on input line 215.
(pdftex.def)             Requested size: 148.55994pt x 275.58379pt.
\openout4 = `main.pyg'.

 (./build/_minted-main/3B5D2635160C82B576758CBC7735CD0024B26C4ACF56DA306AE470E70D5D5C05.pygtex [18 <./fotos/q1_com.png>])
<fotos/q2_com.png, id=308, 925.4575pt x 323.2075pt>
File: fotos/q2_com.png Graphic file (type png)
<use fotos/q2_com.png>
Package pdftex.def Info: fotos/q2_com.png  used on input line 238.
(pdftex.def)             Requested size: 419.43759pt x 146.48262pt.

Underfull \hbox (badness 10000) in paragraph at lines 249--250

 []

\openout4 = `main.pyg'.

(./build/_minted-main/4F009744C48AC2056E840F2E77C45D2824B26C4ACF56DA306AE470E70D5D5C05.pygtex [19 <./fotos/q2_com.png>])
<fotos/q3_com.png, id=317, 624.3325pt x 90.3375pt>
File: fotos/q3_com.png Graphic file (type png)
<use fotos/q3_com.png>
Package pdftex.def Info: fotos/q3_com.png  used on input line 272.
(pdftex.def)             Requested size: 367.0049pt x 53.1043pt.

Underfull \hbox (badness 10000) in paragraph at lines 282--283

 []

\openout4 = `main.pyg'.

(./build/_minted-main/83D7AD79997942111394FA33397FB21924B26C4ACF56DA306AE470E70D5D5C05.pygtex [20 <./fotos/q3_com.png>])
<fotos/q4_com.png, id=325, 1127.21124pt x 134.5025pt>
File: fotos/q4_com.png Graphic file (type png)
<use fotos/q4_com.png>
Package pdftex.def Info: fotos/q4_com.png  used on input line 345.
(pdftex.def)             Requested size: 524.295pt x 62.56148pt.

Underfull \hbox (badness 10000) in paragraph at lines 356--357

 []

[21 <./fotos/q4_com.png>]
\openout4 = `main.pyg'.

 (./build/_minted-main/CC1E568B7BA201CCEF9AB8BCF769721724B26C4ACF56DA306AE470E70D5D5C05.pygtex)
<fotos/q5_com.png, id=332, 271.0125pt x 133.49875pt>
File: fotos/q5_com.png Graphic file (type png)
<use fotos/q5_com.png>
Package pdftex.def Info: fotos/q5_com.png  used on input line 382.
(pdftex.def)             Requested size: 183.50644pt x 90.397pt.
) [22 <./fotos/q5_com.png>]
\openout2 = `tex/json.aux'.

 (./tex/json.tex
Underfull \hbox (badness 10000) in paragraph at lines 3--4

 []


Underfull \hbox (badness 10000) in paragraph at lines 5--6

 []


Underfull \hbox (badness 10000) in paragraph at lines 7--8

 []


Underfull \hbox (badness 10000) in paragraph at lines 10--11

 []


Underfull \hbox (badness 10000) in paragraph at lines 16--17

 []


Underfull \hbox (badness 10000) in paragraph at lines 18--19

 []


Underfull \hbox (badness 10000) in paragraph at lines 20--21

 []

[23



]
\openout4 = `main.pyg'.

 (./build/_minted-main/ABDD37C8716A2CD22E2201310EE1746224B26C4ACF56DA306AE470E70D5D5C05.pygtex [24] [25])
Overfull \hbox (17.7048pt too wide) in paragraph at lines 174--175
[]\T1/ppl/m/n/10.95 (-20) Para ac-ceder a el-e-men-tos de un ar-ray jsonb, debe-mos usar la fun-ción \T1/cmtt/m/n/10.95 jsonb_array_elements(nombre_array)\T1/ppl/m/n/10.95 (-20) .
 []

[26]
\openout4 = `main.pyg'.

 (./build/_minted-main/2BF0FF4ACB14EBC8B43CE26E38C6E46224B26C4ACF56DA306AE470E70D5D5C05.pygtex)
<fotos/q1_json.png, id=358, 337.26pt x 577.15625pt>
File: fotos/q1_json.png Graphic file (type png)
<use fotos/q1_json.png>
Package pdftex.def Info: fotos/q1_json.png  used on input line 195.
(pdftex.def)             Requested size: 161.04413pt x 275.58379pt.

Underfull \hbox (badness 10000) in paragraph at lines 204--205

 []

\openout4 = `main.pyg'.

(./build/_minted-main/2F41614A63A9829C9794E52F437A6FE724B26C4ACF56DA306AE470E70D5D5C05.pygtex [27 <./fotos/q1_json.png>])
<fotos/q2_json.png, id=367, 870.25125pt x 306.14375pt>
File: fotos/q2_json.png Graphic file (type png)
<use fotos/q2_json.png>
Package pdftex.def Info: fotos/q2_json.png  used on input line 223.
(pdftex.def)             Requested size: 419.43759pt x 147.5546pt.

Underfull \hbox (badness 10000) in paragraph at lines 232--233

 []

\openout4 = `main.pyg'.

(./build/_minted-main/38005E8A9B7AEFE0AE359C33D984E89B24B26C4ACF56DA306AE470E70D5D5C05.pygtex [28 <./fotos/q2_json.png>])
<fotos/q3_json.png, id=375, 605.26125pt x 82.3075pt>
File: fotos/q3_json.png Graphic file (type png)
<use fotos/q3_json.png>
Package pdftex.def Info: fotos/q3_json.png  used on input line 257.
(pdftex.def)             Requested size: 367.0049pt x 49.90858pt.

Underfull \hbox (badness 10000) in paragraph at lines 267--268

 []


Overfull \hbox (4.3236pt too wide) in paragraph at lines 269--270
[]\T1/ppl/m/n/10.95 (-20) Para la primera parte, par-ti-mos del pro-ducto carte-siano de la tabla \T1/cmtt/m/n/10.95 tenisjson \T1/ppl/m/n/10.95 (-20) con la fun-ción \T1/cmtt/m/n/10.95 jsonb_array_el- 
 []


Underfull \hbox (badness 10000) in paragraph at lines 269--270

 []


Underfull \hbox (badness 10000) in paragraph at lines 271--272

 []

\openout4 = `main.pyg'.

(./build/_minted-main/1B96153D4C43D07966F59359152EC87424B26C4ACF56DA306AE470E70D5D5C05.pygtex [29 <./fotos/q3_json.png>])
<fotos/q4_json.png, id=383, 1144.275pt x 133.49875pt>
File: fotos/q4_json.png Graphic file (type png)
<use fotos/q4_json.png>
Package pdftex.def Info: fotos/q4_json.png  used on input line 348.
(pdftex.def)             Requested size: 524.295pt x 61.16774pt.
 [30]
Underfull \hbox (badness 10000) in paragraph at lines 356--357

 []


Underfull \hbox (badness 10000) in paragraph at lines 366--367

 []

\openout4 = `main.pyg'.

(./build/_minted-main/116ADFAA5A7A32F381F487E741D9AB1524B26C4ACF56DA306AE470E70D5D5C05.pygtex [31 <./fotos/q4_json.png>])
<fotos/q5_json.png, id=396, 273.02pt x 136.51pt>
File: fotos/q5_json.png Graphic file (type png)
<use fotos/q5_json.png>
Package pdftex.def Info: fotos/q5_json.png  used on input line 397.
(pdftex.def)             Requested size: 183.50644pt x 91.75282pt.
) [32 <./fotos/q5_json.png>]
\openout2 = `tex/citus.aux'.

 (./tex/citus.tex
\openout4 = `main.pyg'.

 (./build/_minted-main/3A07BC5DA7EC259410CC272D89A322E8C9CDBA258BF65A7D0EAC682580266369.pygtex)
\openout4 = `main.pyg'.

 (./build/_minted-main/C807B5D583F846B38DED1DF05B99B92EC9CDBA258BF65A7D0EAC682580266369.pygtex [33



])
Underfull \hbox (badness 10000) in paragraph at lines 84--85

 []


Underfull \hbox (badness 10000) in paragraph at lines 86--87

 []

\openout4 = `main.pyg'.

(./build/_minted-main/770A11F6FBB2701375751C870479AA771C499952AA578E0643DDF9C703EBF3AF.pygtex)
\openout4 = `main.pyg'.

 (./build/_minted-main/F01201139F52AC9FF485A42F8E83E5391C499952AA578E0643DDF9C703EBF3AF.pygtex [34])
\openout4 = `main.pyg'.

 (./build/_minted-main/B66ED3C61FA692D50F30F92410B57B511C499952AA578E0643DDF9C703EBF3AF.pygtex)
<fotos/citus/terraform.png, id=413, 312.66812pt x 458.71375pt>
File: fotos/citus/terraform.png Graphic file (type png)
<use fotos/citus/terraform.png>
Package pdftex.def Info: fotos/citus/terraform.png  used on input line 130.
(pdftex.def)             Requested size: 141.56187pt x 207.68617pt.

Underfull \hbox (badness 10000) in paragraph at lines 138--139

 []


Underfull \hbox (badness 10000) in paragraph at lines 140--141

 []


Underfull \hbox (badness 10000) in paragraph at lines 142--143

 []

[35 <./fotos/citus/terraform.png>]
\openout4 = `main.pyg'.

 (./build/_minted-main/6A5D45FB025A8EA803A1EC95B891F57924B26C4ACF56DA306AE470E70D5D5C05.pygtex)
<fotos/citus/foreig_key_error.png, id=420, 453.695pt x 144.54pt>
File: fotos/citus/foreig_key_error.png Graphic file (type png)
<use fotos/citus/foreig_key_error.png>
Package pdftex.def Info: fotos/citus/foreig_key_error.png  used on input line 161.
(pdftex.def)             Requested size: 471.86229pt x 150.32906pt.

Underfull \hbox (badness 10000) in paragraph at lines 166--167

 []

\openout4 = `main.pyg'.

(./build/_minted-main/23046977046B5C0593F4F72EBF284B8724B26C4ACF56DA306AE470E70D5D5C05.pygtex [36 <./fotos/citus/foreig_key_error.png>])
\openout4 = `main.pyg'.

 (./build/_minted-main/F7B3BBA810F347AA42BA46E11CC5A24724B26C4ACF56DA306AE470E70D5D5C05.pygtex)
<fotos/citus/table_sizes_and_distributed.png, id=429, 1350.04375pt x 227.85126pt>
File: fotos/citus/table_sizes_and_distributed.png Graphic file (type png)
<use fotos/citus/table_sizes_and_distributed.png>
Package pdftex.def Info: fotos/citus/table_sizes_and_distributed.png  used on input line 227.
(pdftex.def)             Requested size: 471.86229pt x 79.63786pt.
 [37 <./fotos/citus/table_sizes_and_distributed.png>]
Underfull \hbox (badness 10000) in paragraph at lines 236--237

 []

\openout4 = `main.pyg'.

(./build/_minted-main/2470CDA293C9D0FFA8566A731708DA83C9CDBA258BF65A7D0EAC682580266369.pygtex)
\openout4 = `main.pyg'.

 (./build/_minted-main/59BB68C63F44FB5D8DA3B07FF477A8E7C9CDBA258BF65A7D0EAC682580266369.pygtex)

Package hyperref Warning: Difference (2) between bookmark levels is greater 
(hyperref)                than one, level fixed on input line 274.

\openout4 = `main.pyg'.

(./build/_minted-main/FE8107F212D0C0AB9A8CF268F74AFF7A24B26C4ACF56DA306AE470E70D5D5C05.pygtex [38])
<fotos/citus/q1.png, id=452, 626.34pt x 804.00375pt>
File: fotos/citus/q1.png Graphic file (type png)
<use fotos/citus/q1.png>
Package pdftex.def Info: fotos/citus/q1.png  used on input line 287.
(pdftex.def)             Requested size: 209.7148pt x 269.19878pt.
\openout4 = `main.pyg'.

 (./build/_minted-main/066A53B6F2889C6DCA3621DB2CC495AA24B26C4ACF56DA306AE470E70D5D5C05.pygtex)
<fotos/citus/q2.png, id=453, 1292.83pt x 449.68pt>
File: fotos/citus/q2.png Graphic file (type png)
<use fotos/citus/q2.png>
Package pdftex.def Info: fotos/citus/q2.png  used on input line 313.
(pdftex.def)             Requested size: 367.0049pt x 127.65237pt.
 [39 <./fotos/citus/q1.png>]
\openout4 = `main.pyg'.

 (./build/_minted-main/0EB794B61EF1B645CBE8D8797FAFDCB224B26C4ACF56DA306AE470E70D5D5C05.pygtex)
<fotos/citus/q3.png, id=459, 814.04124pt x 159.59625pt>
File: fotos/citus/q3.png Graphic file (type png)
<use fotos/citus/q3.png>
Package pdftex.def Info: fotos/citus/q3.png  used on input line 347.
(pdftex.def)             Requested size: 367.0049pt x 71.95157pt.
\openout4 = `main.pyg'.

 (./build/_minted-main/A34F0F25E68CB500C7BB679B4FEBC2B924B26C4ACF56DA306AE470E70D5D5C05.pygtex [40 <./fotos/citus/q2.png> <./fotos/citus/q3.png>])
<fotos/citus/q4.png, id=466, 1792.6975pt x 225.84375pt>
File: fotos/citus/q4.png Graphic file (type png)
<use fotos/citus/q4.png>
Package pdftex.def Info: fotos/citus/q4.png  used on input line 409.
(pdftex.def)             Requested size: 471.86229pt x 59.4451pt.
\openout4 = `main.pyg'.

 (./build/_minted-main/12AD4ADB00BC31F6B4EACC9C6B54584924B26C4ACF56DA306AE470E70D5D5C05.pygtex [41 <./fotos/citus/q4.png>])
<fotos/citus/q5.png, id=472, 625.33624pt x 225.84375pt>
File: fotos/citus/q5.png Graphic file (type png)
<use fotos/citus/q5.png>
Package pdftex.def Info: fotos/citus/q5.png  used on input line 446.
(pdftex.def)             Requested size: 340.78854pt x 123.08067pt.
\openout4 = `main.pyg'.

 (./build/_minted-main/D79E458C7DCAF04997BDE9D4221136E088D243E0A0177F64A4816ECEDFCC371F.pygtex)
<fotos/citus/one_down_error.png, id=475, 1269.74374pt x 89.33376pt>
File: fotos/citus/one_down_error.png Graphic file (type png)
<use fotos/citus/one_down_error.png>
Package pdftex.def Info: fotos/citus/one_down_error.png  used on input line 466.
(pdftex.def)             Requested size: 419.43759pt x 29.51021pt.
<fotos/citus/one_down_error_but_no.png, id=476, 1270.7475pt x 209.78375pt>
File: fotos/citus/one_down_error_but_no.png Graphic file (type png)
<use fotos/citus/one_down_error_but_no.png>
Package pdftex.def Info: fotos/citus/one_down_error_but_no.png  used on input line 473.
(pdftex.def)             Requested size: 419.43759pt x 69.24484pt.
 [42 <./fotos/citus/q5.png> <./fotos/citus/one_down_error.png> <./fotos/citus/one_down_error_but_no.png>]
\openout4 = `main.pyg'.

 (./build/_minted-main/36875BAE912DDFB5B0415E156D14B52624B26C4ACF56DA306AE470E70D5D5C05.pygtex)
<fotos/citus/shard_rep_foreign_key_errro.png, id=487, 1886.04625pt x 180.675pt>
File: fotos/citus/shard_rep_foreign_key_errro.png Graphic file (type png)
<use fotos/citus/shard_rep_foreign_key_errro.png>
Package pdftex.def Info: fotos/citus/shard_rep_foreign_key_errro.png  used on input line 503.
(pdftex.def)             Requested size: 524.295pt x 50.22473pt.

Underfull \hbox (badness 10000) in paragraph at lines 508--509

 []

<fotos/citus/shard_tablas.png, id=490, 453.695pt x 77.28876pt>
File: fotos/citus/shard_tablas.png Graphic file (type png)
<use fotos/citus/shard_tablas.png>
Package pdftex.def Info: fotos/citus/shard_tablas.png  used on input line 514.
(pdftex.def)             Requested size: 367.0049pt x 62.52098pt.
<fotos/citus/shard_consulta.png, id=492, 453.695pt x 89.33376pt>
File: fotos/citus/shard_consulta.png Graphic file (type png)
<use fotos/citus/shard_consulta.png>
Package pdftex.def Info: fotos/citus/shard_consulta.png  used on input line 523.
(pdftex.def)             Requested size: 367.0049pt x 72.26451pt.
[43 <./fotos/citus/shard_rep_foreign_key_errro.png> <./fotos/citus/shard_tablas.png>]
Underfull \hbox (badness 10000) in paragraph at lines 530--531

 []

\openout4 = `main.pyg'.

(./build/_minted-main/4F12EACE489BF5AF61ED60CD1B42C1FE24B26C4ACF56DA306AE470E70D5D5C05.pygtex)
<fotos/citus/detalle_partido_columnar.png, id=504, 1523.6925pt x 711.65875pt>
File: fotos/citus/detalle_partido_columnar.png Graphic file (type png)
<use fotos/citus/detalle_partido_columnar.png>
Package pdftex.def Info: fotos/citus/detalle_partido_columnar.png  used on input line 548.
(pdftex.def)             Requested size: 524.295pt x 244.87099pt.
 [44 <./fotos/citus/shard_consulta.png> <./fotos/citus/detalle_partido_columnar.png>]
Underfull \hbox (badness 10000) in paragraph at lines 556--557

 []


Underfull \hbox (badness 10000) in paragraph at lines 586--587

 []

) [45]
\openout2 = `tex/mongo.aux'.

 (./tex/mongo.tex
\openout4 = `main.pyg'.

 (./build/_minted-main/47B577952380D668C36399B7F219881188D243E0A0177F64A4816ECEDFCC371F.pygtex)
\openout4 = `main.pyg'.

 (./build/_minted-main/C90584E0E874D4BA41E106DB659E805988D243E0A0177F64A4816ECEDFCC371F.pygtex [46



])
Underfull \hbox (badness 10000) in paragraph at lines 74--75

 []

\openout4 = `main.pyg'.

(./build/_minted-main/7CA7E556165F624C6FAE68EFDA0F530CF7086C70AF8BE1A93F7C8D91B8B9ED9C.pygtex) [47]
\openout4 = `main.pyg'.

 (./build/_minted-main/034AED35AC7F026672CC33B04963D753F7086C70AF8BE1A93F7C8D91B8B9ED9C.pygtex)
\openout4 = `main.pyg'.

 (./build/_minted-main/3A06AF3DA7D4242B717EADCFA2DB48F9F7086C70AF8BE1A93F7C8D91B8B9ED9C.pygtex) [48]
\openout4 = `main.pyg'.

 (./build/_minted-main/9573973201045AC8F257FA00FCFB57BF88D243E0A0177F64A4816ECEDFCC371F.pygtex [49])
\openout4 = `main.pyg'.

 (./build/_minted-main/397BAD0C745C183A0B13AA9F8A7F9B4D88D243E0A0177F64A4816ECEDFCC371F.pygtex)
\openout4 = `main.pyg'.

 (./build/_minted-main/9A9A4C09DA1504DB206F6A023D951DE788D243E0A0177F64A4816ECEDFCC371F.pygtex)
\openout4 = `main.pyg'.

 (./build/_minted-main/AE9946389108360EC95BFA413CA74DC121DAA1B5025470A0892FCD529E29BE74.pygtex [50])
\openout4 = `main.pyg'.

 (./build/_minted-main/043071B78F7C0544A37BEF515A39C38788D243E0A0177F64A4816ECEDFCC371F.pygtex)
\openout4 = `main.pyg'.

 (./build/_minted-main/F30BFFC5F0C37CF19FD36297892C0E0288D243E0A0177F64A4816ECEDFCC371F.pygtex)
\openout4 = `main.pyg'.

 (./build/_minted-main/BA7F42F5032333369DA1F4E48A6A273421DAA1B5025470A0892FCD529E29BE74.pygtex)
\openout4 = `main.pyg'.

 (./build/_minted-main/975495B63361B00AA87444AE087A9EA588D243E0A0177F64A4816ECEDFCC371F.pygtex)
\openout4 = `main.pyg'.

 (./build/_minted-main/8DB574F61670962FD04CF7A823E478EA88D243E0A0177F64A4816ECEDFCC371F.pygtex)
\openout4 = `main.pyg'.

 (./build/_minted-main/5F37EC10807FEC7A5F1FD5330F276BB188D243E0A0177F64A4816ECEDFCC371F.pygtex [51])
\openout4 = `main.pyg'.

 (./build/_minted-main/34D812B2D4F08D1E81B6FDB7887E171B88D243E0A0177F64A4816ECEDFCC371F.pygtex)
\openout4 = `main.pyg'.

 (./build/_minted-main/2144105A016CC6AEFAA2DA4E011A1F2921DAA1B5025470A0892FCD529E29BE74.pygtex)
\openout4 = `main.pyg'.

 (./build/_minted-main/624E8D342990A1D66141FABDF1358C0588D243E0A0177F64A4816ECEDFCC371F.pygtex)
\openout4 = `main.pyg'.

 (./build/_minted-main/E074F0D08E1AD437B9C7EE47B99FEF6988D243E0A0177F64A4816ECEDFCC371F.pygtex)
<fotos/mongo/matar_mongo.png, id=558, 324.21124pt x 268.00125pt>
File: fotos/mongo/matar_mongo.png Graphic file (type png)
<use fotos/mongo/matar_mongo.png>
Package pdftex.def Info: fotos/mongo/matar_mongo.png  used on input line 387.
(pdftex.def)             Requested size: 157.29008pt x 130.02133pt.
<fotos/mongo/lanzar_mongod.png, id=560, 783.92876pt x 522.95375pt>
File: fotos/mongo/lanzar_mongod.png Graphic file (type png)
<use fotos/mongo/lanzar_mongod.png>
Package pdftex.def Info: fotos/mongo/lanzar_mongod.png  used on input line 396.
(pdftex.def)             Requested size: 314.58018pt x 209.85605pt.
 [52 <./fotos/mongo/matar_mongo.png>]
Underfull \hbox (badness 10000) in paragraph at lines 404--405

 []

\openout4 = `main.pyg'.

(./build/_minted-main/00670B47F66B30EE63F9C13F378106EA24B26C4ACF56DA306AE470E70D5D5C05.pygtex [53 <./fotos/mongo/lanzar_mongod.png>] [54])
\openout4 = `main.pyg'.

 (./build/_minted-main/0E4938E1CA0D25FABA1A0067B4B0E029F5AD5461C861AC28E333CC5E1772F3C7.pygtex [55]) [56]
\openout4 = `main.pyg'.

 (./build/_minted-main/019EE6C93BBBD981CC6DFD7CFE0F6EBED885715E11B495472E6BC855555952C9.pygtex)
\openout4 = `main.pyg'.

 (./build/_minted-main/73E3079FC838995E559AEC676F8DE84688D243E0A0177F64A4816ECEDFCC371F.pygtex)
\openout4 = `main.pyg'.

 (./build/_minted-main/E125880898B44A55A05F09BEC1EE173CD885715E11B495472E6BC855555952C9.pygtex)
<fotos/mongo/chunks.png, id=587, 285.065pt x 505.89pt>
File: fotos/mongo/chunks.png Graphic file (type png)
<use fotos/mongo/chunks.png>
Package pdftex.def Info: fotos/mongo/chunks.png  used on input line 649.
(pdftex.def)             Requested size: 157.29008pt x 279.13579pt.
 [57 <./fotos/mongo/chunks.png>]
\openout4 = `main.pyg'.

 (./build/_minted-main/178D272CC6E8DB6501CD1DA17835C80AD885715E11B495472E6BC855555952C9.pygtex)
<fotos/mongo/q1.png, id=595, 1035.87pt x 494.84875pt>
File: fotos/mongo/q1.png Graphic file (type png)
<use fotos/mongo/q1.png>
Package pdftex.def Info: fotos/mongo/q1.png  used on input line 707.
(pdftex.def)             Requested size: 314.58018pt x 150.2755pt.
 [58 <./fotos/mongo/q1.png>]
\openout4 = `main.pyg'.

 (./build/_minted-main/A1DF3BA2EF7035F25E6D5A7FE89E94AFD885715E11B495472E6BC855555952C9.pygtex [59])
<fotos/mongo/q2.png, id=618, 749.80125pt x 1103.12125pt>
File: fotos/mongo/q2.png Graphic file (type png)
<use fotos/mongo/q2.png>
Package pdftex.def Info: fotos/mongo/q2.png  used on input line 795.
(pdftex.def)             Requested size: 235.93114pt x 347.09789pt.
 [60 <./fotos/mongo/q2.png>]
\openout4 = `main.pyg'.

 (./build/_minted-main/EDAAA300B8B1CD5F67201EE41E941385D885715E11B495472E6BC855555952C9.pygtex [61])
<fotos/mongo/q3.png, id=634, 316.18124pt x 366.36874pt>
File: fotos/mongo/q3.png Graphic file (type png)
<use fotos/mongo/q3.png>
Package pdftex.def Info: fotos/mongo/q3.png  used on input line 887.
(pdftex.def)             Requested size: 209.7148pt x 243.00603pt.
 [62 <./fotos/mongo/q3.png>]
\openout4 = `main.pyg'.

 (./build/_minted-main/95D62C469DD7A51E482E18DD063F8A73D885715E11B495472E6BC855555952C9.pygtex [63] [64] [65] [66] [67] [68] [69])
<fotos/mongo/q4.png, id=676, 310.15875pt x 730.73pt>
File: fotos/mongo/q4.png Graphic file (type png)
<use fotos/mongo/q4.png>
Package pdftex.def Info: fotos/mongo/q4.png  used on input line 1318.
(pdftex.def)             Requested size: 157.29008pt x 370.57117pt.
 [70 <./fotos/mongo/q4.png>]
\openout4 = `main.pyg'.

 (./build/_minted-main/1304FD08059D8CBFF045BDD65BDAAD55D885715E11B495472E6BC855555952C9.pygtex [71])
<fotos/mongo/q5.png, id=694, 421.575pt x 494.84875pt>
File: fotos/mongo/q5.png Graphic file (type png)
<use fotos/mongo/q5.png>
Package pdftex.def Info: fotos/mongo/q5.png  used on input line 1427.
(pdftex.def)             Requested size: 199.23465pt x 233.86258pt.
 [72 <./fotos/mongo/q5.png>]
\openout4 = `main.pyg'.

 (./build/_minted-main/8B864E5D6F815465A6299DF6FD715966D885715E11B495472E6BC855555952C9.pygtex)
<fotos/mongo/1_node_Error.png, id=701, 1087.06125pt x 161.60374pt>
File: fotos/mongo/1_node_Error.png Graphic file (type png)
<use fotos/mongo/1_node_Error.png>
Package pdftex.def Info: fotos/mongo/1_node_Error.png  used on input line 1449.
(pdftex.def)             Requested size: 471.86229pt x 70.14911pt.
<fotos/mongo/read_pref_default.png, id=703, 284.06125pt x 193.72375pt>
File: fotos/mongo/read_pref_default.png Graphic file (type png)
<use fotos/mongo/read_pref_default.png>
Package pdftex.def Info: fotos/mongo/read_pref_default.png  used on input line 1460.
(pdftex.def)             Requested size: 235.93114pt x 160.90594pt.
<fotos/mongo/Picture 1.png, id=704, 453.695pt x 375.4025pt>
File: fotos/mongo/Picture 1.png Graphic file (type png)
<use fotos/mongo/Picture 1.png>
Package pdftex.def Info: fotos/mongo/Picture 1.png  used on input line 1466.
(pdftex.def)             Requested size: 235.93114pt x 195.21614pt.

Underfull \hbox (badness 10000) in paragraph at lines 1473--1474

 []

<fotos/mongo/readPRefsResults.png, id=706, 1056.94875pt x 915.42pt>
File: fotos/mongo/readPRefsResults.png Graphic file (type png)
<use fotos/mongo/readPRefsResults.png>
Package pdftex.def Info: fotos/mongo/readPRefsResults.png  used on input line 1479.
(pdftex.def)             Requested size: 367.0049pt x 317.85959pt.
[73 <./fotos/mongo/1_node_Error.png> <./fotos/mongo/read_pref_default.png> <./fotos/mongo/Picture 1.png>]
<fotos/mongo/read_concerns.png, id=718, 800.9925pt x 749.80125pt>
File: fotos/mongo/read_concerns.png Graphic file (type png)
<use fotos/mongo/read_concerns.png>
Package pdftex.def Info: fotos/mongo/read_concerns.png  used on input line 1488.
(pdftex.def)             Requested size: 288.36385pt x 269.93968pt.
) [74 <./fotos/mongo/readPRefsResults.png> <./fotos/mongo/read_concerns.png>] [75]
\openout2 = `tex/neo.aux'.

 (./tex/neo.tex
Underfull \hbox (badness 10000) in paragraph at lines 3--4

 []

\openout4 = `main.pyg'.

(./build/_minted-main/CF5539DFEC0E9B2F6F5589A90987D92EEC34428F584CB2519C22CA58CE1CFF51.pygtex)
\openout4 = `main.pyg'.

 (./build/_minted-main/395B1CC141BD5A085D82DF7FBE349D50EC34428F584CB2519C22CA58CE1CFF51.pygtex)
\openout4 = `main.pyg'.

 (./build/_minted-main/E4A40C4664EFA5B581A8B4D4CF82E6D3EC34428F584CB2519C22CA58CE1CFF51.pygtex) [76



]
\openout4 = `main.pyg'.

 (./build/_minted-main/DC2BD947FD83468D00917197F24A5B91EC34428F584CB2519C22CA58CE1CFF51.pygtex)
\openout4 = `main.pyg'.

 (./build/_minted-main/3F853AE72AF9FDD54D5A32FA603BF260EC34428F584CB2519C22CA58CE1CFF51.pygtex)
Underfull \hbox (badness 10000) in paragraph at lines 87--88

 []

[77]
\openout4 = `main.pyg'.

 (./build/_minted-main/A5196A4A25084F486CD034BDA9B3B0EDEC34428F584CB2519C22CA58CE1CFF51.pygtex) [78]
\openout4 = `main.pyg'.

 (./build/_minted-main/C5E2098553D4B247BB3CB80ECEB4020FEC34428F584CB2519C22CA58CE1CFF51.pygtex)
Underfull \hbox (badness 10000) in paragraph at lines 188--189

 []


Underfull \hbox (badness 10000) in paragraph at lines 190--191

 []

[79]
Underfull \hbox (badness 10000) in paragraph at lines 194--195

 []

\openout4 = `main.pyg'.

(./build/_minted-main/A55E14AD8AA9AD0C1A7C2066E24F640AEC34428F584CB2519C22CA58CE1CFF51.pygtex)
<fotos/q1_neo.png, id=749, 400.49625pt x 445.665pt>
File: fotos/q1_neo.png Graphic file (type png)
<use fotos/q1_neo.png>
Package pdftex.def Info: fotos/q1_neo.png  used on input line 208.
(pdftex.def)             Requested size: 183.50644pt x 204.20595pt.
 [80 <./fotos/q1_neo.png>]
Underfull \hbox (badness 10000) in paragraph at lines 218--219

 []


Underfull \hbox (badness 10000) in paragraph at lines 226--227

 []

\openout4 = `main.pyg'.

(./build/_minted-main/054F8D5EC452E8216E224528C79929EDEC34428F584CB2519C22CA58CE1CFF51.pygtex)
<fotos/q2_neo.png, id=758, 472.01344pt x 504.38437pt>
File: fotos/q2_neo.png Graphic file (type png)
<use fotos/q2_neo.png>
Package pdftex.def Info: fotos/q2_neo.png  used on input line 251.
(pdftex.def)             Requested size: 235.93114pt x 252.1146pt.
 [81]
Underfull \hbox (badness 10000) in paragraph at lines 266--267

 []

[82 <./fotos/q2_neo.png>]
\openout4 = `main.pyg'.

 (./build/_minted-main/B81565BEA6DCD0C25455F8A82A9837C1EC34428F584CB2519C22CA58CE1CFF51.pygtex)
<fotos/q3_neo.png, id=771, 408.77719pt x 107.65219pt>
File: fotos/q3_neo.png Graphic file (type png)
<use fotos/q3_neo.png>
Package pdftex.def Info: fotos/q3_neo.png  used on input line 296.
(pdftex.def)             Requested size: 340.78854pt x 89.75209pt.

Underfull \hbox (badness 10000) in paragraph at lines 307--308

 []


Underfull \hbox (badness 10000) in paragraph at lines 309--310

 []

[83 <./fotos/q3_neo.png>]
Underfull \hbox (badness 10000) in paragraph at lines 318--319

 []

\openout4 = `main.pyg'.

(./build/_minted-main/DBDC63463387D71E3F72221B08F63260EC34428F584CB2519C22CA58CE1CFF51.pygtex [84])
<fotos/q4_neo.png, id=783, 1018.55531pt x 178.41656pt>
File: fotos/q4_neo.png Graphic file (type png)
<use fotos/q4_neo.png>
Package pdftex.def Info: fotos/q4_neo.png  used on input line 393.
(pdftex.def)             Requested size: 524.295pt x 91.84334pt.

Underfull \hbox (badness 10000) in paragraph at lines 404--405

 []

[85 <./fotos/q4_neo.png>]
Underfull \hbox (badness 10000) in paragraph at lines 406--407

 []

\openout4 = `main.pyg'.

(./build/_minted-main/DF378E1515A135D6C87E936EEF637DB4EC34428F584CB2519C22CA58CE1CFF51.pygtex)
<fotos/q5_neo.png, id=791, 197.98969pt x 179.92218pt>
File: fotos/q5_neo.png Graphic file (type png)
<use fotos/q5_neo.png>
Package pdftex.def Info: fotos/q5_neo.png  used on input line 432.
(pdftex.def)             Requested size: 131.07375pt x 119.11414pt.
) [86 <./fotos/q5_neo.png>] 
enddocument/afterlastpage: lastpage setting LastPage.
(build/main.aux (build/tex/compuesto.aux) (build/tex/json.aux) (build/tex/citus.aux) (build/tex/mongo.aux) (build/tex/neo.aux))
 ***********
LaTeX2e <2023-11-01> patch level 1
L3 programming layer <2020/03/25>
 ***********
Package rerunfilecheck Info: File `main.out' has not changed.
(rerunfilecheck)             Checksum: 982F7ED89E25D3F622A69EF382D1B6F8;50389.
runsystem(rm build//main.pyg)...executed.

 ) 
Here is how much of TeX's memory you used:
 37300 strings out of 474116
 811355 string characters out of 5743682
 2004187 words of memory out of 5000000
 58248 multiletter control sequences out of 15000+600000
 645027 words of font info for 405 fonts, out of 8000000 for 9000
 1141 hyphenation exceptions out of 8191
 90i,19n,93p,2761b,1372s stack positions out of 10000i,1000n,20000p,200000b,200000s
</usr/local/texlive/2024/texmf-dist/fonts/type1/public/amsfonts/cm/cmmi10.pfb></usr/local/texlive/2024/texmf-dist/fonts/type1/public/amsfonts/cm/cmsy10.pfb></usr/local/texlive/2024/texmf-dist/fonts/type1/public/mathpazo/fplmri.pfb></usr/local/texlive/2024/texmf-dist/fonts/type1/public/cm-super/sfit0900.pfb></usr/local/texlive/2024/texmf-dist/fonts/type1/public/cm-super/sftt0900.pfb></usr/local/texlive/2024/texmf-dist/fonts/type1/public/cm-super/sftt1095.pfb></usr/local/texlive/2024/texmf-dist/fonts/type1/urw/helvetic/uhvb8a.pfb></usr/local/texlive/2024/texmf-dist/fonts/type1/urw/helvetic/uhvbo8a.pfb></usr/local/texlive/2024/texmf-dist/fonts/type1/urw/helvetic/uhvr8a.pfb></usr/local/texlive/2024/texmf-dist/fonts/type1/urw/palatino/uplb8a.pfb></usr/local/texlive/2024/texmf-dist/fonts/type1/urw/palatino/uplr8a.pfb></usr/local/texlive/2024/texmf-dist/fonts/type1/urw/palatino/uplri8a.pfb>
Output written on build/main.pdf (86 pages, 5364495 bytes).
PDF statistics:
 910 PDF objects out of 1000 (max. 8388607)
 693 compressed objects within 7 object streams
 224 named destinations out of 1000 (max. 500000)
 100945 words of extra memory for PDF output out of 106986 (max. 10000000)

